Log file open, 10/10/19 14:00:05
LogWindows: Failed to load 'aqProf.dll' (GetLastError=126)
LogWindows: File 'aqProf.dll' does not exist
LogWindows: Failed to load 'VtuneApi.dll' (GetLastError=126)
LogWindows: File 'VtuneApi.dll' does not exist
LogWindows: Failed to load 'VtuneApi32e.dll' (GetLastError=126)
LogWindows: File 'VtuneApi32e.dll' does not exist
LogConsoleResponse: Display: Failed to find resolution value strings in scalability ini. Falling back to default.
LogInit: Display: Running engine for game: JonesEscape
LogPlatformFile: Not using cached read wrapper
LogTaskGraph: Started task graph with 5 named threads and 23 total threads with 3 sets of task threads.
LogStats: Stats thread started at 0.517188
LogD3D11RHI: Loaded GFSDK_Aftermath_Lib.x64.dll
LogICUInternationalization: ICU TimeZone Detection - Raw Offset: -5:00, Platform Override: ''
LogPluginManager: Mounting plugin Paper2D
LogPluginManager: Mounting plugin AISupport
LogPluginManager: Mounting plugin LightPropagationVolume
LogPluginManager: Mounting plugin ActorLayerUtilities
LogPluginManager: Mounting plugin AnimationSharing
LogPluginManager: Mounting plugin CLionSourceCodeAccess
LogPluginManager: Mounting plugin CodeLiteSourceCodeAccess
LogPluginManager: Mounting plugin GitSourceControl
LogPluginManager: Mounting plugin KDevelopSourceCodeAccess
LogPluginManager: Mounting plugin NullSourceCodeAccess
LogPluginManager: Mounting plugin PerforceSourceControl
LogPluginManager: Mounting plugin SubversionSourceControl
LogPluginManager: Mounting plugin UObjectPlugin
LogPluginManager: Mounting plugin VisualStudioCodeSourceCodeAccess
LogPluginManager: Mounting plugin VisualStudioSourceCodeAccess
LogPluginManager: Mounting plugin XCodeSourceCodeAccess
LogPluginManager: Mounting plugin AssetManagerEditor
LogPluginManager: Mounting plugin CryptoKeys
LogPluginManager: Mounting plugin CurveEditorTools
LogPluginManager: Mounting plugin DataValidation
LogPluginManager: Mounting plugin FacialAnimation
LogPluginManager: Mounting plugin GameplayTagsEditor
LogPluginManager: Mounting plugin MacGraphicsSwitching
LogPluginManager: Mounting plugin MaterialAnalyzer
LogPluginManager: Mounting plugin MobileLauncherProfileWizard
LogPluginManager: Mounting plugin PluginBrowser
LogPluginManager: Mounting plugin SpeedTreeImporter
LogPluginManager: Mounting plugin DatasmithContent
LogPluginManager: Mounting plugin VariantManagerContent
LogPluginManager: Mounting plugin AlembicImporter
LogPluginManager: Mounting plugin AutomationUtils
LogPluginManager: Mounting plugin BackChannel
LogPluginManager: Mounting plugin CharacterAI
LogPluginManager: Mounting plugin GeometryCache
LogPluginManager: Mounting plugin HTML5Networking
LogPluginManager: Mounting plugin PlatformCrypto
LogPluginManager: Mounting plugin ProxyLODPlugin
LogPluginManager: Mounting plugin SkeletalReduction
LogPluginManager: Mounting plugin MagicLeap
LogPluginManager: Mounting plugin MagicLeapMedia
LogPluginManager: Mounting plugin AndroidMedia
LogPluginManager: Mounting plugin AvfMedia
LogPluginManager: Mounting plugin ImgMedia
LogPluginManager: Mounting plugin MediaCompositing
LogPluginManager: Mounting plugin MediaPlayerEditor
LogPluginManager: Mounting plugin WebMMedia
LogPluginManager: Mounting plugin WmfMedia
LogPluginManager: Mounting plugin TcpMessaging
LogPluginManager: Mounting plugin UdpMessaging
LogPluginManager: Mounting plugin ActorSequence
LogPluginManager: Mounting plugin LevelSequenceEditor
LogPluginManager: Mounting plugin MatineeToLevelSequence
LogPluginManager: Mounting plugin NetcodeUnitTest
LogPluginManager: Mounting plugin NUTUnrealEngine4
LogPluginManager: Mounting plugin OnlineSubsystemGooglePlay
LogPluginManager: Mounting plugin OnlineSubsystemIOS
LogPluginManager: Mounting plugin OnlineSubsystem
LogPluginManager: Mounting plugin OnlineSubsystemNull
LogPluginManager: Mounting plugin OnlineSubsystemUtils
LogPluginManager: Mounting plugin LauncherChunkInstaller
LogPluginManager: Mounting plugin AndroidDeviceProfileSelector
LogPluginManager: Mounting plugin AndroidMoviePlayer
LogPluginManager: Mounting plugin AndroidPermission
LogPluginManager: Mounting plugin AppleImageUtils
LogPluginManager: Mounting plugin AppleMoviePlayer
LogPluginManager: Mounting plugin ArchVisCharacter
LogPluginManager: Mounting plugin AudioCapture
LogPluginManager: Mounting plugin CableComponent
LogPluginManager: Mounting plugin CustomMeshComponent
LogPluginManager: Mounting plugin EditableMesh
LogPluginManager: Mounting plugin ExampleDeviceProfileSelector
LogPluginManager: Mounting plugin GoogleCloudMessaging
LogPluginManager: Mounting plugin IOSDeviceProfileSelector
LogPluginManager: Mounting plugin LinuxDeviceProfileSelector
LogPluginManager: Mounting plugin LocationServicesBPLibrary
LogPluginManager: Mounting plugin MobilePatchingUtils
LogPluginManager: Mounting plugin OculusVR
LogPluginManager: Mounting plugin PhysXVehicles
LogPluginManager: Mounting plugin ProceduralMeshComponent
LogPluginManager: Mounting plugin RuntimePhysXCooking
LogPluginManager: Mounting plugin SignificanceManager
LogPluginManager: Mounting plugin SteamVR
LogPluginManager: Mounting plugin WebMMoviePlayer
LogPluginManager: Mounting plugin WindowsMoviePlayer
LogPluginManager: Mounting plugin ScreenshotTools
LogInit: Using libcurl 7.55.1-DEV
LogInit:  - built for x86_64-pc-win32
LogInit:  - supports SSL with OpenSSL/1.1.1
LogInit:  - supports HTTP deflate (compression) using libz 1.2.8
LogInit:  - other features:
LogInit:      CURL_VERSION_SSL
LogInit:      CURL_VERSION_LIBZ
LogInit:      CURL_VERSION_IPV6
LogInit:      CURL_VERSION_ASYNCHDNS
LogInit:      CURL_VERSION_LARGEFILE
LogInit:      CURL_VERSION_IDN
LogInit:  CurlRequestOptions (configurable via config and command line):
LogInit:  - bVerifyPeer = true  - Libcurl will verify peer certificate
LogInit:  - bUseHttpProxy = false  - Libcurl will NOT use HTTP proxy
LogInit:  - bDontReuseConnections = false  - Libcurl will reuse connections
LogInit:  - MaxHostConnections = 16  - Libcurl will limit the number of connections to a host
LogInit:  - LocalHostAddr = Default
LogInit:  - BufferSize = 65536
LogOnline: OSS: Creating online subsystem instance for: NULL
LogInit: WinSock: version 1.1 (2.2), MaxSocks=32767, MaxUdp=65467
LogInit: Build: ++UE4+Release-4.23-CL-8386587
LogInit: Engine Version: 4.23.0-8386587+++UE4+Release-4.23
LogInit: Compatible Engine Version: 4.23.0-8386587+++UE4+Release-4.23
LogInit: Net CL: 8386587
LogInit: OS: Windows 10 (Release 1903) (), CPU: Intel(R) Core(TM) i7-7700 CPU @ 3.60GHz, GPU: NVIDIA GeForce GTX 1070
LogInit: Compiled (64-bit): Aug 31 2019 02:04:44
LogInit: Compiled with Visual C++: 19.16.27030.01
LogInit: Build Configuration: Development
LogInit: Branch Name: ++UE4+Release-4.23
LogInit: Command Line: 
LogInit: Base Directory: C:/Program Files/Epic Games/UE_4.23/Engine/Binaries/Win64/
LogInit: Installed Engine Build: 1
LogDevObjectVersion: Number of dev versions registered: 23
LogDevObjectVersion:   Dev-Blueprints (B0D832E4-1F89-4F0D-ACCF-7EB736FD4AA2): 10
LogDevObjectVersion:   Dev-Build (E1C64328-A22C-4D53-A36C-8E866417BD8C): 0
LogDevObjectVersion:   Dev-Core (375EC13C-06E4-48FB-B500-84F0262A717E): 3
LogDevObjectVersion:   Dev-Editor (E4B068ED-F494-42E9-A231-DA0B2E46BB41): 34
LogDevObjectVersion:   Dev-Framework (CFFC743F-43B0-4480-9391-14DF171D2073): 35
LogDevObjectVersion:   Dev-Mobile (B02B49B5-BB20-44E9-A304-32B752E40360): 2
LogDevObjectVersion:   Dev-Networking (A4E4105C-59A1-49B5-A7C5-40C4547EDFEE): 0
LogDevObjectVersion:   Dev-Online (39C831C9-5AE6-47DC-9A44-9C173E1C8E7C): 0
LogDevObjectVersion:   Dev-Physics (78F01B33-EBEA-4F98-B9B4-84EACCB95AA2): 0
LogDevObjectVersion:   Dev-Platform (6631380F-2D4D-43E0-8009-CF276956A95A): 0
LogDevObjectVersion:   Dev-Rendering (12F88B9F-8875-4AFC-A67C-D90C383ABD29): 31
LogDevObjectVersion:   Dev-Sequencer (7B5AE74C-D270-4C10-A958-57980B212A5A): 11
LogDevObjectVersion:   Dev-VR (D7296918-1DD6-4BDD-9DE2-64A83CC13884): 2
LogDevObjectVersion:   Dev-LoadTimes (C2A15278-BFE7-4AFE-6C17-90FF531DF755): 1
LogDevObjectVersion:   Private-Geometry (6EACA3D4-40EC-4CC1-B786-8BED09428FC5): 3
LogDevObjectVersion:   Dev-AnimPhys (29E575DD-E0A3-4627-9D10-D276232CDCEA): 17
LogDevObjectVersion:   Dev-Anim (AF43A65D-7FD3-4947-9873-3E8ED9C1BB05): 2
LogDevObjectVersion:   Dev-ReflectionCapture (6B266CEC-1EC7-4B8F-A30B-E4D90942FC07): 1
LogDevObjectVersion:   Dev-Automation (0DF73D61-A23F-47EA-B727-89E90C41499A): 1
LogDevObjectVersion:   FortniteMain (601D1886-AC64-4F84-AA16-D3DE0DEAC7D6): 27
LogDevObjectVersion:   Dev-Enterprise (9DFFBCD6-494F-0158-E221-12823C92A888): 6
LogDevObjectVersion:   Dev-Niagara (F2AED0AC-9AFE-416F-8664-AA7FFA26D6FC): 1
LogDevObjectVersion:   Dev-Destruction (174F1F0B-B4C6-45A5-B13F-2EE8D0FB917D): 9
LogFileManager: Warning: Error deleting file: ../../../../../../Users/cjones4/Documents/GitHub/JonesEscape/Saved/Logs/JonesEscape-backup-2019.10.03-19.16.04.log (Error Code 5)
LogInit: Presizing for max 16777216 objects, including 0 objects not considered by GC, pre-allocating 0 bytes for permanent pool.
LogInit: Object subsystem initialized
LogConfig: Setting CVar [[con.DebugEarlyDefault:1]]
LogConfig: Setting CVar [[r.setres:1280x720]]
[2019.10.10-18.00.12:261][  0]LogConfig: Setting CVar [[r.VSync:0]]
[2019.10.10-18.00.12:261][  0]LogConfig: Setting CVar [[r.RHICmdBypass:0]]
[2019.10.10-18.00.12:261][  0]LogConfig: Applying CVar settings from Section [/Script/Engine.RendererSettings] File [C:/Users/cjones4/Documents/GitHub/JonesEscape/Saved/Config/Windows/Engine.ini]
[2019.10.10-18.00.12:261][  0]LogConfig: Setting CVar [[r.GPUCrashDebugging:0]]
[2019.10.10-18.00.12:261][  0]LogConfig: Applying CVar settings from Section [/Script/Engine.RendererOverrideSettings] File [C:/Users/cjones4/Documents/GitHub/JonesEscape/Saved/Config/Windows/Engine.ini]
[2019.10.10-18.00.12:261][  0]LogConfig: Applying CVar settings from Section [/Script/Engine.StreamingSettings] File [C:/Users/cjones4/Documents/GitHub/JonesEscape/Saved/Config/Windows/Engine.ini]
[2019.10.10-18.00.12:261][  0]LogConfig: Setting CVar [[s.MinBulkDataSizeForAsyncLoading:131072]]
[2019.10.10-18.00.12:261][  0]LogConfig: Setting CVar [[s.AsyncLoadingThreadEnabled:0]]
[2019.10.10-18.00.12:261][  0]LogConfig: Setting CVar [[s.EventDrivenLoaderEnabled:1]]
[2019.10.10-18.00.12:261][  0]LogConfig: Setting CVar [[s.WarnIfTimeLimitExceeded:0]]
[2019.10.10-18.00.12:261][  0]LogConfig: Setting CVar [[s.TimeLimitExceededMultiplier:1.5]]
[2019.10.10-18.00.12:261][  0]LogConfig: Setting CVar [[s.TimeLimitExceededMinTime:0.005]]
[2019.10.10-18.00.12:261][  0]LogConfig: Setting CVar [[s.UseBackgroundLevelStreaming:1]]
[2019.10.10-18.00.12:261][  0]LogConfig: Setting CVar [[s.PriorityAsyncLoadingExtraTime:15.0]]
[2019.10.10-18.00.12:261][  0]LogConfig: Setting CVar [[s.LevelStreamingActorsUpdateTimeLimit:5.0]]
[2019.10.10-18.00.12:261][  0]LogConfig: Setting CVar [[s.PriorityLevelStreamingActorsUpdateExtraTime:5.0]]
[2019.10.10-18.00.12:261][  0]LogConfig: Setting CVar [[s.LevelStreamingComponentsRegistrationGranularity:10]]
[2019.10.10-18.00.12:261][  0]LogConfig: Setting CVar [[s.UnregisterComponentsTimeLimit:1.0]]
[2019.10.10-18.00.12:261][  0]LogConfig: Setting CVar [[s.LevelStreamingComponentsUnregistrationGranularity:5]]
[2019.10.10-18.00.12:261][  0]LogConfig: Applying CVar settings from Section [/Script/Engine.GarbageCollectionSettings] File [C:/Users/cjones4/Documents/GitHub/JonesEscape/Saved/Config/Windows/Engine.ini]
[2019.10.10-18.00.12:261][  0]LogConfig: Setting CVar [[gc.MaxObjectsNotConsideredByGC:1]]
[2019.10.10-18.00.12:261][  0]LogConfig: Setting CVar [[gc.SizeOfPermanentObjectPool:0]]
[2019.10.10-18.00.12:261][  0]LogConfig: Setting CVar [[gc.FlushStreamingOnGC:0]]
[2019.10.10-18.00.12:261][  0]LogConfig: Setting CVar [[gc.NumRetriesBeforeForcingGC:10]]
[2019.10.10-18.00.12:261][  0]LogConfig: Setting CVar [[gc.AllowParallelGC:1]]
[2019.10.10-18.00.12:261][  0]LogConfig: Setting CVar [[gc.TimeBetweenPurgingPendingKillObjects:61.1]]
[2019.10.10-18.00.12:261][  0]LogConfig: Setting CVar [[gc.MaxObjectsInEditor:16777216]]
[2019.10.10-18.00.12:261][  0]LogConfig: Setting CVar [[gc.IncrementalBeginDestroyEnabled:1]]
[2019.10.10-18.00.12:261][  0]LogConfig: Setting CVar [[gc.CreateGCClusters:1]]
[2019.10.10-18.00.12:262][  0]LogConfig: Setting CVar [[gc.MinGCClusterSize:5]]
[2019.10.10-18.00.12:262][  0]LogConfig: Setting CVar [[gc.ActorClusteringEnabled:0]]
[2019.10.10-18.00.12:262][  0]LogConfig: Setting CVar [[gc.BlueprintClusteringEnabled:0]]
[2019.10.10-18.00.12:262][  0]LogConfig: Setting CVar [[gc.UseDisregardForGCOnDedicatedServers:0]]
[2019.10.10-18.00.12:262][  0]LogConfig: Applying CVar settings from Section [/Script/Engine.NetworkSettings] File [C:/Users/cjones4/Documents/GitHub/JonesEscape/Saved/Config/Windows/Engine.ini]
[2019.10.10-18.00.12:262][  0]LogConfig: Applying CVar settings from Section [/Script/UnrealEd.CookerSettings] File [C:/Users/cjones4/Documents/GitHub/JonesEscape/Saved/Config/Windows/Engine.ini]
[2019.10.10-18.00.12:264][  0]LogConfig: Applying CVar settings from Section [ViewDistanceQuality@3] File [C:/Users/cjones4/Documents/GitHub/JonesEscape/Saved/Config/Windows/Scalability.ini]
[2019.10.10-18.00.12:264][  0]LogConfig: Setting CVar [[r.SkeletalMeshLODBias:0]]
[2019.10.10-18.00.12:264][  0]LogConfig: Setting CVar [[r.ViewDistanceScale:1.0]]
[2019.10.10-18.00.12:265][  0]LogConfig: Applying CVar settings from Section [AntiAliasingQuality@3] File [C:/Users/cjones4/Documents/GitHub/JonesEscape/Saved/Config/Windows/Scalability.ini]
[2019.10.10-18.00.12:265][  0]LogConfig: Setting CVar [[r.PostProcessAAQuality:4]]
[2019.10.10-18.00.12:265][  0]LogConfig: Applying CVar settings from Section [ShadowQuality@3] File [C:/Users/cjones4/Documents/GitHub/JonesEscape/Saved/Config/Windows/Scalability.ini]
[2019.10.10-18.00.12:265][  0]LogConfig: Setting CVar [[r.LightFunctionQuality:1]]
[2019.10.10-18.00.12:265][  0]LogConfig: Setting CVar [[r.ShadowQuality:5]]
[2019.10.10-18.00.12:265][  0]LogConfig: Setting CVar [[r.Shadow.CSM.MaxCascades:10]]
[2019.10.10-18.00.12:265][  0]LogConfig: Setting CVar [[r.Shadow.MaxResolution:2048]]
[2019.10.10-18.00.12:265][  0]LogConfig: Setting CVar [[r.Shadow.MaxCSMResolution:2048]]
[2019.10.10-18.00.12:265][  0]LogConfig: Setting CVar [[r.Shadow.RadiusThreshold:0.01]]
[2019.10.10-18.00.12:265][  0]LogConfig: Setting CVar [[r.Shadow.DistanceScale:1.0]]
[2019.10.10-18.00.12:265][  0]LogConfig: Setting CVar [[r.Shadow.CSM.TransitionScale:1.0]]
[2019.10.10-18.00.12:265][  0]LogConfig: Setting CVar [[r.Shadow.PreShadowResolutionFactor:1.0]]
[2019.10.10-18.00.12:265][  0]LogConfig: Setting CVar [[r.DistanceFieldShadowing:1]]
[2019.10.10-18.00.12:265][  0]LogConfig: Setting CVar [[r.DistanceFieldAO:1]]
[2019.10.10-18.00.12:265][  0]LogConfig: Setting CVar [[r.AOQuality:2]]
[2019.10.10-18.00.12:265][  0]LogConfig: Setting CVar [[r.VolumetricFog:1]]
[2019.10.10-18.00.12:265][  0]LogConfig: Setting CVar [[r.VolumetricFog.GridPixelSize:8]]
[2019.10.10-18.00.12:265][  0]LogConfig: Setting CVar [[r.VolumetricFog.GridSizeZ:128]]
[2019.10.10-18.00.12:265][  0]LogConfig: Setting CVar [[r.VolumetricFog.HistoryMissSupersampleCount:4]]
[2019.10.10-18.00.12:265][  0]LogConfig: Setting CVar [[r.LightMaxDrawDistanceScale:1]]
[2019.10.10-18.00.12:265][  0]LogConfig: Setting CVar [[r.CapsuleShadows:1]]
[2019.10.10-18.00.12:265][  0]LogConfig: Applying CVar settings from Section [PostProcessQuality@3] File [C:/Users/cjones4/Documents/GitHub/JonesEscape/Saved/Config/Windows/Scalability.ini]
[2019.10.10-18.00.12:265][  0]LogConfig: Setting CVar [[r.MotionBlurQuality:4]]
[2019.10.10-18.00.12:265][  0]LogConfig: Setting CVar [[r.AmbientOcclusionMipLevelFactor:0.4]]
[2019.10.10-18.00.12:265][  0]LogConfig: Setting CVar [[r.AmbientOcclusionMaxQuality:100]]
[2019.10.10-18.00.12:265][  0]LogConfig: Setting CVar [[r.AmbientOcclusionLevels:-1]]
[2019.10.10-18.00.12:265][  0]LogConfig: Setting CVar [[r.AmbientOcclusionRadiusScale:1.0]]
[2019.10.10-18.00.12:265][  0]LogConfig: Setting CVar [[r.DepthOfFieldQuality:2]]
[2019.10.10-18.00.12:265][  0]LogConfig: Setting CVar [[r.RenderTargetPoolMin:400]]
[2019.10.10-18.00.12:265][  0]LogConfig: Setting CVar [[r.LensFlareQuality:2]]
[2019.10.10-18.00.12:265][  0]LogConfig: Setting CVar [[r.SceneColorFringeQuality:1]]
[2019.10.10-18.00.12:265][  0]LogConfig: Setting CVar [[r.EyeAdaptationQuality:2]]
[2019.10.10-18.00.12:265][  0]LogConfig: Setting CVar [[r.BloomQuality:5]]
[2019.10.10-18.00.12:265][  0]LogConfig: Setting CVar [[r.FastBlurThreshold:100]]
[2019.10.10-18.00.12:265][  0]LogConfig: Setting CVar [[r.Upscale.Quality:3]]
[2019.10.10-18.00.12:265][  0]LogConfig: Setting CVar [[r.Tonemapper.GrainQuantization:1]]
[2019.10.10-18.00.12:265][  0]LogConfig: Setting CVar [[r.LightShaftQuality:1]]
[2019.10.10-18.00.12:265][  0]LogConfig: Setting CVar [[r.Filter.SizeScale:1]]
[2019.10.10-18.00.12:265][  0]LogConfig: Setting CVar [[r.Tonemapper.Quality:5]]
[2019.10.10-18.00.12:265][  0]LogConfig: Setting CVar [[r.DOF.Gather.AccumulatorQuality:1        ; higher gathering accumulator quality]]
[2019.10.10-18.00.12:265][  0]LogConfig: Setting CVar [[r.DOF.Gather.PostfilterMethod:1          ; Median3x3 postfilering method]]
[2019.10.10-18.00.12:265][  0]LogConfig: Setting CVar [[r.DOF.Gather.EnableBokehSettings:0       ; no bokeh simulation when gathering]]
[2019.10.10-18.00.12:265][  0]LogConfig: Setting CVar [[r.DOF.Gather.RingCount:4                 ; medium number of samples when gathering]]
[2019.10.10-18.00.12:265][  0]LogConfig: Setting CVar [[r.DOF.Scatter.ForegroundCompositing:1    ; additive foreground scattering]]
[2019.10.10-18.00.12:265][  0]LogConfig: Setting CVar [[r.DOF.Scatter.BackgroundCompositing:2    ; additive background scattering]]
[2019.10.10-18.00.12:265][  0]LogConfig: Setting CVar [[r.DOF.Scatter.EnableBokehSettings:1      ; bokeh simulation when scattering]]
[2019.10.10-18.00.12:265][  0]LogConfig: Setting CVar [[r.DOF.Scatter.MaxSpriteRatio:0.1         ; only a maximum of 10% of scattered bokeh]]
[2019.10.10-18.00.12:265][  0]LogConfig: Setting CVar [[r.DOF.Recombine.Quality:1                ; cheap slight out of focus]]
[2019.10.10-18.00.12:265][  0]LogConfig: Setting CVar [[r.DOF.Recombine.EnableBokehSettings:0    ; no bokeh simulation on slight out of focus]]
[2019.10.10-18.00.12:265][  0]LogConfig: Setting CVar [[r.DOF.TemporalAAQuality:1                ; more stable temporal accumulation]]
[2019.10.10-18.00.12:265][  0]LogConfig: Setting CVar [[r.DOF.Kernel.MaxForegroundRadius:0.025]]
[2019.10.10-18.00.12:265][  0]LogConfig: Setting CVar [[r.DOF.Kernel.MaxBackgroundRadius:0.025]]
[2019.10.10-18.00.12:265][  0]LogConfig: Applying CVar settings from Section [TextureQuality@3] File [C:/Users/cjones4/Documents/GitHub/JonesEscape/Saved/Config/Windows/Scalability.ini]
[2019.10.10-18.00.12:265][  0]LogConfig: Setting CVar [[r.Streaming.MipBias:0]]
[2019.10.10-18.00.12:265][  0]LogConfig: Setting CVar [[r.Streaming.AmortizeCPUToGPUCopy:0]]
[2019.10.10-18.00.12:265][  0]LogConfig: Setting CVar [[r.Streaming.MaxNumTexturesToStreamPerFrame:0]]
[2019.10.10-18.00.12:265][  0]LogConfig: Setting CVar [[r.Streaming.Boost:1]]
[2019.10.10-18.00.12:265][  0]LogConfig: Setting CVar [[r.MaxAnisotropy:8]]
[2019.10.10-18.00.12:265][  0]LogConfig: Setting CVar [[r.Streaming.LimitPoolSizeToVRAM:0]]
[2019.10.10-18.00.12:265][  0]LogConfig: Setting CVar [[r.Streaming.PoolSize:1000]]
[2019.10.10-18.00.12:265][  0]LogConfig: Setting CVar [[r.Streaming.MaxEffectiveScreenSize:0]]
[2019.10.10-18.00.12:265][  0]LogConfig: Applying CVar settings from Section [EffectsQuality@3] File [C:/Users/cjones4/Documents/GitHub/JonesEscape/Saved/Config/Windows/Scalability.ini]
[2019.10.10-18.00.12:265][  0]LogConfig: Setting CVar [[r.TranslucencyLightingVolumeDim:64]]
[2019.10.10-18.00.12:265][  0]LogConfig: Setting CVar [[r.RefractionQuality:2]]
[2019.10.10-18.00.12:265][  0]LogConfig: Setting CVar [[r.SSR.Quality:3]]
[2019.10.10-18.00.12:265][  0]LogConfig: Setting CVar [[r.SceneColorFormat:4]]
[2019.10.10-18.00.12:265][  0]LogConfig: Setting CVar [[r.DetailMode:2]]
[2019.10.10-18.00.12:266][  0]LogConfig: Setting CVar [[r.TranslucencyVolumeBlur:1]]
[2019.10.10-18.00.12:266][  0]LogConfig: Setting CVar [[r.MaterialQualityLevel:1 ; High quality]]
[2019.10.10-18.00.12:266][  0]LogConfig: Setting CVar [[r.SSS.Scale:1]]
[2019.10.10-18.00.12:266][  0]LogConfig: Setting CVar [[r.SSS.SampleSet:2]]
[2019.10.10-18.00.12:266][  0]LogConfig: Setting CVar [[r.SSS.Quality:1]]
[2019.10.10-18.00.12:266][  0]LogConfig: Setting CVar [[r.SSS.HalfRes:1]]
[2019.10.10-18.00.12:266][  0]LogConfig: Setting CVar [[r.EmitterSpawnRateScale:1.0]]
[2019.10.10-18.00.12:266][  0]LogConfig: Setting CVar [[r.ParticleLightQuality:2]]
[2019.10.10-18.00.12:266][  0]LogConfig: Applying CVar settings from Section [FoliageQuality@3] File [C:/Users/cjones4/Documents/GitHub/JonesEscape/Saved/Config/Windows/Scalability.ini]
[2019.10.10-18.00.12:266][  0]LogConfig: Setting CVar [[foliage.DensityScale:1.0]]
[2019.10.10-18.00.12:266][  0]LogConfig: Setting CVar [[grass.DensityScale:1.0]]
[2019.10.10-18.00.12:266][  0]LogInit: Selected Device Profile: [Windows]
[2019.10.10-18.00.12:266][  0]LogInit: Applying CVar settings loaded from the selected device profile: [Windows]
[2019.10.10-18.00.12:300][  0]LogHAL: Display: Platform has ~ 32 GB [34301571072 / 34359738368 / 32], which maps to Largest [LargestMinGB=32, LargerMinGB=12, DefaultMinGB=8, SmallerMinGB=6, SmallestMinGB=0)
[2019.10.10-18.00.12:300][  0]LogInit: Going up to parent DeviceProfile []
[2019.10.10-18.00.12:300][  0]LogConfig: Applying CVar settings from Section [ViewDistanceQuality@3] File [C:/Users/cjones4/Documents/GitHub/JonesEscape/Saved/Config/Windows/Scalability.ini]
[2019.10.10-18.00.12:300][  0]LogConfig: Setting CVar [[r.SkeletalMeshLODBias:0]]
[2019.10.10-18.00.12:300][  0]LogConfig: Setting CVar [[r.ViewDistanceScale:1.0]]
[2019.10.10-18.00.12:300][  0]LogConfig: Applying CVar settings from Section [AntiAliasingQuality@3] File [C:/Users/cjones4/Documents/GitHub/JonesEscape/Saved/Config/Windows/Scalability.ini]
[2019.10.10-18.00.12:300][  0]LogConfig: Setting CVar [[r.PostProcessAAQuality:4]]
[2019.10.10-18.00.12:300][  0]LogConfig: Applying CVar settings from Section [ShadowQuality@3] File [C:/Users/cjones4/Documents/GitHub/JonesEscape/Saved/Config/Windows/Scalability.ini]
[2019.10.10-18.00.12:300][  0]LogConfig: Setting CVar [[r.LightFunctionQuality:1]]
[2019.10.10-18.00.12:300][  0]LogConfig: Setting CVar [[r.ShadowQuality:5]]
[2019.10.10-18.00.12:300][  0]LogConfig: Setting CVar [[r.Shadow.CSM.MaxCascades:10]]
[2019.10.10-18.00.12:300][  0]LogConfig: Setting CVar [[r.Shadow.MaxResolution:2048]]
[2019.10.10-18.00.12:300][  0]LogConfig: Setting CVar [[r.Shadow.MaxCSMResolution:2048]]
[2019.10.10-18.00.12:300][  0]LogConfig: Setting CVar [[r.Shadow.RadiusThreshold:0.01]]
[2019.10.10-18.00.12:300][  0]LogConfig: Setting CVar [[r.Shadow.DistanceScale:1.0]]
[2019.10.10-18.00.12:300][  0]LogConfig: Setting CVar [[r.Shadow.CSM.TransitionScale:1.0]]
[2019.10.10-18.00.12:300][  0]LogConfig: Setting CVar [[r.Shadow.PreShadowResolutionFactor:1.0]]
[2019.10.10-18.00.12:300][  0]LogConfig: Setting CVar [[r.DistanceFieldShadowing:1]]
[2019.10.10-18.00.12:300][  0]LogConfig: Setting CVar [[r.DistanceFieldAO:1]]
[2019.10.10-18.00.12:300][  0]LogConfig: Setting CVar [[r.AOQuality:2]]
[2019.10.10-18.00.12:300][  0]LogConfig: Setting CVar [[r.VolumetricFog:1]]
[2019.10.10-18.00.12:300][  0]LogConfig: Setting CVar [[r.VolumetricFog.GridPixelSize:8]]
[2019.10.10-18.00.12:300][  0]LogConfig: Setting CVar [[r.VolumetricFog.GridSizeZ:128]]
[2019.10.10-18.00.12:300][  0]LogConfig: Setting CVar [[r.VolumetricFog.HistoryMissSupersampleCount:4]]
[2019.10.10-18.00.12:300][  0]LogConfig: Setting CVar [[r.LightMaxDrawDistanceScale:1]]
[2019.10.10-18.00.12:300][  0]LogConfig: Setting CVar [[r.CapsuleShadows:1]]
[2019.10.10-18.00.12:300][  0]LogConfig: Applying CVar settings from Section [PostProcessQuality@3] File [C:/Users/cjones4/Documents/GitHub/JonesEscape/Saved/Config/Windows/Scalability.ini]
[2019.10.10-18.00.12:300][  0]LogConfig: Setting CVar [[r.MotionBlurQuality:4]]
[2019.10.10-18.00.12:300][  0]LogConfig: Setting CVar [[r.AmbientOcclusionMipLevelFactor:0.4]]
[2019.10.10-18.00.12:300][  0]LogConfig: Setting CVar [[r.AmbientOcclusionMaxQuality:100]]
[2019.10.10-18.00.12:300][  0]LogConfig: Setting CVar [[r.AmbientOcclusionLevels:-1]]
[2019.10.10-18.00.12:300][  0]LogConfig: Setting CVar [[r.AmbientOcclusionRadiusScale:1.0]]
[2019.10.10-18.00.12:300][  0]LogConfig: Setting CVar [[r.DepthOfFieldQuality:2]]
[2019.10.10-18.00.12:300][  0]LogConfig: Setting CVar [[r.RenderTargetPoolMin:400]]
[2019.10.10-18.00.12:300][  0]LogConfig: Setting CVar [[r.LensFlareQuality:2]]
[2019.10.10-18.00.12:300][  0]LogConfig: Setting CVar [[r.SceneColorFringeQuality:1]]
[2019.10.10-18.00.12:300][  0]LogConfig: Setting CVar [[r.EyeAdaptationQuality:2]]
[2019.10.10-18.00.12:300][  0]LogConfig: Setting CVar [[r.BloomQuality:5]]
[2019.10.10-18.00.12:300][  0]LogConfig: Setting CVar [[r.FastBlurThreshold:100]]
[2019.10.10-18.00.12:300][  0]LogConfig: Setting CVar [[r.Upscale.Quality:3]]
[2019.10.10-18.00.12:300][  0]LogConfig: Setting CVar [[r.Tonemapper.GrainQuantization:1]]
[2019.10.10-18.00.12:300][  0]LogConfig: Setting CVar [[r.LightShaftQuality:1]]
[2019.10.10-18.00.12:300][  0]LogConfig: Setting CVar [[r.Filter.SizeScale:1]]
[2019.10.10-18.00.12:300][  0]LogConfig: Setting CVar [[r.Tonemapper.Quality:5]]
[2019.10.10-18.00.12:300][  0]LogConfig: Setting CVar [[r.DOF.Gather.AccumulatorQuality:1        ; higher gathering accumulator quality]]
[2019.10.10-18.00.12:300][  0]LogConfig: Setting CVar [[r.DOF.Gather.PostfilterMethod:1          ; Median3x3 postfilering method]]
[2019.10.10-18.00.12:300][  0]LogConfig: Setting CVar [[r.DOF.Gather.EnableBokehSettings:0       ; no bokeh simulation when gathering]]
[2019.10.10-18.00.12:300][  0]LogConfig: Setting CVar [[r.DOF.Gather.RingCount:4                 ; medium number of samples when gathering]]
[2019.10.10-18.00.12:300][  0]LogConfig: Setting CVar [[r.DOF.Scatter.ForegroundCompositing:1    ; additive foreground scattering]]
[2019.10.10-18.00.12:300][  0]LogConfig: Setting CVar [[r.DOF.Scatter.BackgroundCompositing:2    ; additive background scattering]]
[2019.10.10-18.00.12:300][  0]LogConfig: Setting CVar [[r.DOF.Scatter.EnableBokehSettings:1      ; bokeh simulation when scattering]]
[2019.10.10-18.00.12:300][  0]LogConfig: Setting CVar [[r.DOF.Scatter.MaxSpriteRatio:0.1         ; only a maximum of 10% of scattered bokeh]]
[2019.10.10-18.00.12:300][  0]LogConfig: Setting CVar [[r.DOF.Recombine.Quality:1                ; cheap slight out of focus]]
[2019.10.10-18.00.12:300][  0]LogConfig: Setting CVar [[r.DOF.Recombine.EnableBokehSettings:0    ; no bokeh simulation on slight out of focus]]
[2019.10.10-18.00.12:300][  0]LogConfig: Setting CVar [[r.DOF.TemporalAAQuality:1                ; more stable temporal accumulation]]
[2019.10.10-18.00.12:301][  0]LogConfig: Setting CVar [[r.DOF.Kernel.MaxForegroundRadius:0.025]]
[2019.10.10-18.00.12:301][  0]LogConfig: Setting CVar [[r.DOF.Kernel.MaxBackgroundRadius:0.025]]
[2019.10.10-18.00.12:301][  0]LogConfig: Applying CVar settings from Section [TextureQuality@3] File [C:/Users/cjones4/Documents/GitHub/JonesEscape/Saved/Config/Windows/Scalability.ini]
[2019.10.10-18.00.12:301][  0]LogConfig: Setting CVar [[r.Streaming.MipBias:0]]
[2019.10.10-18.00.12:301][  0]LogConfig: Setting CVar [[r.Streaming.AmortizeCPUToGPUCopy:0]]
[2019.10.10-18.00.12:301][  0]LogConfig: Setting CVar [[r.Streaming.MaxNumTexturesToStreamPerFrame:0]]
[2019.10.10-18.00.12:301][  0]LogConfig: Setting CVar [[r.Streaming.Boost:1]]
[2019.10.10-18.00.12:301][  0]LogConfig: Setting CVar [[r.MaxAnisotropy:8]]
[2019.10.10-18.00.12:301][  0]LogConfig: Setting CVar [[r.Streaming.LimitPoolSizeToVRAM:0]]
[2019.10.10-18.00.12:301][  0]LogConfig: Setting CVar [[r.Streaming.PoolSize:1000]]
[2019.10.10-18.00.12:301][  0]LogConfig: Setting CVar [[r.Streaming.MaxEffectiveScreenSize:0]]
[2019.10.10-18.00.12:301][  0]LogConfig: Applying CVar settings from Section [EffectsQuality@3] File [C:/Users/cjones4/Documents/GitHub/JonesEscape/Saved/Config/Windows/Scalability.ini]
[2019.10.10-18.00.12:301][  0]LogConfig: Setting CVar [[r.TranslucencyLightingVolumeDim:64]]
[2019.10.10-18.00.12:301][  0]LogConfig: Setting CVar [[r.RefractionQuality:2]]
[2019.10.10-18.00.12:301][  0]LogConfig: Setting CVar [[r.SSR.Quality:3]]
[2019.10.10-18.00.12:301][  0]LogConfig: Setting CVar [[r.SceneColorFormat:4]]
[2019.10.10-18.00.12:301][  0]LogConfig: Setting CVar [[r.DetailMode:2]]
[2019.10.10-18.00.12:301][  0]LogConfig: Setting CVar [[r.TranslucencyVolumeBlur:1]]
[2019.10.10-18.00.12:301][  0]LogConfig: Setting CVar [[r.MaterialQualityLevel:1 ; High quality]]
[2019.10.10-18.00.12:301][  0]LogConfig: Setting CVar [[r.SSS.Scale:1]]
[2019.10.10-18.00.12:301][  0]LogConfig: Setting CVar [[r.SSS.SampleSet:2]]
[2019.10.10-18.00.12:301][  0]LogConfig: Setting CVar [[r.SSS.Quality:1]]
[2019.10.10-18.00.12:301][  0]LogConfig: Setting CVar [[r.SSS.HalfRes:1]]
[2019.10.10-18.00.12:301][  0]LogConfig: Setting CVar [[r.EmitterSpawnRateScale:1.0]]
[2019.10.10-18.00.12:301][  0]LogConfig: Setting CVar [[r.ParticleLightQuality:2]]
[2019.10.10-18.00.12:301][  0]LogConfig: Applying CVar settings from Section [FoliageQuality@3] File [C:/Users/cjones4/Documents/GitHub/JonesEscape/Saved/Config/Windows/Scalability.ini]
[2019.10.10-18.00.12:301][  0]LogConfig: Setting CVar [[foliage.DensityScale:1.0]]
[2019.10.10-18.00.12:301][  0]LogConfig: Setting CVar [[grass.DensityScale:1.0]]
[2019.10.10-18.00.12:301][  0]LogConfig: Applying CVar settings from Section [Startup] File [../../../Engine/Config/ConsoleVariables.ini]
[2019.10.10-18.00.12:315][  0]LogConfig: Setting CVar [[net.UseAdaptiveNetUpdateFrequency:0]]
[2019.10.10-18.00.12:315][  0]LogConfig: Setting CVar [[p.chaos.AllowCreatePhysxBodies:1]]
[2019.10.10-18.00.12:315][  0]LogConfig: Applying CVar settings from Section [ConsoleVariables] File [C:/Users/cjones4/Documents/GitHub/JonesEscape/Saved/Config/Windows/Engine.ini]
[2019.10.10-18.00.12:315][  0]LogInit: Computer: NQSCGL-MSI-12
[2019.10.10-18.00.12:315][  0]LogInit: User: cjones4
[2019.10.10-18.00.12:315][  0]LogInit: CPU Page size=4096, Cores=4
[2019.10.10-18.00.12:315][  0]LogInit: High frequency timer resolution =10.000000 MHz
[2019.10.10-18.00.12:315][  0]LogMemory: Memory total: Physical=31.9GB (32GB approx)
[2019.10.10-18.00.12:315][  0]LogMemory: Platform Memory Stats for Windows
[2019.10.10-18.00.12:315][  0]LogMemory: Process Physical Memory: 100.24 MB used, 100.25 MB peak
[2019.10.10-18.00.12:315][  0]LogMemory: Process Virtual Memory: 88.41 MB used, 88.41 MB peak
[2019.10.10-18.00.12:315][  0]LogMemory: Physical Memory: 5718.77 MB used,  26993.75 MB free, 32712.53 MB total
[2019.10.10-18.00.12:315][  0]LogMemory: Virtual Memory: 4656.52 MB used,  134213072.00 MB free, 134217728.00 MB total
[2019.10.10-18.00.12:349][  0]LogWindows: WindowsPlatformFeatures enabled
[2019.10.10-18.00.13:513][  0]LogInit: Using OS detected language (en-US).
[2019.10.10-18.00.13:513][  0]LogInit: Using OS detected locale (en-US).
[2019.10.10-18.00.13:514][  0]LogTextLocalizationManager: No specific localization for 'en-US' exists, so the 'en' localization will be used.
[2019.10.10-18.00.14:509][  0]LogInit: Setting process to per monitor DPI aware
[2019.10.10-18.00.14:913][  0]LogSlate: New Slate User Created.  User Index 0, Is Virtual User: 0
[2019.10.10-18.00.14:913][  0]LogSlate: Slate User Registered.  User Index 0, Is Virtual User: 0
[2019.10.10-18.00.17:028][  0]LogHMD: Failed to initialize OpenVR with code 110
[2019.10.10-18.00.17:028][  0]LogD3D11RHI: D3D11 adapters:
[2019.10.10-18.00.17:136][  0]LogD3D11RHI:    0. 'NVIDIA GeForce GTX 1070' (Feature Level 11_0)
[2019.10.10-18.00.17:136][  0]LogD3D11RHI:       8088/0/16356 MB DedicatedVideo/DedicatedSystem/SharedSystem, Outputs:1, VendorId:0x10de
[2019.10.10-18.00.17:138][  0]LogD3D11RHI:    1. 'Microsoft Basic Render Driver' (Feature Level 11_0)
[2019.10.10-18.00.17:138][  0]LogD3D11RHI:       0/0/16356 MB DedicatedVideo/DedicatedSystem/SharedSystem, Outputs:0, VendorId:0x1414
[2019.10.10-18.00.17:138][  0]LogD3D11RHI: Chosen D3D11 Adapter: 0
[2019.10.10-18.00.17:145][  0]LogD3D11RHI: Creating new Direct3DDevice
[2019.10.10-18.00.17:145][  0]LogD3D11RHI:     GPU DeviceId: 0x1b81 (for the marketing name, search the web for "GPU Device Id")
[2019.10.10-18.00.17:145][  0]LogWindows: EnumDisplayDevices:
[2019.10.10-18.00.17:145][  0]LogWindows:    0. 'NVIDIA GeForce GTX 1070' (P:1 D:1)
[2019.10.10-18.00.17:146][  0]LogWindows:    1. 'NVIDIA GeForce GTX 1070' (P:0 D:0)
[2019.10.10-18.00.17:147][  0]LogWindows:    2. 'NVIDIA GeForce GTX 1070' (P:0 D:0)
[2019.10.10-18.00.17:147][  0]LogWindows:    3. 'NVIDIA GeForce GTX 1070' (P:0 D:0)
[2019.10.10-18.00.17:147][  0]LogWindows: DebugString: FoundDriverCount:4 
[2019.10.10-18.00.17:147][  0]LogD3D11RHI:     Adapter Name: NVIDIA GeForce GTX 1070
[2019.10.10-18.00.17:147][  0]LogD3D11RHI:   Driver Version: 430.86 (internal:26.21.14.3086, unified:430.86)
[2019.10.10-18.00.17:147][  0]LogD3D11RHI:      Driver Date: 5-22-2019
[2019.10.10-18.00.17:147][  0]LogRHI: Texture pool is 5661 MB (70% of 8088 MB)
[2019.10.10-18.00.17:188][  0]LogD3D11RHI: Async texture creation enabled
[2019.10.10-18.00.17:203][  0]LogD3D11RHI: GPU Timing Frequency: 1000.000000 (Debug: 2 1)
[2019.10.10-18.00.18:760][  0]LogTemp: Display: Module 'AllDesktopTargetPlatform' loaded TargetPlatform 'AllDesktop'
[2019.10.10-18.00.18:916][  0]LogTemp: Display: Module 'MacClientTargetPlatform' loaded TargetPlatform 'MacClient'
[2019.10.10-18.00.19:064][  0]LogTemp: Display: Module 'MacNoEditorTargetPlatform' loaded TargetPlatform 'MacNoEditor'
[2019.10.10-18.00.19:163][  0]LogTemp: Display: Module 'MacServerTargetPlatform' loaded TargetPlatform 'MacServer'
[2019.10.10-18.00.19:318][  0]LogTemp: Display: Module 'MacTargetPlatform' loaded TargetPlatform 'Mac'
[2019.10.10-18.00.19:395][  0]LogTemp: Display: Module 'WindowsClientTargetPlatform' loaded TargetPlatform 'WindowsClient'
[2019.10.10-18.00.19:486][  0]LogTemp: Display: Module 'WindowsNoEditorTargetPlatform' loaded TargetPlatform 'WindowsNoEditor'
[2019.10.10-18.00.19:583][  0]LogTemp: Display: Module 'WindowsServerTargetPlatform' loaded TargetPlatform 'WindowsServer'
[2019.10.10-18.00.19:727][  0]LogTemp: Display: Module 'WindowsTargetPlatform' loaded TargetPlatform 'Windows'
[2019.10.10-18.00.19:885][  0]LogTemp: Display: Module 'AndroidTargetPlatform' loaded TargetPlatform 'Android'
[2019.10.10-18.00.19:885][  0]LogTemp: Display: Module 'AndroidTargetPlatform' loaded TargetPlatform 'Android_ASTC'
[2019.10.10-18.00.19:885][  0]LogTemp: Display: Module 'AndroidTargetPlatform' loaded TargetPlatform 'Android_ATC'
[2019.10.10-18.00.19:885][  0]LogTemp: Display: Module 'AndroidTargetPlatform' loaded TargetPlatform 'Android_DXT'
[2019.10.10-18.00.19:885][  0]LogTemp: Display: Module 'AndroidTargetPlatform' loaded TargetPlatform 'Android_ETC1'
[2019.10.10-18.00.19:885][  0]LogTemp: Display: Module 'AndroidTargetPlatform' loaded TargetPlatform 'Android_ETC1a'
[2019.10.10-18.00.19:885][  0]LogTemp: Display: Module 'AndroidTargetPlatform' loaded TargetPlatform 'Android_ETC2'
[2019.10.10-18.00.19:886][  0]LogTemp: Display: Module 'AndroidTargetPlatform' loaded TargetPlatform 'Android_PVRTC'
[2019.10.10-18.00.19:886][  0]LogTemp: Display: Module 'AndroidTargetPlatform' loaded TargetPlatform 'AndroidClient'
[2019.10.10-18.00.19:886][  0]LogTemp: Display: Module 'AndroidTargetPlatform' loaded TargetPlatform 'Android_ASTCClient'
[2019.10.10-18.00.19:886][  0]LogTemp: Display: Module 'AndroidTargetPlatform' loaded TargetPlatform 'Android_ATCClient'
[2019.10.10-18.00.19:886][  0]LogTemp: Display: Module 'AndroidTargetPlatform' loaded TargetPlatform 'Android_DXTClient'
[2019.10.10-18.00.19:886][  0]LogTemp: Display: Module 'AndroidTargetPlatform' loaded TargetPlatform 'Android_ETC1Client'
[2019.10.10-18.00.19:886][  0]LogTemp: Display: Module 'AndroidTargetPlatform' loaded TargetPlatform 'Android_ETC1aClient'
[2019.10.10-18.00.19:886][  0]LogTemp: Display: Module 'AndroidTargetPlatform' loaded TargetPlatform 'Android_ETC2Client'
[2019.10.10-18.00.19:886][  0]LogTemp: Display: Module 'AndroidTargetPlatform' loaded TargetPlatform 'Android_PVRTCClient'
[2019.10.10-18.00.19:886][  0]LogTemp: Display: Module 'AndroidTargetPlatform' loaded TargetPlatform 'Android_Multi'
[2019.10.10-18.00.19:886][  0]LogTemp: Display: Module 'AndroidTargetPlatform' loaded TargetPlatform 'Android_MultiClient'
[2019.10.10-18.00.20:014][  0]LogTemp: Display: Module 'HTML5TargetPlatform' loaded TargetPlatform 'HTML5'
[2019.10.10-18.00.20:423][  0]LogTemp: Display: Module 'IOSTargetPlatform' loaded TargetPlatform 'IOSClient'
[2019.10.10-18.00.20:423][  0]LogTemp: Display: Module 'IOSTargetPlatform' loaded TargetPlatform 'IOS'
[2019.10.10-18.00.20:503][  0]LogTemp: Display: Module 'TVOSTargetPlatform' loaded TargetPlatform 'TVOSClient'
[2019.10.10-18.00.20:503][  0]LogTemp: Display: Module 'TVOSTargetPlatform' loaded TargetPlatform 'TVOS'
[2019.10.10-18.00.20:670][  0]LogTemp: Display: Module 'LinuxClientTargetPlatform' loaded TargetPlatform 'LinuxClient'
[2019.10.10-18.00.20:821][  0]LogTemp: Display: Module 'LinuxNoEditorTargetPlatform' loaded TargetPlatform 'LinuxNoEditor'
[2019.10.10-18.00.20:960][  0]LogTemp: Display: Module 'LinuxServerTargetPlatform' loaded TargetPlatform 'LinuxServer'
[2019.10.10-18.00.21:119][  0]LogTemp: Display: Module 'LinuxTargetPlatform' loaded TargetPlatform 'Linux'
[2019.10.10-18.00.21:266][  0]LogTemp: Display: Module 'LuminTargetPlatform' loaded TargetPlatform 'Lumin'
[2019.10.10-18.00.21:266][  0]LogTemp: Display: Module 'LuminTargetPlatform' loaded TargetPlatform 'LuminClient'
[2019.10.10-18.00.21:266][  0]LogTargetPlatformManager: Display: Building Assets For Windows
[2019.10.10-18.00.21:657][  0]LogAudioDebug: Display: Lib vorbis DLL was dynamically loaded.
[2019.10.10-18.00.24:829][  0]LogShaderCompilers: Guid format shader working directory is -12 characters bigger than the processId version (../../../../../../Users/cjones4/Documents/GitHub/JonesEscape/Intermediate/Shaders/WorkingDirectory/2108/).
[2019.10.10-18.00.24:830][  0]LogShaderCompilers: Cleaned the shader compiler working directory 'C:/Users/cjones4/AppData/Local/Temp/UnrealShaderWorkingDir/4F9FFC124D8F59A8A85F86804B05EC1E/'.
[2019.10.10-18.00.24:832][  0]LogXGEController: Cannot use XGE Controller as Incredibuild is not installed on this machine.
[2019.10.10-18.00.24:832][  0]LogShaderCompilers: Cannot use XGE Shader Compiler as Incredibuild is not installed on this machine.
[2019.10.10-18.00.24:832][  0]LogShaderCompilers: Display: Using Local Shader Compiler.
[2019.10.10-18.00.30:140][  0]LogDerivedDataCache: Display: Max Cache Size: 512 MB
[2019.10.10-18.00.31:208][  0]LogDerivedDataCache: Loaded boot cache 1.05s 73MB C:/Users/cjones4/AppData/Local/UnrealEngine/4.23/DerivedDataCache/Boot.ddc.
[2019.10.10-18.00.31:208][  0]LogDerivedDataCache: Display: Loaded Boot cache: C:/Users/cjones4/AppData/Local/UnrealEngine/4.23/DerivedDataCache/Boot.ddc
[2019.10.10-18.00.31:208][  0]LogDerivedDataCache: FDerivedDataBackendGraph:  Pak pak cache file ../../../../../../Users/cjones4/Documents/GitHub/JonesEscape/DerivedDataCache/DDC.ddp not found, will not use a pak cache.
[2019.10.10-18.00.31:208][  0]LogDerivedDataCache: Unable to find inner node Pak for hierarchical cache Hierarchy.
[2019.10.10-18.00.31:208][  0]LogDerivedDataCache: FDerivedDataBackendGraph:  CompressedPak pak cache file ../../../../../../Users/cjones4/Documents/GitHub/JonesEscape/DerivedDataCache/Compressed.ddp not found, will not use a pak cache.
[2019.10.10-18.00.31:208][  0]LogDerivedDataCache: Unable to find inner node CompressedPak for hierarchical cache Hierarchy.
[2019.10.10-18.00.31:479][  0]LogDerivedDataCache: Display: Pak cache opened for reading ../../../Engine/DerivedDataCache/Compressed.ddp.
[2019.10.10-18.00.31:479][  0]LogDerivedDataCache: FDerivedDataBackendGraph:  EnterprisePak pak cache file ../../../Enterprise/DerivedDataCache/Compressed.ddp not found, will not use a pak cache.
[2019.10.10-18.00.31:479][  0]LogDerivedDataCache: Unable to find inner node EnterprisePak for hierarchical cache Hierarchy.
[2019.10.10-18.00.31:481][  0]LogDerivedDataCache: Using Local data cache path C:/Users/cjones4/AppData/Local/UnrealEngine/Common/DerivedDataCache: Writable
[2019.10.10-18.00.31:481][  0]LogDerivedDataCache: Shared data cache path not found in *engine.ini, will not use an Shared cache.
[2019.10.10-18.00.31:481][  0]LogDerivedDataCache: Unable to find inner node Shared for hierarchical cache Hierarchy.
[2019.10.10-18.00.31:504][  0]LogMaterial: Verifying Global Shaders for PCD3D_SM5
[2019.10.10-18.00.31:506][  0]LogSlate: Using FreeType 2.6.0
[2019.10.10-18.00.31:528][  0]LogSlate: SlateFontServices - WITH_FREETYPE: 1, WITH_HARFBUZZ: 1
[2019.10.10-18.00.34:122][  0]LogAssetRegistry: FAssetRegistry took 0.0022 seconds to start up
[2019.10.10-18.00.34:583][  0]LogInit: Selected Device Profile: [Windows]
[2019.10.10-18.00.38:317][  0]LogMeshReduction: Using QuadricMeshReduction for automatic static mesh reduction
[2019.10.10-18.00.38:317][  0]LogMeshReduction: Using SimplygonMeshReduction for automatic skeletal mesh reduction
[2019.10.10-18.00.38:317][  0]LogMeshReduction: Using ProxyLODMeshReduction for automatic mesh merging
[2019.10.10-18.00.38:317][  0]LogMeshReduction: No distributed automatic mesh merging module available
[2019.10.10-18.00.38:317][  0]LogMeshMerging: No distributed automatic mesh merging module available
[2019.10.10-18.00.38:608][  0]LogNetVersion: JonesEscape 1.0.0, NetCL: 8386587, EngineNetVer: 11, GameNetVer: 0 (Checksum: 1339849860)
[2019.10.10-18.00.42:077][  0]LogPackageLocalizationCache: Processed 12 localized package path(s) for 1 prioritized culture(s) in 0.042018 seconds
[2019.10.10-18.00.42:083][  0]LogUObjectArray: 43444 objects as part of root set at end of initial load.
[2019.10.10-18.00.42:083][  0]LogUObjectAllocator: 7548648 out of 0 bytes used by permanent object pool.
[2019.10.10-18.00.42:083][  0]LogUObjectArray: CloseDisregardForGC: 0/0 objects in disregard for GC pool
[2019.10.10-18.01.25:466][  0]LogTcpMessaging: Initializing TcpMessaging bridge
[2019.10.10-18.01.25:562][  0]LogUdpMessaging: Initializing bridge on interface 0.0.0.0:0 to multicast group 230.0.0.1:6666.
[2019.10.10-18.01.26:926][  0]SourceControl: Source control is disabled
[2019.10.10-18.01.26:926][  0]SourceControl: Source control is disabled
[2019.10.10-18.01.27:067][  0]SourceControl: Source control is disabled
[2019.10.10-18.01.27:188][  0]SourceControl: Source control is disabled
[2019.10.10-18.01.27:539][  0]LogVSAccessor: Display: Unable to create Visual Studio setup instance: 80040154
[2019.10.10-18.01.27:540][  0]LogVSAccessor: Display: Unable to create Visual Studio setup instance: 80040154
[2019.10.10-18.01.30:451][  0]LogAndroidPermission: UAndroidPermissionCallbackProxy::GetInstance
[2019.10.10-18.01.32:289][  0]LogOcInput: OculusInput pre-init called
[2019.10.10-18.01.32:439][  0]LogWindows: Failed to load 'OVRPlugin.dll' (GetLastError=126)
[2019.10.10-18.01.32:440][  0]LogWindows: File 'OVRPlugin.dll' does not exist
[2019.10.10-18.01.32:882][  0]LogEngine: Initializing Engine...
[2019.10.10-18.01.32:883][  0]LogHMD: Failed to initialize OpenVR with code 110
[2019.10.10-18.01.32:884][  0]LogStats: UGameplayTagsManager::InitializeManager -  0.000 s
[2019.10.10-18.01.33:664][  0]LogInit: Initializing FReadOnlyCVARCache
[2019.10.10-18.01.33:727][  0]LogAIModule: Creating AISystem for world Untitled
[2019.10.10-18.01.33:783][  0]LogInit: XAudio2 using 'Speakers (Realtek High Definition Audio)' : 2 channels at 48 kHz using 32 bits per sample (channel mask 0x3)
[2019.10.10-18.01.34:160][  0]LogInit: FAudioDevice initialized.
[2019.10.10-18.01.34:160][  0]LogNetVersion: Set ProjectVersion to 1.0.0.0. Version Checksum will be recalculated on next use.
[2019.10.10-18.01.34:267][  0]LogDerivedDataCache: Saved boot cache 0.11s 73MB C:/Users/cjones4/AppData/Local/UnrealEngine/4.23/DerivedDataCache/Boot.ddc.
[2019.10.10-18.01.34:268][  0]LogInit: Texture streaming: Enabled
[2019.10.10-18.01.34:671][  0]LogEngineSessionManager: EngineSessionManager initialized
[2019.10.10-18.01.35:141][  0]LogInit: Transaction tracking system initialized
[2019.10.10-18.01.35:690][  0]BlueprintLog: New page: Editor Load
[2019.10.10-18.01.37:115][  0]LocalizationService: Localization service is disabled
[2019.10.10-18.01.38:441][  0]LogVSAccessor: Display: Unable to create Visual Studio setup instance: 80040154
[2019.10.10-18.01.38:441][  0]LogVSAccessor: Display: Unable to create Visual Studio setup instance: 80040154
[2019.10.10-18.01.39:580][  0]LogFileCache: Scanning file cache for directory 'C:/Users/cjones4/Documents/GitHub/JonesEscape/Content/' took 0.00s
[2019.10.10-18.01.39:580][  0]LogCook: Display: Max memory allowance for cook 16384mb min free memory 0mb
[2019.10.10-18.01.39:580][  0]LogCook: Display: Mobile HDR setting 1
[2019.10.10-18.01.43:399][  0]SourceControl: Source control is disabled
[2019.10.10-18.01.43:399][  0]Cmd: MAP LOAD FILE="../../../../../../Users/cjones4/Documents/GitHub/JonesEscape/Content/FirstPersonBP/Maps/FirstPersonExampleMap.umap" TEMPLATE=0 SHOWPROGRESS=1 FEATURELEVEL=3
[2019.10.10-18.01.43:400][  0]LightingResults: New page: Lighting Build
[2019.10.10-18.01.43:403][  0]LogWorld: UWorld::CleanupWorld for Untitled, bSessionEnded=true, bCleanupResources=true
[2019.10.10-18.01.43:403][  0]MapCheck: New page: Map Check
[2019.10.10-18.01.43:403][  0]LightingResults: New page: Lighting Build
[2019.10.10-18.01.43:429][  0]LogUObjectHash: Compacting FUObjectHashTables data took   1.50ms
[2019.10.10-18.01.45:860][  0]LogAIModule: Creating AISystem for world FirstPersonExampleMap
[2019.10.10-18.01.45:942][  0]LogEditorServer: Finished looking for orphan Actors (0.000 secs)
[2019.10.10-18.01.45:973][  0]LogUObjectHash: Compacting FUObjectHashTables data took   1.77ms
[2019.10.10-18.01.45:973][  0]Cmd: MAP CHECKDEP NOCLEARLOG
[2019.10.10-18.01.45:973][  0]MapCheck: Map check complete: 0 Error(s), 0 Warning(s), took 0.138ms to complete.
[2019.10.10-18.01.45:973][  0]LogFileHelpers: Loading map 'FirstPersonExampleMap' took 2.575
[2019.10.10-18.01.46:157][  0]LogSlate: Updating window title bar state: overlay mode, drag disabled, window buttons hidden, title bar hidden
[2019.10.10-18.01.46:163][  0]LogSlate: Updating window title bar state: overlay mode, drag disabled, window buttons hidden, title bar hidden
[2019.10.10-18.01.46:168][  0]LogSlate: Updating window title bar state: overlay mode, drag disabled, window buttons hidden, title bar hidden
[2019.10.10-18.01.46:175][  0]LogSlate: Updating window title bar state: overlay mode, drag disabled, window buttons hidden, title bar hidden
[2019.10.10-18.01.46:285][  0]LogCollectionManager: Loaded 0 collections in 0.002247 seconds
[2019.10.10-18.01.46:291][  0]LogFileCache: Scanning file cache for directory 'C:/Users/cjones4/Documents/GitHub/JonesEscape/Saved/Collections/' took 0.00s
[2019.10.10-18.01.46:291][  0]LogFileCache: Scanning file cache for directory 'C:/Users/cjones4/Documents/GitHub/JonesEscape/Content/Developers/cjones4/Collections/' took 0.00s
[2019.10.10-18.01.46:291][  0]LogFileCache: Scanning file cache for directory 'C:/Users/cjones4/Documents/GitHub/JonesEscape/Content/Collections/' took 0.00s
[2019.10.10-18.01.46:291][  0]LogCollectionManager: Rebuilt the GUID cache for 0 collections in 0.000001 seconds
[2019.10.10-18.01.46:299][  0]LogContentBrowser: Native class hierarchy populated in 0.0071 seconds. Added 2863 classes and 680 folders.
[2019.10.10-18.01.46:305][  0]LogContentBrowser: Native class hierarchy updated for 'WidgetCarousel' in 0.0002 seconds. Added 0 classes and 0 folders.
[2019.10.10-18.01.46:985][  0]LogContentBrowser: Native class hierarchy updated for 'AddContentDialog' in 0.0002 seconds. Added 0 classes and 0 folders.
[2019.10.10-18.01.47:053][  0]LogContentBrowser: Native class hierarchy updated for 'SceneOutliner' in 0.0002 seconds. Added 1 classes and 2 folders.
[2019.10.10-18.01.47:104][  0]LogSlate: Took 0.037256 seconds to synchronously load lazily loaded font '../../../Engine/Content/Slate/Fonts/Roboto-Regular.ttf' (155K)
[2019.10.10-18.01.47:145][  0]LogSlate: Took 0.038708 seconds to synchronously load lazily loaded font '../../../Engine/Content/Slate/Fonts/Roboto-Bold.ttf' (160K)
[2019.10.10-18.01.47:172][  0]LogSlate: Took 0.023933 seconds to synchronously load lazily loaded font '../../../Engine/Content/Editor/Slate/Fonts/FontAwesome.ttf' (139K)
[2019.10.10-18.01.47:221][  0]LogRenderer: Reallocating scene render targets to support 512x276 Format 10 NumSamples 1 (Frame:1).
[2019.10.10-18.01.47:559][  0]LogSlate: Took 0.055743 seconds to synchronously load lazily loaded font '../../../Engine/Content/Slate/Fonts/Roboto-Light.ttf' (167K)
[2019.10.10-18.01.47:978][  0]LogContentBrowser: Native class hierarchy updated for 'HierarchicalLODOutliner' in 0.0002 seconds. Added 0 classes and 0 folders.
[2019.10.10-18.01.47:978][  0]LogLoad: (Engine Initialization) Total time: 109.69 seconds
[2019.10.10-18.01.47:978][  0]LogLoad: (Engine Initialization) Total Blueprint compile time: 0.00 seconds
[2019.10.10-18.01.48:110][  0]LogContentStreaming: Texture pool size now 1000 MB
[2019.10.10-18.01.50:195][ 26]LogAssetRegistry: Asset discovery search completed in 76.0752 seconds
[2019.10.10-18.01.50:198][ 26]LogCollectionManager: Rebuilt the object cache for 0 collections in 0.000003 seconds (found 0 objects)
[2019.10.10-18.01.50:198][ 26]LogCollectionManager: Fixed up redirectors for 0 collections in 0.000039 seconds (updated 0 objects)
[2019.10.10-18.06.48:199][921]LogHttp: Warning: 0000027C789C9D00: invalid HTTP response code received. URL: https://datarouter.ol.epicgames.com/datarouter/api/v1/public/data?SessionID=%7BFA58A8D1-4243-CA6E-2AFA-1A98E646C640%7D&AppID=UEEditor.Rocket.Release&AppVersion=4.23.0-8386587%2B%2B%2BUE4%2BRelease-4.23&UserID=679a10a74ce83ec653ed129b976b11c5%7C%7C45a01713-8a2d-4501-9f86-229c8dab8199&AppEnvironment=datacollector-binary&UploadType=eteventstream, HTTP code: 0, content length: -1, actual payload size: 0
[2019.10.10-18.06.48:199][921]LogHttp: Warning: 0000027C789C9D00: request failed, libcurl error: 0 (No error)
[2019.10.10-18.06.48:199][921]LogHttp: Warning: 0000027C789C9D00: libcurl info message cache 0 (Found bundle for host datarouter.ol.epicgames.com: 0x27c5a95ff70 [can pipeline])
[2019.10.10-18.06.48:199][921]LogHttp: Warning: 0000027C789C9D00: libcurl info message cache 1 (Re-using existing connection! (#1) with host datarouter.ol.epicgames.com)
[2019.10.10-18.06.48:199][921]LogHttp: Warning: 0000027C789C9D00: libcurl info message cache 2 (Connected to datarouter.ol.epicgames.com (34.204.212.142) port 443 (#1))
[2019.10.10-18.06.48:199][921]LogHttp: Warning: 0000027C789C9D00: libcurl info message cache 3 (We are completely uploaded and fine)
[2019.10.10-18.06.48:199][921]LogHttp: Warning: 0000027C789C9D00: libcurl info message cache 4 (TLSv1.2 (IN), TLS alert, Client hello (1):)
[2019.10.10-18.06.48:199][921]LogHttp: Warning: 0000027C789C9D00: libcurl info message cache 5 (Connection died, retrying a fresh connect)
[2019.10.10-18.06.48:199][921]LogHttp: Warning: 0000027C789C9D00: libcurl info message cache 6 (necessary data rewind wasn't possible)
[2019.10.10-18.06.48:199][921]LogHttp: Warning: 0000027C789C9D00: libcurl info message cache 7 (Closing connection 1)
[2019.10.10-18.06.48:199][921]LogHttp: Warning: 0000027C789C9D00: libcurl info message cache 8 (TLSv1.2 (OUT), TLS alert, Client hello (1):)
[2019.10.10-18.06.48:532][922]LogHttp: Warning: Retry exhausted on https://datarouter.ol.epicgames.com/datarouter/api/v1/public/data?SessionID=%7BFA58A8D1-4243-CA6E-2AFA-1A98E646C640%7D&AppID=UEEditor.Rocket.Release&AppVersion=4.23.0-8386587%2B%2B%2BUE4%2BRelease-4.23&UserID=679a10a74ce83ec653ed129b976b11c5%7C%7C45a01713-8a2d-4501-9f86-229c8dab8199&AppEnvironment=datacollector-binary&UploadType=eteventstream
[2019.10.10-18.15.48:230][541]LogHttp: Warning: 0000027C789C9D00: invalid HTTP response code received. URL: https://datarouter.ol.epicgames.com/datarouter/api/v1/public/data?SessionID=%7BFA58A8D1-4243-CA6E-2AFA-1A98E646C640%7D&AppID=UEEditor.Rocket.Release&AppVersion=4.23.0-8386587%2B%2B%2BUE4%2BRelease-4.23&UserID=679a10a74ce83ec653ed129b976b11c5%7C%7C45a01713-8a2d-4501-9f86-229c8dab8199&AppEnvironment=datacollector-binary&UploadType=eteventstream, HTTP code: 0, content length: -1, actual payload size: 0
[2019.10.10-18.15.48:230][541]LogHttp: Warning: 0000027C789C9D00: request failed, libcurl error: 0 (No error)
[2019.10.10-18.15.48:230][541]LogHttp: Warning: 0000027C789C9D00: libcurl info message cache 0 (Found bundle for host datarouter.ol.epicgames.com: 0x27c5a95ff70 [can pipeline])
[2019.10.10-18.15.48:230][541]LogHttp: Warning: 0000027C789C9D00: libcurl info message cache 1 (Re-using existing connection! (#4) with host datarouter.ol.epicgames.com)
[2019.10.10-18.15.48:230][541]LogHttp: Warning: 0000027C789C9D00: libcurl info message cache 2 (Connected to datarouter.ol.epicgames.com (18.235.16.110) port 443 (#4))
[2019.10.10-18.15.48:230][541]LogHttp: Warning: 0000027C789C9D00: libcurl info message cache 3 (We are completely uploaded and fine)
[2019.10.10-18.15.48:230][541]LogHttp: Warning: 0000027C789C9D00: libcurl info message cache 4 (TLSv1.2 (IN), TLS alert, Client hello (1):)
[2019.10.10-18.15.48:230][541]LogHttp: Warning: 0000027C789C9D00: libcurl info message cache 5 (Connection died, retrying a fresh connect)
[2019.10.10-18.15.48:230][541]LogHttp: Warning: 0000027C789C9D00: libcurl info message cache 6 (necessary data rewind wasn't possible)
[2019.10.10-18.15.48:230][541]LogHttp: Warning: 0000027C789C9D00: libcurl info message cache 7 (Closing connection 4)
[2019.10.10-18.15.48:230][541]LogHttp: Warning: 0000027C789C9D00: libcurl info message cache 8 (TLSv1.2 (OUT), TLS alert, Client hello (1):)
[2019.10.10-18.15.48:562][542]LogHttp: Warning: Retry exhausted on https://datarouter.ol.epicgames.com/datarouter/api/v1/public/data?SessionID=%7BFA58A8D1-4243-CA6E-2AFA-1A98E646C640%7D&AppID=UEEditor.Rocket.Release&AppVersion=4.23.0-8386587%2B%2B%2BUE4%2BRelease-4.23&UserID=679a10a74ce83ec653ed129b976b11c5%7C%7C45a01713-8a2d-4501-9f86-229c8dab8199&AppEnvironment=datacollector-binary&UploadType=eteventstream
[2019.10.10-18.24.48:282][161]LogHttp: Warning: 0000027C789CAD40: invalid HTTP response code received. URL: https://datarouter.ol.epicgames.com/datarouter/api/v1/public/data?SessionID=%7BFA58A8D1-4243-CA6E-2AFA-1A98E646C640%7D&AppID=UEEditor.Rocket.Release&AppVersion=4.23.0-8386587%2B%2B%2BUE4%2BRelease-4.23&UserID=679a10a74ce83ec653ed129b976b11c5%7C%7C45a01713-8a2d-4501-9f86-229c8dab8199&AppEnvironment=datacollector-binary&UploadType=eteventstream, HTTP code: 0, content length: -1, actual payload size: 0
[2019.10.10-18.24.48:282][161]LogHttp: Warning: 0000027C789CAD40: request failed, libcurl error: 0 (No error)
[2019.10.10-18.24.48:282][161]LogHttp: Warning: 0000027C789CAD40: libcurl info message cache 0 (Found bundle for host datarouter.ol.epicgames.com: 0x27c5a95ff70 [can pipeline])
[2019.10.10-18.24.48:282][161]LogHttp: Warning: 0000027C789CAD40: libcurl info message cache 1 (Re-using existing connection! (#7) with host datarouter.ol.epicgames.com)
[2019.10.10-18.24.48:282][161]LogHttp: Warning: 0000027C789CAD40: libcurl info message cache 2 (Connected to datarouter.ol.epicgames.com (18.235.42.24) port 443 (#7))
[2019.10.10-18.24.48:282][161]LogHttp: Warning: 0000027C789CAD40: libcurl info message cache 3 (We are completely uploaded and fine)
[2019.10.10-18.24.48:282][161]LogHttp: Warning: 0000027C789CAD40: libcurl info message cache 4 (TLSv1.2 (IN), TLS alert, Client hello (1):)
[2019.10.10-18.24.48:282][161]LogHttp: Warning: 0000027C789CAD40: libcurl info message cache 5 (Connection died, retrying a fresh connect)
[2019.10.10-18.24.48:282][161]LogHttp: Warning: 0000027C789CAD40: libcurl info message cache 6 (necessary data rewind wasn't possible)
[2019.10.10-18.24.48:282][161]LogHttp: Warning: 0000027C789CAD40: libcurl info message cache 7 (Closing connection 7)
[2019.10.10-18.24.48:282][161]LogHttp: Warning: 0000027C789CAD40: libcurl info message cache 8 (TLSv1.2 (OUT), TLS alert, Client hello (1):)
[2019.10.10-18.24.48:617][162]LogHttp: Warning: Retry exhausted on https://datarouter.ol.epicgames.com/datarouter/api/v1/public/data?SessionID=%7BFA58A8D1-4243-CA6E-2AFA-1A98E646C640%7D&AppID=UEEditor.Rocket.Release&AppVersion=4.23.0-8386587%2B%2B%2BUE4%2BRelease-4.23&UserID=679a10a74ce83ec653ed129b976b11c5%7C%7C45a01713-8a2d-4501-9f86-229c8dab8199&AppEnvironment=datacollector-binary&UploadType=eteventstream
[2019.10.10-18.36.47:998][320]LogHttp: Warning: 0000027C789C9800: invalid HTTP response code received. URL: https://datarouter.ol.epicgames.com/datarouter/api/v1/public/data?SessionID=%7BFA58A8D1-4243-CA6E-2AFA-1A98E646C640%7D&AppID=UEEditor.Rocket.Release&AppVersion=4.23.0-8386587%2B%2B%2BUE4%2BRelease-4.23&UserID=679a10a74ce83ec653ed129b976b11c5%7C%7C45a01713-8a2d-4501-9f86-229c8dab8199&AppEnvironment=datacollector-binary&UploadType=eteventstream, HTTP code: 0, content length: -1, actual payload size: 0
[2019.10.10-18.36.47:998][320]LogHttp: Warning: 0000027C789C9800: request failed, libcurl error: 0 (No error)
[2019.10.10-18.36.47:998][320]LogHttp: Warning: 0000027C789C9800: libcurl info message cache 0 (Found bundle for host datarouter.ol.epicgames.com: 0x27c5a95ff70 [can pipeline])
[2019.10.10-18.36.47:998][320]LogHttp: Warning: 0000027C789C9800: libcurl info message cache 1 (Re-using existing connection! (#12) with host datarouter.ol.epicgames.com)
[2019.10.10-18.36.47:998][320]LogHttp: Warning: 0000027C789C9800: libcurl info message cache 2 (Connected to datarouter.ol.epicgames.com (34.236.93.59) port 443 (#12))
[2019.10.10-18.36.47:998][320]LogHttp: Warning: 0000027C789C9800: libcurl info message cache 3 (We are completely uploaded and fine)
[2019.10.10-18.36.47:998][320]LogHttp: Warning: 0000027C789C9800: libcurl info message cache 4 (TLSv1.2 (IN), TLS alert, Client hello (1):)
[2019.10.10-18.36.47:998][320]LogHttp: Warning: 0000027C789C9800: libcurl info message cache 5 (Connection died, retrying a fresh connect)
[2019.10.10-18.36.47:998][320]LogHttp: Warning: 0000027C789C9800: libcurl info message cache 6 (necessary data rewind wasn't possible)
[2019.10.10-18.36.47:998][320]LogHttp: Warning: 0000027C789C9800: libcurl info message cache 7 (Closing connection 12)
[2019.10.10-18.36.47:998][320]LogHttp: Warning: 0000027C789C9800: libcurl info message cache 8 (TLSv1.2 (OUT), TLS alert, Client hello (1):)
[2019.10.10-18.36.47:998][320]LogHttp: Warning: Retry exhausted on https://datarouter.ol.epicgames.com/datarouter/api/v1/public/data?SessionID=%7BFA58A8D1-4243-CA6E-2AFA-1A98E646C640%7D&AppID=UEEditor.Rocket.Release&AppVersion=4.23.0-8386587%2B%2B%2BUE4%2BRelease-4.23&UserID=679a10a74ce83ec653ed129b976b11c5%7C%7C45a01713-8a2d-4501-9f86-229c8dab8199&AppEnvironment=datacollector-binary&UploadType=eteventstream
[2019.10.10-18.46.48:038][120]LogHttp: Warning: 0000027C73096340: invalid HTTP response code received. URL: https://datarouter.ol.epicgames.com/datarouter/api/v1/public/data?SessionID=%7BFA58A8D1-4243-CA6E-2AFA-1A98E646C640%7D&AppID=UEEditor.Rocket.Release&AppVersion=4.23.0-8386587%2B%2B%2BUE4%2BRelease-4.23&UserID=679a10a74ce83ec653ed129b976b11c5%7C%7C45a01713-8a2d-4501-9f86-229c8dab8199&AppEnvironment=datacollector-binary&UploadType=eteventstream, HTTP code: 0, content length: -1, actual payload size: 0
[2019.10.10-18.46.48:038][120]LogHttp: Warning: 0000027C73096340: request failed, libcurl error: 0 (No error)
[2019.10.10-18.46.48:038][120]LogHttp: Warning: 0000027C73096340: libcurl info message cache 0 (Found bundle for host datarouter.ol.epicgames.com: 0x27c5a95ff70 [can pipeline])
[2019.10.10-18.46.48:038][120]LogHttp: Warning: 0000027C73096340: libcurl info message cache 1 (Re-using existing connection! (#15) with host datarouter.ol.epicgames.com)
[2019.10.10-18.46.48:038][120]LogHttp: Warning: 0000027C73096340: libcurl info message cache 2 (Connected to datarouter.ol.epicgames.com (52.54.45.143) port 443 (#15))
[2019.10.10-18.46.48:038][120]LogHttp: Warning: 0000027C73096340: libcurl info message cache 3 (We are completely uploaded and fine)
[2019.10.10-18.46.48:038][120]LogHttp: Warning: 0000027C73096340: libcurl info message cache 4 (TLSv1.2 (IN), TLS alert, Client hello (1):)
[2019.10.10-18.46.48:038][120]LogHttp: Warning: 0000027C73096340: libcurl info message cache 5 (Connection died, retrying a fresh connect)
[2019.10.10-18.46.48:038][120]LogHttp: Warning: 0000027C73096340: libcurl info message cache 6 (necessary data rewind wasn't possible)
[2019.10.10-18.46.48:039][120]LogHttp: Warning: 0000027C73096340: libcurl info message cache 7 (Closing connection 15)
[2019.10.10-18.46.48:039][120]LogHttp: Warning: 0000027C73096340: libcurl info message cache 8 (TLSv1.2 (OUT), TLS alert, Client hello (1):)
[2019.10.10-18.46.48:039][120]LogHttp: Warning: Retry exhausted on https://datarouter.ol.epicgames.com/datarouter/api/v1/public/data?SessionID=%7BFA58A8D1-4243-CA6E-2AFA-1A98E646C640%7D&AppID=UEEditor.Rocket.Release&AppVersion=4.23.0-8386587%2B%2B%2BUE4%2BRelease-4.23&UserID=679a10a74ce83ec653ed129b976b11c5%7C%7C45a01713-8a2d-4501-9f86-229c8dab8199&AppEnvironment=datacollector-binary&UploadType=eteventstream
[2019.10.10-18.54.48:094][560]LogHttp: Warning: 0000027C730979C0: invalid HTTP response code received. URL: https://datarouter.ol.epicgames.com/datarouter/api/v1/public/data?SessionID=%7BFA58A8D1-4243-CA6E-2AFA-1A98E646C640%7D&AppID=UEEditor.Rocket.Release&AppVersion=4.23.0-8386587%2B%2B%2BUE4%2BRelease-4.23&UserID=679a10a74ce83ec653ed129b976b11c5%7C%7C45a01713-8a2d-4501-9f86-229c8dab8199&AppEnvironment=datacollector-binary&UploadType=eteventstream, HTTP code: 0, content length: -1, actual payload size: 0
[2019.10.10-18.54.48:094][560]LogHttp: Warning: 0000027C730979C0: request failed, libcurl error: 0 (No error)
[2019.10.10-18.54.48:094][560]LogHttp: Warning: 0000027C730979C0: libcurl info message cache 0 (Found bundle for host datarouter.ol.epicgames.com: 0x27c5a95ff70 [can pipeline])
[2019.10.10-18.54.48:095][560]LogHttp: Warning: 0000027C730979C0: libcurl info message cache 1 (Re-using existing connection! (#18) with host datarouter.ol.epicgames.com)
[2019.10.10-18.54.48:095][560]LogHttp: Warning: 0000027C730979C0: libcurl info message cache 2 (Connected to datarouter.ol.epicgames.com (18.232.220.76) port 443 (#18))
[2019.10.10-18.54.48:095][560]LogHttp: Warning: 0000027C730979C0: libcurl info message cache 3 (We are completely uploaded and fine)
[2019.10.10-18.54.48:095][560]LogHttp: Warning: 0000027C730979C0: libcurl info message cache 4 (TLSv1.2 (IN), TLS alert, Client hello (1):)
[2019.10.10-18.54.48:095][560]LogHttp: Warning: 0000027C730979C0: libcurl info message cache 5 (Connection died, retrying a fresh connect)
[2019.10.10-18.54.48:095][560]LogHttp: Warning: 0000027C730979C0: libcurl info message cache 6 (necessary data rewind wasn't possible)
[2019.10.10-18.54.48:095][560]LogHttp: Warning: 0000027C730979C0: libcurl info message cache 7 (Closing connection 18)
[2019.10.10-18.54.48:095][560]LogHttp: Warning: 0000027C730979C0: libcurl info message cache 8 (TLSv1.2 (OUT), TLS alert, Client hello (1):)
[2019.10.10-18.54.48:095][560]LogHttp: Warning: Retry exhausted on https://datarouter.ol.epicgames.com/datarouter/api/v1/public/data?SessionID=%7BFA58A8D1-4243-CA6E-2AFA-1A98E646C640%7D&AppID=UEEditor.Rocket.Release&AppVersion=4.23.0-8386587%2B%2B%2BUE4%2BRelease-4.23&UserID=679a10a74ce83ec653ed129b976b11c5%7C%7C45a01713-8a2d-4501-9f86-229c8dab8199&AppEnvironment=datacollector-binary&UploadType=eteventstream
[2019.10.10-19.00.48:115][640]LogHttp: Warning: 0000027C730979C0: invalid HTTP response code received. URL: https://datarouter.ol.epicgames.com/datarouter/api/v1/public/data?SessionID=%7BFA58A8D1-4243-CA6E-2AFA-1A98E646C640%7D&AppID=UEEditor.Rocket.Release&AppVersion=4.23.0-8386587%2B%2B%2BUE4%2BRelease-4.23&UserID=679a10a74ce83ec653ed129b976b11c5%7C%7C45a01713-8a2d-4501-9f86-229c8dab8199&AppEnvironment=datacollector-binary&UploadType=eteventstream, HTTP code: 0, content length: -1, actual payload size: 0
[2019.10.10-19.00.48:115][640]LogHttp: Warning: 0000027C730979C0: request failed, libcurl error: 0 (No error)
[2019.10.10-19.00.48:115][640]LogHttp: Warning: 0000027C730979C0: libcurl info message cache 0 (Found bundle for host datarouter.ol.epicgames.com: 0x27c5a95ff70 [can pipeline])
[2019.10.10-19.00.48:115][640]LogHttp: Warning: 0000027C730979C0: libcurl info message cache 1 (Re-using existing connection! (#20) with host datarouter.ol.epicgames.com)
[2019.10.10-19.00.48:115][640]LogHttp: Warning: 0000027C730979C0: libcurl info message cache 2 (Connected to datarouter.ol.epicgames.com (34.235.212.28) port 443 (#20))
[2019.10.10-19.00.48:115][640]LogHttp: Warning: 0000027C730979C0: libcurl info message cache 3 (We are completely uploaded and fine)
[2019.10.10-19.00.48:115][640]LogHttp: Warning: 0000027C730979C0: libcurl info message cache 4 (TLSv1.2 (IN), TLS alert, Client hello (1):)
[2019.10.10-19.00.48:115][640]LogHttp: Warning: 0000027C730979C0: libcurl info message cache 5 (Connection died, retrying a fresh connect)
[2019.10.10-19.00.48:115][640]LogHttp: Warning: 0000027C730979C0: libcurl info message cache 6 (necessary data rewind wasn't possible)
[2019.10.10-19.00.48:115][640]LogHttp: Warning: 0000027C730979C0: libcurl info message cache 7 (Closing connection 20)
[2019.10.10-19.00.48:115][640]LogHttp: Warning: 0000027C730979C0: libcurl info message cache 8 (TLSv1.2 (OUT), TLS alert, Client hello (1):)
[2019.10.10-19.00.48:115][640]LogHttp: Warning: Retry exhausted on https://datarouter.ol.epicgames.com/datarouter/api/v1/public/data?SessionID=%7BFA58A8D1-4243-CA6E-2AFA-1A98E646C640%7D&AppID=UEEditor.Rocket.Release&AppVersion=4.23.0-8386587%2B%2B%2BUE4%2BRelease-4.23&UserID=679a10a74ce83ec653ed129b976b11c5%7C%7C45a01713-8a2d-4501-9f86-229c8dab8199&AppEnvironment=datacollector-binary&UploadType=eteventstream
[2019.10.10-19.06.48:154][720]LogHttp: Warning: 0000027C730947C0: invalid HTTP response code received. URL: https://datarouter.ol.epicgames.com/datarouter/api/v1/public/data?SessionID=%7BFA58A8D1-4243-CA6E-2AFA-1A98E646C640%7D&AppID=UEEditor.Rocket.Release&AppVersion=4.23.0-8386587%2B%2B%2BUE4%2BRelease-4.23&UserID=679a10a74ce83ec653ed129b976b11c5%7C%7C45a01713-8a2d-4501-9f86-229c8dab8199&AppEnvironment=datacollector-binary&UploadType=eteventstream, HTTP code: 0, content length: -1, actual payload size: 0
[2019.10.10-19.06.48:154][720]LogHttp: Warning: 0000027C730947C0: request failed, libcurl error: 0 (No error)
[2019.10.10-19.06.48:154][720]LogHttp: Warning: 0000027C730947C0: libcurl info message cache 0 (Found bundle for host datarouter.ol.epicgames.com: 0x27c5a95ff70 [can pipeline])
[2019.10.10-19.06.48:154][720]LogHttp: Warning: 0000027C730947C0: libcurl info message cache 1 (Re-using existing connection! (#22) with host datarouter.ol.epicgames.com)
[2019.10.10-19.06.48:154][720]LogHttp: Warning: 0000027C730947C0: libcurl info message cache 2 (Connected to datarouter.ol.epicgames.com (52.71.108.254) port 443 (#22))
[2019.10.10-19.06.48:154][720]LogHttp: Warning: 0000027C730947C0: libcurl info message cache 3 (We are completely uploaded and fine)
[2019.10.10-19.06.48:155][720]LogHttp: Warning: 0000027C730947C0: libcurl info message cache 4 (TLSv1.2 (IN), TLS alert, Client hello (1):)
[2019.10.10-19.06.48:155][720]LogHttp: Warning: 0000027C730947C0: libcurl info message cache 5 (Connection died, retrying a fresh connect)
[2019.10.10-19.06.48:155][720]LogHttp: Warning: 0000027C730947C0: libcurl info message cache 6 (necessary data rewind wasn't possible)
[2019.10.10-19.06.48:155][720]LogHttp: Warning: 0000027C730947C0: libcurl info message cache 7 (Closing connection 22)
[2019.10.10-19.06.48:155][720]LogHttp: Warning: 0000027C730947C0: libcurl info message cache 8 (TLSv1.2 (OUT), TLS alert, Client hello (1):)
[2019.10.10-19.06.48:155][720]LogHttp: Warning: Retry exhausted on https://datarouter.ol.epicgames.com/datarouter/api/v1/public/data?SessionID=%7BFA58A8D1-4243-CA6E-2AFA-1A98E646C640%7D&AppID=UEEditor.Rocket.Release&AppVersion=4.23.0-8386587%2B%2B%2BUE4%2BRelease-4.23&UserID=679a10a74ce83ec653ed129b976b11c5%7C%7C45a01713-8a2d-4501-9f86-229c8dab8199&AppEnvironment=datacollector-binary&UploadType=eteventstream
