Log file open, 09/24/19 14:09:09
LogWindows: Failed to load 'aqProf.dll' (GetLastError=126)
LogWindows: File 'aqProf.dll' does not exist
LogWindows: Failed to load 'VtuneApi.dll' (GetLastError=126)
LogWindows: File 'VtuneApi.dll' does not exist
LogWindows: Failed to load 'VtuneApi32e.dll' (GetLastError=126)
LogWindows: File 'VtuneApi32e.dll' does not exist
LogConsoleResponse: Display: Failed to find resolution value strings in scalability ini. Falling back to default.
LogInit: Display: Running engine for game: JonesEscape
LogPlatformFile: Not using cached read wrapper
LogTaskGraph: Started task graph with 5 named threads and 23 total threads with 3 sets of task threads.
LogStats: Stats thread started at 0.069309
LogD3D11RHI: Loaded GFSDK_Aftermath_Lib.x64.dll
LogICUInternationalization: ICU TimeZone Detection - Raw Offset: -5:00, Platform Override: ''
LogPluginManager: Mounting plugin Paper2D
LogPluginManager: Mounting plugin AISupport
LogPluginManager: Mounting plugin LightPropagationVolume
LogPluginManager: Mounting plugin ActorLayerUtilities
LogPluginManager: Mounting plugin AnimationSharing
LogPluginManager: Mounting plugin CLionSourceCodeAccess
LogPluginManager: Mounting plugin CodeLiteSourceCodeAccess
LogPluginManager: Mounting plugin GitSourceControl
LogPluginManager: Mounting plugin KDevelopSourceCodeAccess
LogPluginManager: Mounting plugin NullSourceCodeAccess
LogPluginManager: Mounting plugin PerforceSourceControl
LogPluginManager: Mounting plugin SubversionSourceControl
LogPluginManager: Mounting plugin UObjectPlugin
LogPluginManager: Mounting plugin VisualStudioCodeSourceCodeAccess
LogPluginManager: Mounting plugin VisualStudioSourceCodeAccess
LogPluginManager: Mounting plugin XCodeSourceCodeAccess
LogPluginManager: Mounting plugin AssetManagerEditor
LogPluginManager: Mounting plugin CryptoKeys
LogPluginManager: Mounting plugin CurveEditorTools
LogPluginManager: Mounting plugin DataValidation
LogPluginManager: Mounting plugin FacialAnimation
LogPluginManager: Mounting plugin GameplayTagsEditor
LogPluginManager: Mounting plugin MacGraphicsSwitching
LogPluginManager: Mounting plugin MaterialAnalyzer
LogPluginManager: Mounting plugin MobileLauncherProfileWizard
LogPluginManager: Mounting plugin PluginBrowser
LogPluginManager: Mounting plugin SpeedTreeImporter
LogPluginManager: Mounting plugin DatasmithContent
LogPluginManager: Mounting plugin VariantManagerContent
LogPluginManager: Mounting plugin AlembicImporter
LogPluginManager: Mounting plugin AutomationUtils
LogPluginManager: Mounting plugin BackChannel
LogPluginManager: Mounting plugin CharacterAI
LogPluginManager: Mounting plugin GeometryCache
LogPluginManager: Mounting plugin HTML5Networking
LogPluginManager: Mounting plugin PlatformCrypto
LogPluginManager: Mounting plugin ProxyLODPlugin
LogPluginManager: Mounting plugin SkeletalReduction
LogPluginManager: Mounting plugin MagicLeap
LogPluginManager: Mounting plugin MagicLeapMedia
LogPluginManager: Mounting plugin AndroidMedia
LogPluginManager: Mounting plugin AvfMedia
LogPluginManager: Mounting plugin ImgMedia
LogPluginManager: Mounting plugin MediaCompositing
LogPluginManager: Mounting plugin MediaPlayerEditor
LogPluginManager: Mounting plugin WebMMedia
LogPluginManager: Mounting plugin WmfMedia
LogPluginManager: Mounting plugin TcpMessaging
LogPluginManager: Mounting plugin UdpMessaging
LogPluginManager: Mounting plugin ActorSequence
LogPluginManager: Mounting plugin LevelSequenceEditor
LogPluginManager: Mounting plugin MatineeToLevelSequence
LogPluginManager: Mounting plugin NetcodeUnitTest
LogPluginManager: Mounting plugin NUTUnrealEngine4
LogPluginManager: Mounting plugin OnlineSubsystemGooglePlay
LogPluginManager: Mounting plugin OnlineSubsystemIOS
LogPluginManager: Mounting plugin OnlineSubsystem
LogPluginManager: Mounting plugin OnlineSubsystemNull
LogPluginManager: Mounting plugin OnlineSubsystemUtils
LogPluginManager: Mounting plugin LauncherChunkInstaller
LogPluginManager: Mounting plugin AndroidDeviceProfileSelector
LogPluginManager: Mounting plugin AndroidMoviePlayer
LogPluginManager: Mounting plugin AndroidPermission
LogPluginManager: Mounting plugin AppleImageUtils
LogPluginManager: Mounting plugin AppleMoviePlayer
LogPluginManager: Mounting plugin ArchVisCharacter
LogPluginManager: Mounting plugin AudioCapture
LogPluginManager: Mounting plugin CableComponent
LogPluginManager: Mounting plugin CustomMeshComponent
LogPluginManager: Mounting plugin EditableMesh
LogPluginManager: Mounting plugin ExampleDeviceProfileSelector
LogPluginManager: Mounting plugin GoogleCloudMessaging
LogPluginManager: Mounting plugin IOSDeviceProfileSelector
LogPluginManager: Mounting plugin LinuxDeviceProfileSelector
LogPluginManager: Mounting plugin LocationServicesBPLibrary
LogPluginManager: Mounting plugin MobilePatchingUtils
LogPluginManager: Mounting plugin OculusVR
LogPluginManager: Mounting plugin PhysXVehicles
LogPluginManager: Mounting plugin ProceduralMeshComponent
LogPluginManager: Mounting plugin RuntimePhysXCooking
LogPluginManager: Mounting plugin SignificanceManager
LogPluginManager: Mounting plugin SteamVR
LogPluginManager: Mounting plugin WebMMoviePlayer
LogPluginManager: Mounting plugin WindowsMoviePlayer
LogPluginManager: Mounting plugin ScreenshotTools
LogInit: Using libcurl 7.55.1-DEV
LogInit:  - built for x86_64-pc-win32
LogInit:  - supports SSL with OpenSSL/1.1.1
LogInit:  - supports HTTP deflate (compression) using libz 1.2.8
LogInit:  - other features:
LogInit:      CURL_VERSION_SSL
LogInit:      CURL_VERSION_LIBZ
LogInit:      CURL_VERSION_IPV6
LogInit:      CURL_VERSION_ASYNCHDNS
LogInit:      CURL_VERSION_LARGEFILE
LogInit:      CURL_VERSION_IDN
LogInit:  CurlRequestOptions (configurable via config and command line):
LogInit:  - bVerifyPeer = true  - Libcurl will verify peer certificate
LogInit:  - bUseHttpProxy = false  - Libcurl will NOT use HTTP proxy
LogInit:  - bDontReuseConnections = false  - Libcurl will reuse connections
LogInit:  - MaxHostConnections = 16  - Libcurl will limit the number of connections to a host
LogInit:  - LocalHostAddr = Default
LogInit:  - BufferSize = 65536
LogOnline: OSS: Creating online subsystem instance for: NULL
LogInit: WinSock: version 1.1 (2.2), MaxSocks=32767, MaxUdp=65467
LogInit: Build: ++UE4+Release-4.23-CL-8386587
LogInit: Engine Version: 4.23.0-8386587+++UE4+Release-4.23
LogInit: Compatible Engine Version: 4.23.0-8386587+++UE4+Release-4.23
LogInit: Net CL: 8386587
LogInit: OS: Windows 10 (Release 1903) (), CPU: Intel(R) Core(TM) i7-7700 CPU @ 3.60GHz, GPU: NVIDIA GeForce GTX 1070
LogInit: Compiled (64-bit): Aug 31 2019 02:04:44
LogInit: Compiled with Visual C++: 19.16.27030.01
LogInit: Build Configuration: Development
LogInit: Branch Name: ++UE4+Release-4.23
LogInit: Command Line: 
LogInit: Base Directory: C:/Program Files/Epic Games/UE_4.23/Engine/Binaries/Win64/
LogInit: Installed Engine Build: 1
LogDevObjectVersion: Number of dev versions registered: 23
LogDevObjectVersion:   Dev-Blueprints (B0D832E4-1F89-4F0D-ACCF-7EB736FD4AA2): 10
LogDevObjectVersion:   Dev-Build (E1C64328-A22C-4D53-A36C-8E866417BD8C): 0
LogDevObjectVersion:   Dev-Core (375EC13C-06E4-48FB-B500-84F0262A717E): 3
LogDevObjectVersion:   Dev-Editor (E4B068ED-F494-42E9-A231-DA0B2E46BB41): 34
LogDevObjectVersion:   Dev-Framework (CFFC743F-43B0-4480-9391-14DF171D2073): 35
LogDevObjectVersion:   Dev-Mobile (B02B49B5-BB20-44E9-A304-32B752E40360): 2
LogDevObjectVersion:   Dev-Networking (A4E4105C-59A1-49B5-A7C5-40C4547EDFEE): 0
LogDevObjectVersion:   Dev-Online (39C831C9-5AE6-47DC-9A44-9C173E1C8E7C): 0
LogDevObjectVersion:   Dev-Physics (78F01B33-EBEA-4F98-B9B4-84EACCB95AA2): 0
LogDevObjectVersion:   Dev-Platform (6631380F-2D4D-43E0-8009-CF276956A95A): 0
LogDevObjectVersion:   Dev-Rendering (12F88B9F-8875-4AFC-A67C-D90C383ABD29): 31
LogDevObjectVersion:   Dev-Sequencer (7B5AE74C-D270-4C10-A958-57980B212A5A): 11
LogDevObjectVersion:   Dev-VR (D7296918-1DD6-4BDD-9DE2-64A83CC13884): 2
LogDevObjectVersion:   Dev-LoadTimes (C2A15278-BFE7-4AFE-6C17-90FF531DF755): 1
LogDevObjectVersion:   Private-Geometry (6EACA3D4-40EC-4CC1-B786-8BED09428FC5): 3
LogDevObjectVersion:   Dev-AnimPhys (29E575DD-E0A3-4627-9D10-D276232CDCEA): 17
LogDevObjectVersion:   Dev-Anim (AF43A65D-7FD3-4947-9873-3E8ED9C1BB05): 2
LogDevObjectVersion:   Dev-ReflectionCapture (6B266CEC-1EC7-4B8F-A30B-E4D90942FC07): 1
LogDevObjectVersion:   Dev-Automation (0DF73D61-A23F-47EA-B727-89E90C41499A): 1
LogDevObjectVersion:   FortniteMain (601D1886-AC64-4F84-AA16-D3DE0DEAC7D6): 27
LogDevObjectVersion:   Dev-Enterprise (9DFFBCD6-494F-0158-E221-12823C92A888): 6
LogDevObjectVersion:   Dev-Niagara (F2AED0AC-9AFE-416F-8664-AA7FFA26D6FC): 1
LogDevObjectVersion:   Dev-Destruction (174F1F0B-B4C6-45A5-B13F-2EE8D0FB917D): 9
LogInit: Presizing for max 16777216 objects, including 0 objects not considered by GC, pre-allocating 0 bytes for permanent pool.
LogInit: Object subsystem initialized
LogConfig: Setting CVar [[con.DebugEarlyDefault:1]]
LogConfig: Setting CVar [[r.setres:1280x720]]
[2019.09.24-18.09.09:660][  0]LogConfig: Setting CVar [[r.VSync:0]]
[2019.09.24-18.09.09:660][  0]LogConfig: Setting CVar [[r.RHICmdBypass:0]]
[2019.09.24-18.09.09:660][  0]LogConfig: Applying CVar settings from Section [/Script/Engine.RendererSettings] File [C:/Users/cjones4/Documents/Unreal Projects/JonesEscape/Saved/Config/Windows/Engine.ini]
[2019.09.24-18.09.09:660][  0]LogConfig: Setting CVar [[r.GPUCrashDebugging:0]]
[2019.09.24-18.09.09:660][  0]LogConfig: Applying CVar settings from Section [/Script/Engine.RendererOverrideSettings] File [C:/Users/cjones4/Documents/Unreal Projects/JonesEscape/Saved/Config/Windows/Engine.ini]
[2019.09.24-18.09.09:660][  0]LogConfig: Applying CVar settings from Section [/Script/Engine.StreamingSettings] File [C:/Users/cjones4/Documents/Unreal Projects/JonesEscape/Saved/Config/Windows/Engine.ini]
[2019.09.24-18.09.09:660][  0]LogConfig: Setting CVar [[s.MinBulkDataSizeForAsyncLoading:131072]]
[2019.09.24-18.09.09:660][  0]LogConfig: Setting CVar [[s.AsyncLoadingThreadEnabled:0]]
[2019.09.24-18.09.09:660][  0]LogConfig: Setting CVar [[s.EventDrivenLoaderEnabled:1]]
[2019.09.24-18.09.09:660][  0]LogConfig: Setting CVar [[s.WarnIfTimeLimitExceeded:0]]
[2019.09.24-18.09.09:660][  0]LogConfig: Setting CVar [[s.TimeLimitExceededMultiplier:1.5]]
[2019.09.24-18.09.09:660][  0]LogConfig: Setting CVar [[s.TimeLimitExceededMinTime:0.005]]
[2019.09.24-18.09.09:660][  0]LogConfig: Setting CVar [[s.UseBackgroundLevelStreaming:1]]
[2019.09.24-18.09.09:660][  0]LogConfig: Setting CVar [[s.PriorityAsyncLoadingExtraTime:15.0]]
[2019.09.24-18.09.09:660][  0]LogConfig: Setting CVar [[s.LevelStreamingActorsUpdateTimeLimit:5.0]]
[2019.09.24-18.09.09:660][  0]LogConfig: Setting CVar [[s.PriorityLevelStreamingActorsUpdateExtraTime:5.0]]
[2019.09.24-18.09.09:660][  0]LogConfig: Setting CVar [[s.LevelStreamingComponentsRegistrationGranularity:10]]
[2019.09.24-18.09.09:660][  0]LogConfig: Setting CVar [[s.UnregisterComponentsTimeLimit:1.0]]
[2019.09.24-18.09.09:660][  0]LogConfig: Setting CVar [[s.LevelStreamingComponentsUnregistrationGranularity:5]]
[2019.09.24-18.09.09:660][  0]LogConfig: Applying CVar settings from Section [/Script/Engine.GarbageCollectionSettings] File [C:/Users/cjones4/Documents/Unreal Projects/JonesEscape/Saved/Config/Windows/Engine.ini]
[2019.09.24-18.09.09:660][  0]LogConfig: Setting CVar [[gc.MaxObjectsNotConsideredByGC:1]]
[2019.09.24-18.09.09:660][  0]LogConfig: Setting CVar [[gc.SizeOfPermanentObjectPool:0]]
[2019.09.24-18.09.09:660][  0]LogConfig: Setting CVar [[gc.FlushStreamingOnGC:0]]
[2019.09.24-18.09.09:660][  0]LogConfig: Setting CVar [[gc.NumRetriesBeforeForcingGC:10]]
[2019.09.24-18.09.09:660][  0]LogConfig: Setting CVar [[gc.AllowParallelGC:1]]
[2019.09.24-18.09.09:660][  0]LogConfig: Setting CVar [[gc.TimeBetweenPurgingPendingKillObjects:61.1]]
[2019.09.24-18.09.09:660][  0]LogConfig: Setting CVar [[gc.MaxObjectsInEditor:16777216]]
[2019.09.24-18.09.09:660][  0]LogConfig: Setting CVar [[gc.IncrementalBeginDestroyEnabled:1]]
[2019.09.24-18.09.09:660][  0]LogConfig: Setting CVar [[gc.CreateGCClusters:1]]
[2019.09.24-18.09.09:660][  0]LogConfig: Setting CVar [[gc.MinGCClusterSize:5]]
[2019.09.24-18.09.09:660][  0]LogConfig: Setting CVar [[gc.ActorClusteringEnabled:0]]
[2019.09.24-18.09.09:660][  0]LogConfig: Setting CVar [[gc.BlueprintClusteringEnabled:0]]
[2019.09.24-18.09.09:660][  0]LogConfig: Setting CVar [[gc.UseDisregardForGCOnDedicatedServers:0]]
[2019.09.24-18.09.09:660][  0]LogConfig: Applying CVar settings from Section [/Script/Engine.NetworkSettings] File [C:/Users/cjones4/Documents/Unreal Projects/JonesEscape/Saved/Config/Windows/Engine.ini]
[2019.09.24-18.09.09:660][  0]LogConfig: Applying CVar settings from Section [/Script/UnrealEd.CookerSettings] File [C:/Users/cjones4/Documents/Unreal Projects/JonesEscape/Saved/Config/Windows/Engine.ini]
[2019.09.24-18.09.09:662][  0]LogConfig: Applying CVar settings from Section [ViewDistanceQuality@3] File [C:/Users/cjones4/Documents/Unreal Projects/JonesEscape/Saved/Config/Windows/Scalability.ini]
[2019.09.24-18.09.09:662][  0]LogConfig: Setting CVar [[r.SkeletalMeshLODBias:0]]
[2019.09.24-18.09.09:662][  0]LogConfig: Setting CVar [[r.ViewDistanceScale:1.0]]
[2019.09.24-18.09.09:662][  0]LogConfig: Applying CVar settings from Section [AntiAliasingQuality@3] File [C:/Users/cjones4/Documents/Unreal Projects/JonesEscape/Saved/Config/Windows/Scalability.ini]
[2019.09.24-18.09.09:662][  0]LogConfig: Setting CVar [[r.PostProcessAAQuality:4]]
[2019.09.24-18.09.09:662][  0]LogConfig: Applying CVar settings from Section [ShadowQuality@3] File [C:/Users/cjones4/Documents/Unreal Projects/JonesEscape/Saved/Config/Windows/Scalability.ini]
[2019.09.24-18.09.09:662][  0]LogConfig: Setting CVar [[r.LightFunctionQuality:1]]
[2019.09.24-18.09.09:662][  0]LogConfig: Setting CVar [[r.ShadowQuality:5]]
[2019.09.24-18.09.09:662][  0]LogConfig: Setting CVar [[r.Shadow.CSM.MaxCascades:10]]
[2019.09.24-18.09.09:662][  0]LogConfig: Setting CVar [[r.Shadow.MaxResolution:2048]]
[2019.09.24-18.09.09:662][  0]LogConfig: Setting CVar [[r.Shadow.MaxCSMResolution:2048]]
[2019.09.24-18.09.09:663][  0]LogConfig: Setting CVar [[r.Shadow.RadiusThreshold:0.01]]
[2019.09.24-18.09.09:663][  0]LogConfig: Setting CVar [[r.Shadow.DistanceScale:1.0]]
[2019.09.24-18.09.09:663][  0]LogConfig: Setting CVar [[r.Shadow.CSM.TransitionScale:1.0]]
[2019.09.24-18.09.09:663][  0]LogConfig: Setting CVar [[r.Shadow.PreShadowResolutionFactor:1.0]]
[2019.09.24-18.09.09:663][  0]LogConfig: Setting CVar [[r.DistanceFieldShadowing:1]]
[2019.09.24-18.09.09:663][  0]LogConfig: Setting CVar [[r.DistanceFieldAO:1]]
[2019.09.24-18.09.09:663][  0]LogConfig: Setting CVar [[r.AOQuality:2]]
[2019.09.24-18.09.09:663][  0]LogConfig: Setting CVar [[r.VolumetricFog:1]]
[2019.09.24-18.09.09:663][  0]LogConfig: Setting CVar [[r.VolumetricFog.GridPixelSize:8]]
[2019.09.24-18.09.09:663][  0]LogConfig: Setting CVar [[r.VolumetricFog.GridSizeZ:128]]
[2019.09.24-18.09.09:663][  0]LogConfig: Setting CVar [[r.VolumetricFog.HistoryMissSupersampleCount:4]]
[2019.09.24-18.09.09:663][  0]LogConfig: Setting CVar [[r.LightMaxDrawDistanceScale:1]]
[2019.09.24-18.09.09:663][  0]LogConfig: Setting CVar [[r.CapsuleShadows:1]]
[2019.09.24-18.09.09:663][  0]LogConfig: Applying CVar settings from Section [PostProcessQuality@3] File [C:/Users/cjones4/Documents/Unreal Projects/JonesEscape/Saved/Config/Windows/Scalability.ini]
[2019.09.24-18.09.09:663][  0]LogConfig: Setting CVar [[r.MotionBlurQuality:4]]
[2019.09.24-18.09.09:663][  0]LogConfig: Setting CVar [[r.AmbientOcclusionMipLevelFactor:0.4]]
[2019.09.24-18.09.09:663][  0]LogConfig: Setting CVar [[r.AmbientOcclusionMaxQuality:100]]
[2019.09.24-18.09.09:663][  0]LogConfig: Setting CVar [[r.AmbientOcclusionLevels:-1]]
[2019.09.24-18.09.09:663][  0]LogConfig: Setting CVar [[r.AmbientOcclusionRadiusScale:1.0]]
[2019.09.24-18.09.09:663][  0]LogConfig: Setting CVar [[r.DepthOfFieldQuality:2]]
[2019.09.24-18.09.09:663][  0]LogConfig: Setting CVar [[r.RenderTargetPoolMin:400]]
[2019.09.24-18.09.09:663][  0]LogConfig: Setting CVar [[r.LensFlareQuality:2]]
[2019.09.24-18.09.09:663][  0]LogConfig: Setting CVar [[r.SceneColorFringeQuality:1]]
[2019.09.24-18.09.09:663][  0]LogConfig: Setting CVar [[r.EyeAdaptationQuality:2]]
[2019.09.24-18.09.09:663][  0]LogConfig: Setting CVar [[r.BloomQuality:5]]
[2019.09.24-18.09.09:663][  0]LogConfig: Setting CVar [[r.FastBlurThreshold:100]]
[2019.09.24-18.09.09:663][  0]LogConfig: Setting CVar [[r.Upscale.Quality:3]]
[2019.09.24-18.09.09:663][  0]LogConfig: Setting CVar [[r.Tonemapper.GrainQuantization:1]]
[2019.09.24-18.09.09:663][  0]LogConfig: Setting CVar [[r.LightShaftQuality:1]]
[2019.09.24-18.09.09:663][  0]LogConfig: Setting CVar [[r.Filter.SizeScale:1]]
[2019.09.24-18.09.09:663][  0]LogConfig: Setting CVar [[r.Tonemapper.Quality:5]]
[2019.09.24-18.09.09:663][  0]LogConfig: Setting CVar [[r.DOF.Gather.AccumulatorQuality:1        ; higher gathering accumulator quality]]
[2019.09.24-18.09.09:663][  0]LogConfig: Setting CVar [[r.DOF.Gather.PostfilterMethod:1          ; Median3x3 postfilering method]]
[2019.09.24-18.09.09:663][  0]LogConfig: Setting CVar [[r.DOF.Gather.EnableBokehSettings:0       ; no bokeh simulation when gathering]]
[2019.09.24-18.09.09:663][  0]LogConfig: Setting CVar [[r.DOF.Gather.RingCount:4                 ; medium number of samples when gathering]]
[2019.09.24-18.09.09:663][  0]LogConfig: Setting CVar [[r.DOF.Scatter.ForegroundCompositing:1    ; additive foreground scattering]]
[2019.09.24-18.09.09:663][  0]LogConfig: Setting CVar [[r.DOF.Scatter.BackgroundCompositing:2    ; additive background scattering]]
[2019.09.24-18.09.09:663][  0]LogConfig: Setting CVar [[r.DOF.Scatter.EnableBokehSettings:1      ; bokeh simulation when scattering]]
[2019.09.24-18.09.09:663][  0]LogConfig: Setting CVar [[r.DOF.Scatter.MaxSpriteRatio:0.1         ; only a maximum of 10% of scattered bokeh]]
[2019.09.24-18.09.09:663][  0]LogConfig: Setting CVar [[r.DOF.Recombine.Quality:1                ; cheap slight out of focus]]
[2019.09.24-18.09.09:663][  0]LogConfig: Setting CVar [[r.DOF.Recombine.EnableBokehSettings:0    ; no bokeh simulation on slight out of focus]]
[2019.09.24-18.09.09:663][  0]LogConfig: Setting CVar [[r.DOF.TemporalAAQuality:1                ; more stable temporal accumulation]]
[2019.09.24-18.09.09:663][  0]LogConfig: Setting CVar [[r.DOF.Kernel.MaxForegroundRadius:0.025]]
[2019.09.24-18.09.09:663][  0]LogConfig: Setting CVar [[r.DOF.Kernel.MaxBackgroundRadius:0.025]]
[2019.09.24-18.09.09:663][  0]LogConfig: Applying CVar settings from Section [TextureQuality@3] File [C:/Users/cjones4/Documents/Unreal Projects/JonesEscape/Saved/Config/Windows/Scalability.ini]
[2019.09.24-18.09.09:663][  0]LogConfig: Setting CVar [[r.Streaming.MipBias:0]]
[2019.09.24-18.09.09:663][  0]LogConfig: Setting CVar [[r.Streaming.AmortizeCPUToGPUCopy:0]]
[2019.09.24-18.09.09:663][  0]LogConfig: Setting CVar [[r.Streaming.MaxNumTexturesToStreamPerFrame:0]]
[2019.09.24-18.09.09:663][  0]LogConfig: Setting CVar [[r.Streaming.Boost:1]]
[2019.09.24-18.09.09:663][  0]LogConfig: Setting CVar [[r.MaxAnisotropy:8]]
[2019.09.24-18.09.09:663][  0]LogConfig: Setting CVar [[r.Streaming.LimitPoolSizeToVRAM:0]]
[2019.09.24-18.09.09:663][  0]LogConfig: Setting CVar [[r.Streaming.PoolSize:1000]]
[2019.09.24-18.09.09:663][  0]LogConfig: Setting CVar [[r.Streaming.MaxEffectiveScreenSize:0]]
[2019.09.24-18.09.09:663][  0]LogConfig: Applying CVar settings from Section [EffectsQuality@3] File [C:/Users/cjones4/Documents/Unreal Projects/JonesEscape/Saved/Config/Windows/Scalability.ini]
[2019.09.24-18.09.09:663][  0]LogConfig: Setting CVar [[r.TranslucencyLightingVolumeDim:64]]
[2019.09.24-18.09.09:663][  0]LogConfig: Setting CVar [[r.RefractionQuality:2]]
[2019.09.24-18.09.09:663][  0]LogConfig: Setting CVar [[r.SSR.Quality:3]]
[2019.09.24-18.09.09:663][  0]LogConfig: Setting CVar [[r.SceneColorFormat:4]]
[2019.09.24-18.09.09:663][  0]LogConfig: Setting CVar [[r.DetailMode:2]]
[2019.09.24-18.09.09:663][  0]LogConfig: Setting CVar [[r.TranslucencyVolumeBlur:1]]
[2019.09.24-18.09.09:663][  0]LogConfig: Setting CVar [[r.MaterialQualityLevel:1 ; High quality]]
[2019.09.24-18.09.09:663][  0]LogConfig: Setting CVar [[r.SSS.Scale:1]]
[2019.09.24-18.09.09:663][  0]LogConfig: Setting CVar [[r.SSS.SampleSet:2]]
[2019.09.24-18.09.09:663][  0]LogConfig: Setting CVar [[r.SSS.Quality:1]]
[2019.09.24-18.09.09:663][  0]LogConfig: Setting CVar [[r.SSS.HalfRes:1]]
[2019.09.24-18.09.09:663][  0]LogConfig: Setting CVar [[r.EmitterSpawnRateScale:1.0]]
[2019.09.24-18.09.09:663][  0]LogConfig: Setting CVar [[r.ParticleLightQuality:2]]
[2019.09.24-18.09.09:663][  0]LogConfig: Applying CVar settings from Section [FoliageQuality@3] File [C:/Users/cjones4/Documents/Unreal Projects/JonesEscape/Saved/Config/Windows/Scalability.ini]
[2019.09.24-18.09.09:663][  0]LogConfig: Setting CVar [[foliage.DensityScale:1.0]]
[2019.09.24-18.09.09:663][  0]LogConfig: Setting CVar [[grass.DensityScale:1.0]]
[2019.09.24-18.09.09:663][  0]LogInit: Selected Device Profile: [Windows]
[2019.09.24-18.09.09:663][  0]LogInit: Applying CVar settings loaded from the selected device profile: [Windows]
[2019.09.24-18.09.09:666][  0]LogHAL: Display: Platform has ~ 32 GB [34301571072 / 34359738368 / 32], which maps to Largest [LargestMinGB=32, LargerMinGB=12, DefaultMinGB=8, SmallerMinGB=6, SmallestMinGB=0)
[2019.09.24-18.09.09:666][  0]LogInit: Going up to parent DeviceProfile []
[2019.09.24-18.09.09:666][  0]LogConfig: Applying CVar settings from Section [ViewDistanceQuality@3] File [C:/Users/cjones4/Documents/Unreal Projects/JonesEscape/Saved/Config/Windows/Scalability.ini]
[2019.09.24-18.09.09:666][  0]LogConfig: Setting CVar [[r.SkeletalMeshLODBias:0]]
[2019.09.24-18.09.09:666][  0]LogConfig: Setting CVar [[r.ViewDistanceScale:1.0]]
[2019.09.24-18.09.09:666][  0]LogConfig: Applying CVar settings from Section [AntiAliasingQuality@3] File [C:/Users/cjones4/Documents/Unreal Projects/JonesEscape/Saved/Config/Windows/Scalability.ini]
[2019.09.24-18.09.09:666][  0]LogConfig: Setting CVar [[r.PostProcessAAQuality:4]]
[2019.09.24-18.09.09:666][  0]LogConfig: Applying CVar settings from Section [ShadowQuality@3] File [C:/Users/cjones4/Documents/Unreal Projects/JonesEscape/Saved/Config/Windows/Scalability.ini]
[2019.09.24-18.09.09:666][  0]LogConfig: Setting CVar [[r.LightFunctionQuality:1]]
[2019.09.24-18.09.09:666][  0]LogConfig: Setting CVar [[r.ShadowQuality:5]]
[2019.09.24-18.09.09:666][  0]LogConfig: Setting CVar [[r.Shadow.CSM.MaxCascades:10]]
[2019.09.24-18.09.09:666][  0]LogConfig: Setting CVar [[r.Shadow.MaxResolution:2048]]
[2019.09.24-18.09.09:666][  0]LogConfig: Setting CVar [[r.Shadow.MaxCSMResolution:2048]]
[2019.09.24-18.09.09:666][  0]LogConfig: Setting CVar [[r.Shadow.RadiusThreshold:0.01]]
[2019.09.24-18.09.09:666][  0]LogConfig: Setting CVar [[r.Shadow.DistanceScale:1.0]]
[2019.09.24-18.09.09:666][  0]LogConfig: Setting CVar [[r.Shadow.CSM.TransitionScale:1.0]]
[2019.09.24-18.09.09:666][  0]LogConfig: Setting CVar [[r.Shadow.PreShadowResolutionFactor:1.0]]
[2019.09.24-18.09.09:666][  0]LogConfig: Setting CVar [[r.DistanceFieldShadowing:1]]
[2019.09.24-18.09.09:666][  0]LogConfig: Setting CVar [[r.DistanceFieldAO:1]]
[2019.09.24-18.09.09:666][  0]LogConfig: Setting CVar [[r.AOQuality:2]]
[2019.09.24-18.09.09:666][  0]LogConfig: Setting CVar [[r.VolumetricFog:1]]
[2019.09.24-18.09.09:666][  0]LogConfig: Setting CVar [[r.VolumetricFog.GridPixelSize:8]]
[2019.09.24-18.09.09:666][  0]LogConfig: Setting CVar [[r.VolumetricFog.GridSizeZ:128]]
[2019.09.24-18.09.09:666][  0]LogConfig: Setting CVar [[r.VolumetricFog.HistoryMissSupersampleCount:4]]
[2019.09.24-18.09.09:666][  0]LogConfig: Setting CVar [[r.LightMaxDrawDistanceScale:1]]
[2019.09.24-18.09.09:666][  0]LogConfig: Setting CVar [[r.CapsuleShadows:1]]
[2019.09.24-18.09.09:666][  0]LogConfig: Applying CVar settings from Section [PostProcessQuality@3] File [C:/Users/cjones4/Documents/Unreal Projects/JonesEscape/Saved/Config/Windows/Scalability.ini]
[2019.09.24-18.09.09:666][  0]LogConfig: Setting CVar [[r.MotionBlurQuality:4]]
[2019.09.24-18.09.09:666][  0]LogConfig: Setting CVar [[r.AmbientOcclusionMipLevelFactor:0.4]]
[2019.09.24-18.09.09:666][  0]LogConfig: Setting CVar [[r.AmbientOcclusionMaxQuality:100]]
[2019.09.24-18.09.09:666][  0]LogConfig: Setting CVar [[r.AmbientOcclusionLevels:-1]]
[2019.09.24-18.09.09:666][  0]LogConfig: Setting CVar [[r.AmbientOcclusionRadiusScale:1.0]]
[2019.09.24-18.09.09:666][  0]LogConfig: Setting CVar [[r.DepthOfFieldQuality:2]]
[2019.09.24-18.09.09:666][  0]LogConfig: Setting CVar [[r.RenderTargetPoolMin:400]]
[2019.09.24-18.09.09:666][  0]LogConfig: Setting CVar [[r.LensFlareQuality:2]]
[2019.09.24-18.09.09:666][  0]LogConfig: Setting CVar [[r.SceneColorFringeQuality:1]]
[2019.09.24-18.09.09:666][  0]LogConfig: Setting CVar [[r.EyeAdaptationQuality:2]]
[2019.09.24-18.09.09:666][  0]LogConfig: Setting CVar [[r.BloomQuality:5]]
[2019.09.24-18.09.09:666][  0]LogConfig: Setting CVar [[r.FastBlurThreshold:100]]
[2019.09.24-18.09.09:666][  0]LogConfig: Setting CVar [[r.Upscale.Quality:3]]
[2019.09.24-18.09.09:666][  0]LogConfig: Setting CVar [[r.Tonemapper.GrainQuantization:1]]
[2019.09.24-18.09.09:666][  0]LogConfig: Setting CVar [[r.LightShaftQuality:1]]
[2019.09.24-18.09.09:667][  0]LogConfig: Setting CVar [[r.Filter.SizeScale:1]]
[2019.09.24-18.09.09:667][  0]LogConfig: Setting CVar [[r.Tonemapper.Quality:5]]
[2019.09.24-18.09.09:667][  0]LogConfig: Setting CVar [[r.DOF.Gather.AccumulatorQuality:1        ; higher gathering accumulator quality]]
[2019.09.24-18.09.09:667][  0]LogConfig: Setting CVar [[r.DOF.Gather.PostfilterMethod:1          ; Median3x3 postfilering method]]
[2019.09.24-18.09.09:667][  0]LogConfig: Setting CVar [[r.DOF.Gather.EnableBokehSettings:0       ; no bokeh simulation when gathering]]
[2019.09.24-18.09.09:667][  0]LogConfig: Setting CVar [[r.DOF.Gather.RingCount:4                 ; medium number of samples when gathering]]
[2019.09.24-18.09.09:667][  0]LogConfig: Setting CVar [[r.DOF.Scatter.ForegroundCompositing:1    ; additive foreground scattering]]
[2019.09.24-18.09.09:667][  0]LogConfig: Setting CVar [[r.DOF.Scatter.BackgroundCompositing:2    ; additive background scattering]]
[2019.09.24-18.09.09:667][  0]LogConfig: Setting CVar [[r.DOF.Scatter.EnableBokehSettings:1      ; bokeh simulation when scattering]]
[2019.09.24-18.09.09:667][  0]LogConfig: Setting CVar [[r.DOF.Scatter.MaxSpriteRatio:0.1         ; only a maximum of 10% of scattered bokeh]]
[2019.09.24-18.09.09:667][  0]LogConfig: Setting CVar [[r.DOF.Recombine.Quality:1                ; cheap slight out of focus]]
[2019.09.24-18.09.09:667][  0]LogConfig: Setting CVar [[r.DOF.Recombine.EnableBokehSettings:0    ; no bokeh simulation on slight out of focus]]
[2019.09.24-18.09.09:667][  0]LogConfig: Setting CVar [[r.DOF.TemporalAAQuality:1                ; more stable temporal accumulation]]
[2019.09.24-18.09.09:667][  0]LogConfig: Setting CVar [[r.DOF.Kernel.MaxForegroundRadius:0.025]]
[2019.09.24-18.09.09:667][  0]LogConfig: Setting CVar [[r.DOF.Kernel.MaxBackgroundRadius:0.025]]
[2019.09.24-18.09.09:667][  0]LogConfig: Applying CVar settings from Section [TextureQuality@3] File [C:/Users/cjones4/Documents/Unreal Projects/JonesEscape/Saved/Config/Windows/Scalability.ini]
[2019.09.24-18.09.09:667][  0]LogConfig: Setting CVar [[r.Streaming.MipBias:0]]
[2019.09.24-18.09.09:667][  0]LogConfig: Setting CVar [[r.Streaming.AmortizeCPUToGPUCopy:0]]
[2019.09.24-18.09.09:667][  0]LogConfig: Setting CVar [[r.Streaming.MaxNumTexturesToStreamPerFrame:0]]
[2019.09.24-18.09.09:667][  0]LogConfig: Setting CVar [[r.Streaming.Boost:1]]
[2019.09.24-18.09.09:667][  0]LogConfig: Setting CVar [[r.MaxAnisotropy:8]]
[2019.09.24-18.09.09:667][  0]LogConfig: Setting CVar [[r.Streaming.LimitPoolSizeToVRAM:0]]
[2019.09.24-18.09.09:667][  0]LogConfig: Setting CVar [[r.Streaming.PoolSize:1000]]
[2019.09.24-18.09.09:667][  0]LogConfig: Setting CVar [[r.Streaming.MaxEffectiveScreenSize:0]]
[2019.09.24-18.09.09:667][  0]LogConfig: Applying CVar settings from Section [EffectsQuality@3] File [C:/Users/cjones4/Documents/Unreal Projects/JonesEscape/Saved/Config/Windows/Scalability.ini]
[2019.09.24-18.09.09:667][  0]LogConfig: Setting CVar [[r.TranslucencyLightingVolumeDim:64]]
[2019.09.24-18.09.09:667][  0]LogConfig: Setting CVar [[r.RefractionQuality:2]]
[2019.09.24-18.09.09:667][  0]LogConfig: Setting CVar [[r.SSR.Quality:3]]
[2019.09.24-18.09.09:667][  0]LogConfig: Setting CVar [[r.SceneColorFormat:4]]
[2019.09.24-18.09.09:667][  0]LogConfig: Setting CVar [[r.DetailMode:2]]
[2019.09.24-18.09.09:667][  0]LogConfig: Setting CVar [[r.TranslucencyVolumeBlur:1]]
[2019.09.24-18.09.09:667][  0]LogConfig: Setting CVar [[r.MaterialQualityLevel:1 ; High quality]]
[2019.09.24-18.09.09:667][  0]LogConfig: Setting CVar [[r.SSS.Scale:1]]
[2019.09.24-18.09.09:667][  0]LogConfig: Setting CVar [[r.SSS.SampleSet:2]]
[2019.09.24-18.09.09:667][  0]LogConfig: Setting CVar [[r.SSS.Quality:1]]
[2019.09.24-18.09.09:667][  0]LogConfig: Setting CVar [[r.SSS.HalfRes:1]]
[2019.09.24-18.09.09:667][  0]LogConfig: Setting CVar [[r.EmitterSpawnRateScale:1.0]]
[2019.09.24-18.09.09:667][  0]LogConfig: Setting CVar [[r.ParticleLightQuality:2]]
[2019.09.24-18.09.09:667][  0]LogConfig: Applying CVar settings from Section [FoliageQuality@3] File [C:/Users/cjones4/Documents/Unreal Projects/JonesEscape/Saved/Config/Windows/Scalability.ini]
[2019.09.24-18.09.09:667][  0]LogConfig: Setting CVar [[foliage.DensityScale:1.0]]
[2019.09.24-18.09.09:667][  0]LogConfig: Setting CVar [[grass.DensityScale:1.0]]
[2019.09.24-18.09.09:667][  0]LogConfig: Applying CVar settings from Section [Startup] File [../../../Engine/Config/ConsoleVariables.ini]
[2019.09.24-18.09.09:667][  0]LogConfig: Setting CVar [[net.UseAdaptiveNetUpdateFrequency:0]]
[2019.09.24-18.09.09:667][  0]LogConfig: Setting CVar [[p.chaos.AllowCreatePhysxBodies:1]]
[2019.09.24-18.09.09:667][  0]LogConfig: Applying CVar settings from Section [ConsoleVariables] File [C:/Users/cjones4/Documents/Unreal Projects/JonesEscape/Saved/Config/Windows/Engine.ini]
[2019.09.24-18.09.09:667][  0]LogInit: Computer: NQSCGL-MSI-12
[2019.09.24-18.09.09:667][  0]LogInit: User: cjones4
[2019.09.24-18.09.09:667][  0]LogInit: CPU Page size=4096, Cores=4
[2019.09.24-18.09.09:667][  0]LogInit: High frequency timer resolution =10.000000 MHz
[2019.09.24-18.09.09:667][  0]LogMemory: Memory total: Physical=31.9GB (32GB approx)
[2019.09.24-18.09.09:667][  0]LogMemory: Platform Memory Stats for Windows
[2019.09.24-18.09.09:667][  0]LogMemory: Process Physical Memory: 103.25 MB used, 103.26 MB peak
[2019.09.24-18.09.09:667][  0]LogMemory: Process Virtual Memory: 99.02 MB used, 99.02 MB peak
[2019.09.24-18.09.09:667][  0]LogMemory: Physical Memory: 6564.42 MB used,  26148.11 MB free, 32712.53 MB total
[2019.09.24-18.09.09:667][  0]LogMemory: Virtual Memory: 4667.51 MB used,  134213064.00 MB free, 134217728.00 MB total
[2019.09.24-18.09.09:670][  0]LogWindows: WindowsPlatformFeatures enabled
[2019.09.24-18.09.09:690][  0]LogInit: Using OS detected language (en-US).
[2019.09.24-18.09.09:690][  0]LogInit: Using OS detected locale (en-US).
[2019.09.24-18.09.09:691][  0]LogTextLocalizationManager: No specific localization for 'en-US' exists, so the 'en' localization will be used.
[2019.09.24-18.09.09:842][  0]LogInit: Setting process to per monitor DPI aware
[2019.09.24-18.09.09:871][  0]LogSlate: New Slate User Created.  User Index 0, Is Virtual User: 0
[2019.09.24-18.09.09:871][  0]LogSlate: Slate User Registered.  User Index 0, Is Virtual User: 0
[2019.09.24-18.09.10:048][  0]LogHMD: Failed to initialize OpenVR with code 110
[2019.09.24-18.09.10:048][  0]LogD3D11RHI: D3D11 adapters:
[2019.09.24-18.09.10:117][  0]LogD3D11RHI:    0. 'NVIDIA GeForce GTX 1070' (Feature Level 11_0)
[2019.09.24-18.09.10:117][  0]LogD3D11RHI:       8088/0/16356 MB DedicatedVideo/DedicatedSystem/SharedSystem, Outputs:1, VendorId:0x10de
[2019.09.24-18.09.10:120][  0]LogD3D11RHI:    1. 'Microsoft Basic Render Driver' (Feature Level 11_0)
[2019.09.24-18.09.10:120][  0]LogD3D11RHI:       0/0/16356 MB DedicatedVideo/DedicatedSystem/SharedSystem, Outputs:0, VendorId:0x1414
[2019.09.24-18.09.10:120][  0]LogD3D11RHI: Chosen D3D11 Adapter: 0
[2019.09.24-18.09.10:126][  0]LogD3D11RHI: Creating new Direct3DDevice
[2019.09.24-18.09.10:126][  0]LogD3D11RHI:     GPU DeviceId: 0x1b81 (for the marketing name, search the web for "GPU Device Id")
[2019.09.24-18.09.10:126][  0]LogWindows: EnumDisplayDevices:
[2019.09.24-18.09.10:126][  0]LogWindows:    0. 'NVIDIA GeForce GTX 1070' (P:1 D:1)
[2019.09.24-18.09.10:126][  0]LogWindows:    1. 'NVIDIA GeForce GTX 1070' (P:0 D:0)
[2019.09.24-18.09.10:127][  0]LogWindows:    2. 'NVIDIA GeForce GTX 1070' (P:0 D:0)
[2019.09.24-18.09.10:127][  0]LogWindows:    3. 'NVIDIA GeForce GTX 1070' (P:0 D:0)
[2019.09.24-18.09.10:127][  0]LogWindows: DebugString: FoundDriverCount:4 
[2019.09.24-18.09.10:127][  0]LogD3D11RHI:     Adapter Name: NVIDIA GeForce GTX 1070
[2019.09.24-18.09.10:127][  0]LogD3D11RHI:   Driver Version: 430.86 (internal:26.21.14.3086, unified:430.86)
[2019.09.24-18.09.10:127][  0]LogD3D11RHI:      Driver Date: 5-22-2019
[2019.09.24-18.09.10:127][  0]LogRHI: Texture pool is 5661 MB (70% of 8088 MB)
[2019.09.24-18.09.10:176][  0]LogD3D11RHI: Async texture creation enabled
[2019.09.24-18.09.10:187][  0]LogD3D11RHI: GPU Timing Frequency: 1000.000000 (Debug: 2 1)
[2019.09.24-18.09.10:523][  0]LogTemp: Display: Module 'AllDesktopTargetPlatform' loaded TargetPlatform 'AllDesktop'
[2019.09.24-18.09.10:531][  0]LogTemp: Display: Module 'MacClientTargetPlatform' loaded TargetPlatform 'MacClient'
[2019.09.24-18.09.10:539][  0]LogTemp: Display: Module 'MacNoEditorTargetPlatform' loaded TargetPlatform 'MacNoEditor'
[2019.09.24-18.09.10:548][  0]LogTemp: Display: Module 'MacServerTargetPlatform' loaded TargetPlatform 'MacServer'
[2019.09.24-18.09.10:556][  0]LogTemp: Display: Module 'MacTargetPlatform' loaded TargetPlatform 'Mac'
[2019.09.24-18.09.10:564][  0]LogTemp: Display: Module 'WindowsClientTargetPlatform' loaded TargetPlatform 'WindowsClient'
[2019.09.24-18.09.10:572][  0]LogTemp: Display: Module 'WindowsNoEditorTargetPlatform' loaded TargetPlatform 'WindowsNoEditor'
[2019.09.24-18.09.10:580][  0]LogTemp: Display: Module 'WindowsServerTargetPlatform' loaded TargetPlatform 'WindowsServer'
[2019.09.24-18.09.10:584][  0]LogTemp: Display: Module 'WindowsTargetPlatform' loaded TargetPlatform 'Windows'
[2019.09.24-18.09.10:611][  0]LogTemp: Display: Module 'AndroidTargetPlatform' loaded TargetPlatform 'Android'
[2019.09.24-18.09.10:612][  0]LogTemp: Display: Module 'AndroidTargetPlatform' loaded TargetPlatform 'Android_ASTC'
[2019.09.24-18.09.10:612][  0]LogTemp: Display: Module 'AndroidTargetPlatform' loaded TargetPlatform 'Android_ATC'
[2019.09.24-18.09.10:612][  0]LogTemp: Display: Module 'AndroidTargetPlatform' loaded TargetPlatform 'Android_DXT'
[2019.09.24-18.09.10:612][  0]LogTemp: Display: Module 'AndroidTargetPlatform' loaded TargetPlatform 'Android_ETC1'
[2019.09.24-18.09.10:612][  0]LogTemp: Display: Module 'AndroidTargetPlatform' loaded TargetPlatform 'Android_ETC1a'
[2019.09.24-18.09.10:612][  0]LogTemp: Display: Module 'AndroidTargetPlatform' loaded TargetPlatform 'Android_ETC2'
[2019.09.24-18.09.10:612][  0]LogTemp: Display: Module 'AndroidTargetPlatform' loaded TargetPlatform 'Android_PVRTC'
[2019.09.24-18.09.10:612][  0]LogTemp: Display: Module 'AndroidTargetPlatform' loaded TargetPlatform 'AndroidClient'
[2019.09.24-18.09.10:612][  0]LogTemp: Display: Module 'AndroidTargetPlatform' loaded TargetPlatform 'Android_ASTCClient'
[2019.09.24-18.09.10:612][  0]LogTemp: Display: Module 'AndroidTargetPlatform' loaded TargetPlatform 'Android_ATCClient'
[2019.09.24-18.09.10:612][  0]LogTemp: Display: Module 'AndroidTargetPlatform' loaded TargetPlatform 'Android_DXTClient'
[2019.09.24-18.09.10:612][  0]LogTemp: Display: Module 'AndroidTargetPlatform' loaded TargetPlatform 'Android_ETC1Client'
[2019.09.24-18.09.10:612][  0]LogTemp: Display: Module 'AndroidTargetPlatform' loaded TargetPlatform 'Android_ETC1aClient'
[2019.09.24-18.09.10:612][  0]LogTemp: Display: Module 'AndroidTargetPlatform' loaded TargetPlatform 'Android_ETC2Client'
[2019.09.24-18.09.10:612][  0]LogTemp: Display: Module 'AndroidTargetPlatform' loaded TargetPlatform 'Android_PVRTCClient'
[2019.09.24-18.09.10:612][  0]LogTemp: Display: Module 'AndroidTargetPlatform' loaded TargetPlatform 'Android_Multi'
[2019.09.24-18.09.10:612][  0]LogTemp: Display: Module 'AndroidTargetPlatform' loaded TargetPlatform 'Android_MultiClient'
[2019.09.24-18.09.10:613][  0]LogTemp: Display: Module 'HTML5TargetPlatform' loaded TargetPlatform 'HTML5'
[2019.09.24-18.09.10:629][  0]LogTemp: Display: Module 'IOSTargetPlatform' loaded TargetPlatform 'IOSClient'
[2019.09.24-18.09.10:629][  0]LogTemp: Display: Module 'IOSTargetPlatform' loaded TargetPlatform 'IOS'
[2019.09.24-18.09.10:642][  0]LogTemp: Display: Module 'TVOSTargetPlatform' loaded TargetPlatform 'TVOSClient'
[2019.09.24-18.09.10:642][  0]LogTemp: Display: Module 'TVOSTargetPlatform' loaded TargetPlatform 'TVOS'
[2019.09.24-18.09.10:648][  0]LogTemp: Display: Module 'LinuxClientTargetPlatform' loaded TargetPlatform 'LinuxClient'
[2019.09.24-18.09.10:655][  0]LogTemp: Display: Module 'LinuxNoEditorTargetPlatform' loaded TargetPlatform 'LinuxNoEditor'
[2019.09.24-18.09.10:660][  0]LogTemp: Display: Module 'LinuxServerTargetPlatform' loaded TargetPlatform 'LinuxServer'
[2019.09.24-18.09.10:667][  0]LogTemp: Display: Module 'LinuxTargetPlatform' loaded TargetPlatform 'Linux'
[2019.09.24-18.09.10:688][  0]LogTemp: Display: Module 'LuminTargetPlatform' loaded TargetPlatform 'Lumin'
[2019.09.24-18.09.10:688][  0]LogTemp: Display: Module 'LuminTargetPlatform' loaded TargetPlatform 'LuminClient'
[2019.09.24-18.09.10:688][  0]LogTargetPlatformManager: Display: Building Assets For Windows
[2019.09.24-18.09.10:697][  0]LogAudioDebug: Display: Lib vorbis DLL was dynamically loaded.
[2019.09.24-18.09.10:747][  0]LogShaderCompilers: Guid format shader working directory is -21 characters bigger than the processId version (../../../../../../Users/cjones4/Documents/Unreal Projects/JonesEscape/Intermediate/Shaders/WorkingDirectory/8140/).
[2019.09.24-18.09.10:748][  0]LogShaderCompilers: Cleaned the shader compiler working directory 'C:/Users/cjones4/AppData/Local/Temp/UnrealShaderWorkingDir/6078C62A48D2CDD5BB6566A1959A4F3C/'.
[2019.09.24-18.09.10:750][  0]LogXGEController: Cannot use XGE Controller as Incredibuild is not installed on this machine.
[2019.09.24-18.09.10:750][  0]LogShaderCompilers: Cannot use XGE Shader Compiler as Incredibuild is not installed on this machine.
[2019.09.24-18.09.10:750][  0]LogShaderCompilers: Display: Using Local Shader Compiler.
[2019.09.24-18.09.11:293][  0]LogDerivedDataCache: Display: Max Cache Size: 512 MB
[2019.09.24-18.09.11:339][  0]LogDerivedDataCache: Loaded boot cache 0.05s 74MB C:/Users/cjones4/AppData/Local/UnrealEngine/4.23/DerivedDataCache/Boot.ddc.
[2019.09.24-18.09.11:339][  0]LogDerivedDataCache: Display: Loaded Boot cache: C:/Users/cjones4/AppData/Local/UnrealEngine/4.23/DerivedDataCache/Boot.ddc
[2019.09.24-18.09.11:340][  0]LogDerivedDataCache: FDerivedDataBackendGraph:  Pak pak cache file ../../../../../../Users/cjones4/Documents/Unreal Projects/JonesEscape/DerivedDataCache/DDC.ddp not found, will not use a pak cache.
[2019.09.24-18.09.11:340][  0]LogDerivedDataCache: Unable to find inner node Pak for hierarchical cache Hierarchy.
[2019.09.24-18.09.11:340][  0]LogDerivedDataCache: FDerivedDataBackendGraph:  CompressedPak pak cache file ../../../../../../Users/cjones4/Documents/Unreal Projects/JonesEscape/DerivedDataCache/Compressed.ddp not found, will not use a pak cache.
[2019.09.24-18.09.11:340][  0]LogDerivedDataCache: Unable to find inner node CompressedPak for hierarchical cache Hierarchy.
[2019.09.24-18.09.11:349][  0]LogDerivedDataCache: Display: Pak cache opened for reading ../../../Engine/DerivedDataCache/Compressed.ddp.
[2019.09.24-18.09.11:349][  0]LogDerivedDataCache: FDerivedDataBackendGraph:  EnterprisePak pak cache file ../../../Enterprise/DerivedDataCache/Compressed.ddp not found, will not use a pak cache.
[2019.09.24-18.09.11:349][  0]LogDerivedDataCache: Unable to find inner node EnterprisePak for hierarchical cache Hierarchy.
[2019.09.24-18.09.11:350][  0]LogDerivedDataCache: Using Local data cache path C:/Users/cjones4/AppData/Local/UnrealEngine/Common/DerivedDataCache: Writable
[2019.09.24-18.09.11:351][  0]LogDerivedDataCache: Shared data cache path not found in *engine.ini, will not use an Shared cache.
[2019.09.24-18.09.11:351][  0]LogDerivedDataCache: Unable to find inner node Shared for hierarchical cache Hierarchy.
[2019.09.24-18.09.11:368][  0]LogMaterial: Verifying Global Shaders for PCD3D_SM5
[2019.09.24-18.09.11:370][  0]LogSlate: Using FreeType 2.6.0
[2019.09.24-18.09.11:371][  0]LogSlate: SlateFontServices - WITH_FREETYPE: 1, WITH_HARFBUZZ: 1
[2019.09.24-18.09.11:427][  0]LogAssetRegistry: FAssetRegistry took 0.0022 seconds to start up
[2019.09.24-18.09.11:652][  0]LogInit: Selected Device Profile: [Windows]
[2019.09.24-18.09.11:822][  0]LogMeshReduction: Using QuadricMeshReduction for automatic static mesh reduction
[2019.09.24-18.09.11:822][  0]LogMeshReduction: Using SimplygonMeshReduction for automatic skeletal mesh reduction
[2019.09.24-18.09.11:822][  0]LogMeshReduction: Using ProxyLODMeshReduction for automatic mesh merging
[2019.09.24-18.09.11:822][  0]LogMeshReduction: No distributed automatic mesh merging module available
[2019.09.24-18.09.11:822][  0]LogMeshMerging: No distributed automatic mesh merging module available
[2019.09.24-18.09.11:830][  0]LogNetVersion: JonesEscape 1.0.0, NetCL: 8386587, EngineNetVer: 11, GameNetVer: 0 (Checksum: 1339849860)
[2019.09.24-18.09.12:294][  0]LogPackageLocalizationCache: Processed 12 localized package path(s) for 1 prioritized culture(s) in 0.143713 seconds
[2019.09.24-18.09.12:300][  0]LogUObjectArray: 43444 objects as part of root set at end of initial load.
[2019.09.24-18.09.12:300][  0]LogUObjectAllocator: 7548648 out of 0 bytes used by permanent object pool.
[2019.09.24-18.09.12:300][  0]LogUObjectArray: CloseDisregardForGC: 0/0 objects in disregard for GC pool
[2019.09.24-18.09.13:241][  0]LogTcpMessaging: Initializing TcpMessaging bridge
[2019.09.24-18.09.13:268][  0]LogUdpMessaging: Initializing bridge on interface 0.0.0.0:0 to multicast group 230.0.0.1:6666.
[2019.09.24-18.09.13:346][  0]SourceControl: Source control is disabled
[2019.09.24-18.09.13:346][  0]SourceControl: Source control is disabled
[2019.09.24-18.09.13:347][  0]SourceControl: Source control is disabled
[2019.09.24-18.09.13:348][  0]SourceControl: Source control is disabled
[2019.09.24-18.09.13:355][  0]LogVSAccessor: Display: Unable to create Visual Studio setup instance: 80040154
[2019.09.24-18.09.13:356][  0]LogVSAccessor: Display: Unable to create Visual Studio setup instance: 80040154
[2019.09.24-18.09.13:430][  0]LogAndroidPermission: UAndroidPermissionCallbackProxy::GetInstance
[2019.09.24-18.09.13:597][  0]LogOcInput: OculusInput pre-init called
[2019.09.24-18.09.13:603][  0]LogWindows: Failed to load 'OVRPlugin.dll' (GetLastError=126)
[2019.09.24-18.09.13:603][  0]LogWindows: File 'OVRPlugin.dll' does not exist
[2019.09.24-18.09.13:664][  0]LogEngine: Initializing Engine...
[2019.09.24-18.09.13:665][  0]LogHMD: Failed to initialize OpenVR with code 110
[2019.09.24-18.09.13:666][  0]LogStats: UGameplayTagsManager::InitializeManager -  0.000 s
[2019.09.24-18.09.13:854][  0]LogInit: Initializing FReadOnlyCVARCache
[2019.09.24-18.09.13:869][  0]LogAIModule: Creating AISystem for world Untitled
[2019.09.24-18.09.13:910][  0]LogInit: XAudio2 using 'Speakers (USB Audio DAC   )' : 2 channels at 48 kHz using 16 bits per sample (channel mask 0x3)
[2019.09.24-18.09.13:928][  0]LogInit: FAudioDevice initialized.
[2019.09.24-18.09.13:928][  0]LogNetVersion: Set ProjectVersion to 1.0.0.0. Version Checksum will be recalculated on next use.
[2019.09.24-18.09.14:029][  0]LogDerivedDataCache: Saved boot cache 0.10s 74MB C:/Users/cjones4/AppData/Local/UnrealEngine/4.23/DerivedDataCache/Boot.ddc.
[2019.09.24-18.09.14:031][  0]LogInit: Texture streaming: Enabled
[2019.09.24-18.09.14:051][  0]LogEngineSessionManager: EngineSessionManager initialized
[2019.09.24-18.09.14:070][  0]LogInit: Transaction tracking system initialized
[2019.09.24-18.09.14:099][  0]BlueprintLog: New page: Editor Load
[2019.09.24-18.09.14:195][  0]LocalizationService: Localization service is disabled
[2019.09.24-18.09.14:283][  0]LogVSAccessor: Display: Unable to create Visual Studio setup instance: 80040154
[2019.09.24-18.09.14:284][  0]LogVSAccessor: Display: Unable to create Visual Studio setup instance: 80040154
[2019.09.24-18.09.14:428][  0]LogFileCache: Scanning file cache for directory 'C:/Users/cjones4/Documents/Unreal Projects/JonesEscape/Content/' took 0.00s
[2019.09.24-18.09.14:428][  0]LogCook: Display: Max memory allowance for cook 16384mb min free memory 0mb
[2019.09.24-18.09.14:428][  0]LogCook: Display: Mobile HDR setting 1
[2019.09.24-18.09.14:606][  0]SourceControl: Source control is disabled
[2019.09.24-18.09.14:606][  0]Cmd: MAP LOAD FILE="../../../../../../Users/cjones4/Documents/Unreal Projects/JonesEscape/Content/FirstPersonBP/Maps/FirstPersonExampleMap.umap" TEMPLATE=0 SHOWPROGRESS=1 FEATURELEVEL=3
[2019.09.24-18.09.14:607][  0]LightingResults: New page: Lighting Build
[2019.09.24-18.09.14:610][  0]LogWorld: UWorld::CleanupWorld for Untitled, bSessionEnded=true, bCleanupResources=true
[2019.09.24-18.09.14:610][  0]MapCheck: New page: Map Check
[2019.09.24-18.09.14:610][  0]LightingResults: New page: Lighting Build
[2019.09.24-18.09.14:630][  0]LogUObjectHash: Compacting FUObjectHashTables data took   1.31ms
[2019.09.24-18.09.16:963][  0]LogTexture: Display: Building textures: HQ_Lightmap1_5 (AutoDXT, 64X64)
[2019.09.24-18.09.16:963][  0]LogTexture: Display: Building textures: LQ_Lightmap_1_2 (DXT1, 2048X2048)
[2019.09.24-18.09.16:963][  0]LogTexture: Display: Building textures: LQ_Lightmap_1_1 (DXT1, 2048X2048)
[2019.09.24-18.09.16:963][  0]LogTexture: Display: Building textures: HQ_Lightmap1_4 (AutoDXT, 2048X2048)
[2019.09.24-18.09.16:963][  0]LogTexture: Display: Building textures: HQ_Lightmap1_1 (AutoDXT, 2048X2048)
[2019.09.24-18.09.16:963][  0]LogTexture: Display: Building textures: HQ_Lightmap1_2 (AutoDXT, 2048X2048)
[2019.09.24-18.09.16:963][  0]LogTexture: Display: Building textures: HQ_Lightmap1_3 (AutoDXT, 2048X2048)
[2019.09.24-18.09.16:963][  0]LogTexture: Display: Building textures: LQ_Lightmap_1_3 (DXT1, 2048X2048)
[2019.09.24-18.09.16:963][  0]LogTexture: Display: Building textures: LQ_Lightmap_1_4 (DXT1, 2048X2048)
[2019.09.24-18.09.16:963][  0]LogTexture: Display: Building textures: LQ_Lightmap_1_5 (DXT1, 64X64)
[2019.09.24-18.09.16:963][  0]LogTexture: Display: Building textures: SkyOcclusion1_1 (AutoDXT, 2048X1024)
[2019.09.24-18.09.16:963][  0]LogTexture: Display: Building textures: SkyOcclusion1_2 (AutoDXT, 2048X1024)
[2019.09.24-18.09.16:963][  0]LogTexture: Display: Building textures: SkyOcclusion1_3 (AutoDXT, 2048X1024)
[2019.09.24-18.09.16:963][  0]LogTexture: Display: Building textures: SkyOcclusion1_4 (AutoDXT, 2048X1024)
[2019.09.24-18.09.16:963][  0]LogTexture: Display: Building textures: SkyOcclusion1_5 (AutoDXT, 64X32)
[2019.09.24-18.09.16:963][  0]LogTexture: Display: Building textures: ShadowMapTexture2D_10 (G8, 1024X1024)
[2019.09.24-18.09.16:963][  0]LogTexture: Display: Building textures: ShadowMapTexture2D_11 (G8, 1024X1024)
[2019.09.24-18.09.16:963][  0]LogTexture: Display: Building textures: ShadowMapTexture2D_12 (G8, 1024X1024)
[2019.09.24-18.09.16:963][  0]LogTexture: Display: Building textures: ShadowMapTexture2D_13 (G8, 1024X1024)
[2019.09.24-18.09.16:963][  0]LogTexture: Display: Building textures: ShadowMapTexture2D_14 (G8, 1024X1024)
[2019.09.24-18.09.16:963][  0]LogTexture: Display: Building textures: ShadowMapTexture2D_15 (G8, 32X32)
[2019.09.24-18.09.16:963][  0]LogTexture: Display: Building textures: ShadowMapTexture2D_8 (G8, 1024X1024)
[2019.09.24-18.09.16:963][  0]LogTexture: Display: Building textures: ShadowMapTexture2D_9 (G8, 1024X1024)
[2019.09.24-18.09.16:992][  0]LogAIModule: Creating AISystem for world FirstPersonExampleMap
[2019.09.24-18.09.17:005][  0]LogEditorServer: Finished looking for orphan Actors (0.000 secs)
[2019.09.24-18.09.17:028][  0]LogUObjectHash: Compacting FUObjectHashTables data took   1.70ms
[2019.09.24-18.09.17:028][  0]Cmd: MAP CHECKDEP NOCLEARLOG
[2019.09.24-18.09.17:028][  0]MapCheck: Map check complete: 0 Error(s), 0 Warning(s), took 0.151ms to complete.
[2019.09.24-18.09.17:028][  0]LogFileHelpers: Loading map 'FirstPersonExampleMap' took 2.423
[2019.09.24-18.09.17:243][  0]LogSlate: Updating window title bar state: overlay mode, drag disabled, window buttons hidden, title bar hidden
[2019.09.24-18.09.17:248][  0]LogSlate: Updating window title bar state: overlay mode, drag disabled, window buttons hidden, title bar hidden
[2019.09.24-18.09.17:253][  0]LogSlate: Updating window title bar state: overlay mode, drag disabled, window buttons hidden, title bar hidden
[2019.09.24-18.09.17:259][  0]LogSlate: Updating window title bar state: overlay mode, drag disabled, window buttons hidden, title bar hidden
[2019.09.24-18.09.17:265][  0]LogCollectionManager: Loaded 0 collections in 0.001793 seconds
[2019.09.24-18.09.17:286][  0]LogFileCache: Scanning file cache for directory 'C:/Users/cjones4/Documents/Unreal Projects/JonesEscape/Saved/Collections/' took 0.00s
[2019.09.24-18.09.17:286][  0]LogFileCache: Scanning file cache for directory 'C:/Users/cjones4/Documents/Unreal Projects/JonesEscape/Content/Developers/cjones4/Collections/' took 0.00s
[2019.09.24-18.09.17:286][  0]LogFileCache: Scanning file cache for directory 'C:/Users/cjones4/Documents/Unreal Projects/JonesEscape/Content/Collections/' took 0.00s
[2019.09.24-18.09.17:286][  0]LogCollectionManager: Rebuilt the GUID cache for 0 collections in 0.000001 seconds
[2019.09.24-18.09.17:293][  0]LogContentBrowser: Native class hierarchy populated in 0.0066 seconds. Added 2863 classes and 680 folders.
[2019.09.24-18.09.17:299][  0]LogContentBrowser: Native class hierarchy updated for 'WidgetCarousel' in 0.0002 seconds. Added 0 classes and 0 folders.
[2019.09.24-18.09.17:339][  0]LogContentBrowser: Native class hierarchy updated for 'AddContentDialog' in 0.0002 seconds. Added 0 classes and 0 folders.
[2019.09.24-18.09.17:694][  0]LogContentBrowser: Native class hierarchy updated for 'SceneOutliner' in 0.0002 seconds. Added 1 classes and 2 folders.
[2019.09.24-18.09.17:708][  0]LogSlate: Took 0.000158 seconds to synchronously load lazily loaded font '../../../Engine/Content/Slate/Fonts/Roboto-Regular.ttf' (155K)
[2019.09.24-18.09.17:709][  0]LogSlate: Took 0.000207 seconds to synchronously load lazily loaded font '../../../Engine/Content/Slate/Fonts/Roboto-Bold.ttf' (160K)
[2019.09.24-18.09.17:737][  0]LogSlate: Took 0.023982 seconds to synchronously load lazily loaded font '../../../Engine/Content/Editor/Slate/Fonts/FontAwesome.ttf' (139K)
[2019.09.24-18.09.17:836][  0]LogRenderer: Reallocating scene render targets to support 1056x556 Format 10 NumSamples 1 (Frame:1).
[2019.09.24-18.09.17:958][  0]LogSlate: FSceneViewport::OnFocusLost() reason 5
[2019.09.24-18.09.18:015][  0]LogSlate: Window 'Tutorials' being destroyed
[2019.09.24-18.09.18:025][  0]LogContentBrowser: Native class hierarchy updated for 'HierarchicalLODOutliner' in 0.0002 seconds. Added 0 classes and 0 folders.
[2019.09.24-18.09.18:025][  0]LogLoad: (Engine Initialization) Total time: 9.54 seconds
[2019.09.24-18.09.18:025][  0]LogLoad: (Engine Initialization) Total Blueprint compile time: 0.00 seconds
[2019.09.24-18.09.18:069][  0]LogAssetRegistry: Asset discovery search completed in 6.6419 seconds
[2019.09.24-18.09.18:072][  0]LogCollectionManager: Rebuilt the object cache for 0 collections in 0.000006 seconds (found 0 objects)
[2019.09.24-18.09.18:072][  0]LogCollectionManager: Fixed up redirectors for 0 collections in 0.000042 seconds (updated 0 objects)
[2019.09.24-18.09.18:073][  0]LogContentStreaming: Texture pool size now 1000 MB
[2019.09.24-18.09.18:090][  0]LogSlate: Took 0.000226 seconds to synchronously load lazily loaded font '../../../Engine/Content/Slate/Fonts/Roboto-Light.ttf' (167K)
[2019.09.24-18.09.48:237][609]LogSlate: FSceneViewport::OnFocusLost() reason 0
[2019.09.24-18.14.28:005][463]LogSlate: FSceneViewport::OnFocusLost() reason 0
[2019.09.24-18.15.12:291][774]LogSlate: FSceneViewport::OnFocusLost() reason 0
[2019.09.24-18.15.20:269][731]LogEditorViewport: Clicking on Actor (LMB): StaticMeshActor (EditorCube8)
[2019.09.24-18.16.19:529][287]LogSlate: FSceneViewport::OnFocusLost() reason 5
[2019.09.24-18.16.22:398][609]LogEditorViewport: Clicking on Actor (LMB): StaticMeshActor (EditorCube12)
[2019.09.24-18.16.24:469][854]LogSlate: FSceneViewport::OnFocusLost() reason 0
[2019.09.24-18.16.28:199][299]LogSlate: Took 0.020501 seconds to synchronously load lazily loaded font '../../../Engine/Content/Slate/Fonts/Roboto-Italic.ttf' (157K)
[2019.09.24-18.18.36:099][901]LogTemp: Repeating last play command: Selected Viewport
[2019.09.24-18.18.36:102][901]LogBlueprintUserMessages: Early PlayInEditor Detection: Level '/Game/FirstPersonBP/Maps/FirstPersonExampleMap.FirstPersonExampleMap:PersistentLevel' has LevelScriptBlueprint '/Game/FirstPersonBP/Maps/FirstPersonExampleMap.FirstPersonExampleMap:PersistentLevel.FirstPersonExampleMap' with GeneratedClass '/Game/FirstPersonBP/Maps/FirstPersonExampleMap.FirstPersonExampleMap_C' with ClassGeneratedBy '/Game/FirstPersonBP/Maps/FirstPersonExampleMap.FirstPersonExampleMap:PersistentLevel.FirstPersonExampleMap'
[2019.09.24-18.18.36:102][901]LogPlayLevel: PlayLevel: No blueprints needed recompiling
[2019.09.24-18.18.36:132][901]PIE: New page: PIE session: FirstPersonExampleMap (Sep 24, 2019, 10:18:36 AM)
[2019.09.24-18.18.36:133][901]LogOnline: OSS: Creating online subsystem instance for: NULL
[2019.09.24-18.18.36:133][901]LogPlayLevel: Creating play world package: /Game/FirstPersonBP/Maps/UEDPIE_0_FirstPersonExampleMap
[2019.09.24-18.18.36:146][901]LogPlayLevel: PIE: StaticDuplicateObject took: (0.012721s)
[2019.09.24-18.18.36:147][901]LogAIModule: Creating AISystem for world FirstPersonExampleMap
[2019.09.24-18.18.36:147][901]LogPlayLevel: PIE: World Init took: (0.001384s)
[2019.09.24-18.18.36:147][901]LogPlayLevel: PIE: Created PIE world by copying editor world from /Game/FirstPersonBP/Maps/FirstPersonExampleMap.FirstPersonExampleMap to /Game/FirstPersonBP/Maps/UEDPIE_0_FirstPersonExampleMap.FirstPersonExampleMap (0.014404s)
[2019.09.24-18.18.36:167][901]LogUObjectHash: Compacting FUObjectHashTables data took   1.20ms
[2019.09.24-18.18.36:198][901]LogInit: XAudio2 using 'Speakers (USB Audio DAC   )' : 2 channels at 48 kHz using 16 bits per sample (channel mask 0x3)
[2019.09.24-18.18.36:210][901]LogInit: FAudioDevice initialized.
[2019.09.24-18.18.36:220][901]LogLoad: Game class is 'FirstPersonGameMode_C'
[2019.09.24-18.18.36:235][901]LogWorld: Bringing World /Game/FirstPersonBP/Maps/UEDPIE_0_FirstPersonExampleMap.FirstPersonExampleMap up for play (max tick rate 0) at 2019.09.24-14.18.36
[2019.09.24-18.18.36:235][901]LogWorld: Bringing up level for play took: 0.001848
[2019.09.24-18.18.36:236][901]LogOnline: OSS: Creating online subsystem instance for: :Context_3
[2019.09.24-18.18.36:289][901]LogContentBrowser: Native class hierarchy updated for 'MovieSceneCapture' in 0.0003 seconds. Added 20 classes and 0 folders.
[2019.09.24-18.18.36:289][901]PIE: Play in editor start time for /Game/FirstPersonBP/Maps/UEDPIE_0_FirstPersonExampleMap -0.211
[2019.09.24-18.18.36:289][901]LogBlueprintUserMessages: Late PlayInEditor Detection: Level '/Game/FirstPersonBP/Maps/FirstPersonExampleMap.FirstPersonExampleMap:PersistentLevel' has LevelScriptBlueprint '/Game/FirstPersonBP/Maps/FirstPersonExampleMap.FirstPersonExampleMap:PersistentLevel.FirstPersonExampleMap' with GeneratedClass '/Game/FirstPersonBP/Maps/FirstPersonExampleMap.FirstPersonExampleMap_C' with ClassGeneratedBy '/Game/FirstPersonBP/Maps/FirstPersonExampleMap.FirstPersonExampleMap:PersistentLevel.FirstPersonExampleMap'
[2019.09.24-18.19.21:520][309]LogBlueprintUserMessages: Early EndPlayMap Detection: Level '/Game/FirstPersonBP/Maps/FirstPersonExampleMap.FirstPersonExampleMap:PersistentLevel' has LevelScriptBlueprint '/Game/FirstPersonBP/Maps/FirstPersonExampleMap.FirstPersonExampleMap:PersistentLevel.FirstPersonExampleMap' with GeneratedClass '/Game/FirstPersonBP/Maps/FirstPersonExampleMap.FirstPersonExampleMap_C' with ClassGeneratedBy '/Game/FirstPersonBP/Maps/FirstPersonExampleMap.FirstPersonExampleMap:PersistentLevel.FirstPersonExampleMap'
[2019.09.24-18.19.21:520][309]LogSlate: Updating window title bar state: overlay mode, drag disabled, window buttons hidden, title bar hidden
[2019.09.24-18.19.21:520][309]LogWorld: BeginTearingDown for /Game/FirstPersonBP/Maps/UEDPIE_0_FirstPersonExampleMap
[2019.09.24-18.19.21:520][309]LogWorld: UWorld::CleanupWorld for FirstPersonExampleMap, bSessionEnded=true, bCleanupResources=true
[2019.09.24-18.19.21:526][309]LogPlayLevel: Display: Shutting down PIE online subsystems
[2019.09.24-18.19.21:526][309]LogBlueprintUserMessages: Late EndPlayMap Detection: Level '/Game/FirstPersonBP/Maps/FirstPersonExampleMap.FirstPersonExampleMap:PersistentLevel' has LevelScriptBlueprint '/Game/FirstPersonBP/Maps/FirstPersonExampleMap.FirstPersonExampleMap:PersistentLevel.FirstPersonExampleMap' with GeneratedClass '/Game/FirstPersonBP/Maps/FirstPersonExampleMap.FirstPersonExampleMap_C' with ClassGeneratedBy '/Game/FirstPersonBP/Maps/FirstPersonExampleMap.FirstPersonExampleMap:PersistentLevel.FirstPersonExampleMap'
[2019.09.24-18.19.21:552][309]LogSlate: Updating window title bar state: overlay mode, drag disabled, window buttons hidden, title bar hidden
[2019.09.24-18.19.21:555][309]LogUObjectHash: Compacting FUObjectHashTables data took   1.43ms
[2019.09.24-18.19.21:619][315]LogPlayLevel: Display: Destroying online subsystem :Context_3
[2019.09.24-18.19.56:937][868]LogSlate: Took 0.000189 seconds to synchronously load lazily loaded font '../../../Engine/Content/Slate/Fonts/Roboto-Light.ttf' (167K)
[2019.09.24-18.21.12:063][ 93]LogSlate: FSceneViewport::OnFocusLost() reason 5
[2019.09.24-18.27.44:605][993]Cmd: CLOSE_SLATE_MAINFRAME
[2019.09.24-18.27.44:622][993]LogUObjectHash: Compacting FUObjectHashTables data took   0.69ms
[2019.09.24-18.27.44:640][993]LogSlate: Window 'JonesEscape - Unreal Editor' being destroyed
[2019.09.24-18.27.44:942][994]Cmd: QUIT_EDITOR
[2019.09.24-18.27.45:691][994]LogWindowsTextInputMethodSystem: Display: IME system now deactivated.
[2019.09.24-18.27.45:701][994]LogExit: Preparing to exit.
[2019.09.24-18.27.45:896][994]LogWorld: UWorld::CleanupWorld for World_1, bSessionEnded=true, bCleanupResources=true
[2019.09.24-18.27.45:896][994]LogWorld: UWorld::CleanupWorld for World_0, bSessionEnded=true, bCleanupResources=true
[2019.09.24-18.27.45:903][994]LogDemo: Cleaned up 0 splitscreen connections with owner deletion
[2019.09.24-18.27.45:909][994]LogWorld: UWorld::CleanupWorld for None, bSessionEnded=true, bCleanupResources=true
[2019.09.24-18.27.45:909][994]LogExit: Editor shut down
[2019.09.24-18.27.45:910][994]LogExit: Transaction tracking system shut down
[2019.09.24-18.27.46:077][994]LogExit: Object subsystem successfully closed.
[2019.09.24-18.27.46:100][994]LogShaderCompilers: Display: Shaders left to compile 0
[2019.09.24-18.27.46:128][994]LogModuleManager: Shutting down and abandoning module MovieSceneCapture (672)
[2019.09.24-18.27.46:128][994]LogModuleManager: Shutting down and abandoning module Voice (670)
[2019.09.24-18.27.46:128][994]LogModuleManager: Shutting down and abandoning module HierarchicalLODOutliner (668)
[2019.09.24-18.27.46:128][994]LogModuleManager: Shutting down and abandoning module SceneOutliner (666)
[2019.09.24-18.27.46:128][994]LogModuleManager: Shutting down and abandoning module AddContentDialog (664)
[2019.09.24-18.27.46:128][994]LogModuleManager: Shutting down and abandoning module WidgetCarousel (663)
[2019.09.24-18.27.46:128][994]LogModuleManager: Shutting down and abandoning module EditorWidgets (660)
[2019.09.24-18.27.46:128][994]LogModuleManager: Shutting down and abandoning module CollectionManager (658)
[2019.09.24-18.27.46:129][994]LogModuleManager: Shutting down and abandoning module StatsViewer (656)
[2019.09.24-18.27.46:129][994]LogModuleManager: Shutting down and abandoning module VirtualTexturingEditor (654)
[2019.09.24-18.27.46:129][994]LogModuleManager: Shutting down and abandoning module FoliageEdit (652)
[2019.09.24-18.27.46:129][994]LogModuleManager: Shutting down and abandoning module LandscapeEditor (650)
[2019.09.24-18.27.46:129][994]LogModuleManager: Shutting down and abandoning module MeshPaintMode (648)
[2019.09.24-18.27.46:129][994]LogModuleManager: Shutting down and abandoning module SceneDepthPickerMode (646)
[2019.09.24-18.27.46:129][994]LogModuleManager: Shutting down and abandoning module ActorPickerMode (644)
[2019.09.24-18.27.46:129][994]LogModuleManager: Shutting down and abandoning module GeometryMode (642)
[2019.09.24-18.27.46:129][994]LogModuleManager: Shutting down and abandoning module TextureAlignMode (640)
[2019.09.24-18.27.46:129][994]LogModuleManager: Shutting down and abandoning module BspMode (638)
[2019.09.24-18.27.46:129][994]LogModuleManager: Shutting down and abandoning module PIEPreviewDeviceProfileSelector (636)
[2019.09.24-18.27.46:129][994]LogModuleManager: Shutting down and abandoning module SequenceRecorderSections (634)
[2019.09.24-18.27.46:129][994]LogModuleManager: Shutting down and abandoning module AutomationWorker (632)
[2019.09.24-18.27.46:129][994]LogModuleManager: Shutting down and abandoning module OculusMR (630)
[2019.09.24-18.27.46:129][994]LogModuleManager: Shutting down and abandoning module AudioCaptureEditor (628)
[2019.09.24-18.27.46:129][994]LogModuleManager: Shutting down and abandoning module MatineeToLevelSequence (626)
[2019.09.24-18.27.46:129][994]LogModuleManager: Shutting down and abandoning module LevelSequenceEditor (624)
[2019.09.24-18.27.46:129][994]LogModuleManager: Shutting down and abandoning module PlacementMode (623)
[2019.09.24-18.27.46:129][994]LogModuleManager: Shutting down and abandoning module MaterialEditor (622)
[2019.09.24-18.27.46:129][994]LogModuleManager: Shutting down and abandoning module ActorSequenceEditor (618)
[2019.09.24-18.27.46:129][994]LogModuleManager: Shutting down and abandoning module WmfMediaFactory (616)
[2019.09.24-18.27.46:129][994]LogModuleManager: Shutting down and abandoning module WmfMediaEditor (614)
[2019.09.24-18.27.46:129][994]LogModuleManager: Shutting down and abandoning module WebMMediaFactory (612)
[2019.09.24-18.27.46:129][994]LogModuleManager: Shutting down and abandoning module WebMMediaEditor (610)
[2019.09.24-18.27.46:129][994]LogModuleManager: Shutting down and abandoning module WebMMedia (608)
[2019.09.24-18.27.46:129][994]LogModuleManager: Shutting down and abandoning module MediaPlayerEditor (606)
[2019.09.24-18.27.46:129][994]LogModuleManager: Shutting down and abandoning module MediaCompositingEditor (604)
[2019.09.24-18.27.46:129][994]LogModuleManager: Shutting down and abandoning module SequenceRecorder (603)
[2019.09.24-18.27.46:129][994]LogModuleManager: Shutting down and abandoning module OpenExrWrapper (600)
[2019.09.24-18.27.46:129][994]LogModuleManager: Shutting down and abandoning module ImgMediaFactory (598)
[2019.09.24-18.27.46:129][994]LogModuleManager: Shutting down and abandoning module ImgMediaEditor (596)
[2019.09.24-18.27.46:129][994]LogModuleManager: Shutting down and abandoning module AvfMediaFactory (594)
[2019.09.24-18.27.46:129][994]LogModuleManager: Shutting down and abandoning module AvfMediaEditor (592)
[2019.09.24-18.27.46:129][994]LogModuleManager: Shutting down and abandoning module AndroidMediaFactory (590)
[2019.09.24-18.27.46:129][994]LogModuleManager: Shutting down and abandoning module AndroidMediaEditor (588)
[2019.09.24-18.27.46:129][994]LogModuleManager: Shutting down and abandoning module MagicLeapCameraPreviewFactory (586)
[2019.09.24-18.27.46:129][994]LogModuleManager: Shutting down and abandoning module MagicLeapMediaCodecFactory (584)
[2019.09.24-18.27.46:129][994]LogModuleManager: Shutting down and abandoning module MagicLeapMediaFactory (582)
[2019.09.24-18.27.46:129][994]LogModuleManager: Shutting down and abandoning module MagicLeapMediaEditor (580)
[2019.09.24-18.27.46:129][994]LogModuleManager: Shutting down and abandoning module CharacterAI (578)
[2019.09.24-18.27.46:129][994]LogModuleManager: Shutting down and abandoning module SmartSnapping (576)
[2019.09.24-18.27.46:129][994]LogModuleManager: Shutting down and abandoning module SessionServices (574)
[2019.09.24-18.27.46:129][994]LogModuleManager: Shutting down and abandoning module MeshPaint (572)
[2019.09.24-18.27.46:129][994]LogModuleManager: Shutting down and abandoning module ViewportSnapping (570)
[2019.09.24-18.27.46:129][994]LogModuleManager: Shutting down and abandoning module ViewportInteraction (568)
[2019.09.24-18.27.46:129][994]LogModuleManager: Shutting down and abandoning module ClothPainter (566)
[2019.09.24-18.27.46:129][994]LogModuleManager: Shutting down and abandoning module SkeletalMeshEditor (565)
[2019.09.24-18.27.46:129][994]LogModuleManager: Shutting down and abandoning module LogVisualizer (562)
[2019.09.24-18.27.46:129][994]LogModuleManager: Shutting down and abandoning module IntroTutorials (560)
[2019.09.24-18.27.46:129][994]LogModuleManager: Shutting down and abandoning module GameProjectGeneration (559)
[2019.09.24-18.27.46:129][994]LogModuleManager: Shutting down and abandoning module LuminPlatformEditor (556)
[2019.09.24-18.27.46:130][994]LogModuleManager: Shutting down and abandoning module IOSPlatformEditor (554)
[2019.09.24-18.27.46:130][994]LogModuleManager: Shutting down and abandoning module HTML5PlatformEditor (552)
[2019.09.24-18.27.46:130][994]LogModuleManager: Shutting down and abandoning module AndroidPlatformEditor (550)
[2019.09.24-18.27.46:130][994]LogModuleManager: Shutting down and abandoning module AndroidDeviceDetection (549)
[2019.09.24-18.27.46:780][994]LogModuleManager: Shutting down and abandoning module WindowsPlatformEditor (546)
[2019.09.24-18.27.46:780][994]LogModuleManager: Shutting down and abandoning module LuminRuntimeSettings (544)
[2019.09.24-18.27.46:780][994]LogModuleManager: Shutting down and abandoning module IOSRuntimeSettings (542)
[2019.09.24-18.27.46:780][994]LogModuleManager: Shutting down and abandoning module AndroidRuntimeSettings (540)
[2019.09.24-18.27.46:780][994]LogModuleManager: Shutting down and abandoning module TimeManagementEditor (538)
[2019.09.24-18.27.46:780][994]LogModuleManager: Shutting down and abandoning module InputBindingEditor (536)
[2019.09.24-18.27.46:780][994]LogModuleManager: Shutting down and abandoning module MergeActors (534)
[2019.09.24-18.27.46:780][994]LogModuleManager: Shutting down and abandoning module LocalizationDashboard (532)
[2019.09.24-18.27.46:780][994]LogModuleManager: Shutting down and abandoning module LocalizationService (531)
[2019.09.24-18.27.46:780][994]LogModuleManager: Shutting down and abandoning module HardwareTargeting (528)
[2019.09.24-18.27.46:780][994]LogModuleManager: Shutting down and abandoning module DeviceProfileEditor (526)
[2019.09.24-18.27.46:780][994]LogModuleManager: Shutting down and abandoning module UndoHistory (524)
[2019.09.24-18.27.46:780][994]LogModuleManager: Shutting down and abandoning module XmlParser (522)
[2019.09.24-18.27.46:780][994]LogModuleManager: Shutting down and abandoning module Blutility (520)
[2019.09.24-18.27.46:780][994]LogModuleManager: Shutting down and abandoning module ProjectSettingsViewer (518)
[2019.09.24-18.27.46:780][994]LogModuleManager: Shutting down and abandoning module ProjectTargetPlatformEditor (517)
[2019.09.24-18.27.46:781][994]LogModuleManager: Shutting down and abandoning module EditorSettingsViewer (514)
[2019.09.24-18.27.46:781][994]LogModuleManager: Shutting down and abandoning module SettingsEditor (512)
[2019.09.24-18.27.46:781][994]LogModuleManager: Shutting down and abandoning module ProjectLauncher (510)
[2019.09.24-18.27.46:781][994]LogModuleManager: Shutting down and abandoning module SessionFrontend (508)
[2019.09.24-18.27.46:781][994]LogModuleManager: Shutting down and abandoning module ProfilerClient (506)
[2019.09.24-18.27.46:781][994]LogModuleManager: Shutting down and abandoning module DeviceManager (504)
[2019.09.24-18.27.46:781][994]LogModuleManager: Shutting down and abandoning module TargetDeviceServices (503)
[2019.09.24-18.27.46:833][994]LogModuleManager: Shutting down and abandoning module AutomationController (500)
[2019.09.24-18.27.46:833][994]LogModuleManager: Shutting down and abandoning module AutomationWindow (498)
[2019.09.24-18.27.46:833][994]LogModuleManager: Shutting down and abandoning module Layers (496)
[2019.09.24-18.27.46:833][994]LogModuleManager: Shutting down and abandoning module ComponentVisualizers (494)
[2019.09.24-18.27.46:833][994]LogModuleManager: Shutting down and abandoning module DetailCustomizations (492)
[2019.09.24-18.27.46:833][994]LogModuleManager: Shutting down and abandoning module PackagesDialog (490)
[2019.09.24-18.27.46:833][994]LogModuleManager: Shutting down and abandoning module AnimationBlueprintEditor (488)
[2019.09.24-18.27.46:833][994]LogModuleManager: Shutting down and abandoning module Persona (486)
[2019.09.24-18.27.46:833][994]LogModuleManager: Shutting down and abandoning module AdvancedPreviewScene (485)
[2019.09.24-18.27.46:833][994]LogModuleManager: Shutting down and abandoning module AnimGraph (483)
[2019.09.24-18.27.46:833][994]LogModuleManager: Shutting down and abandoning module Kismet (480)
[2019.09.24-18.27.46:833][994]LogModuleManager: Shutting down and abandoning module KismetWidgets (479)
[2019.09.24-18.27.46:833][994]LogModuleManager: Shutting down and abandoning module GraphEditor (476)
[2019.09.24-18.27.46:833][994]LogModuleManager: Shutting down and abandoning module StructViewer (474)
[2019.09.24-18.27.46:833][994]LogModuleManager: Shutting down and abandoning module ClassViewer (472)
[2019.09.24-18.27.46:833][994]LogModuleManager: Shutting down and abandoning module Toolbox (470)
[2019.09.24-18.27.46:833][994]LogModuleManager: Shutting down and abandoning module ModuleUI (468)
[2019.09.24-18.27.46:833][994]LogModuleManager: Shutting down and abandoning module MovieSceneTools (466)
[2019.09.24-18.27.46:833][994]LogModuleManager: Shutting down and abandoning module OutputLog (464)
[2019.09.24-18.27.46:833][994]LogModuleManager: Shutting down and abandoning module GammaUI (462)
[2019.09.24-18.27.46:833][994]LogModuleManager: Shutting down and abandoning module Documentation (460)
[2019.09.24-18.27.46:833][994]LogModuleManager: Shutting down and abandoning module LiveCoding (458)
[2019.09.24-18.27.46:834][994]LogModuleManager: Shutting down and abandoning module LevelSequence (456)
[2019.09.24-18.27.46:834][994]LogModuleManager: Shutting down and abandoning module MovieSceneTracks (454)
[2019.09.24-18.27.46:834][994]LogModuleManager: Shutting down and abandoning module MovieScene (452)
[2019.09.24-18.27.46:834][994]LogModuleManager: Shutting down and abandoning module StreamingPauseRendering (450)
[2019.09.24-18.27.46:834][994]LogModuleManager: Shutting down and abandoning module LauncherPlatform (448)
[2019.09.24-18.27.46:834][994]LogModuleManager: Shutting down and abandoning module AnalyticsET (446)
[2019.09.24-18.27.46:834][994]LogModuleManager: Shutting down and abandoning module PortalServices (444)
[2019.09.24-18.27.46:834][994]LogModuleManager: Shutting down and abandoning module PortalRpc (442)
[2019.09.24-18.27.46:834][994]LogModuleManager: Shutting down and abandoning module MessagingRpc (440)
[2019.09.24-18.27.46:834][994]LogModuleManager: Shutting down and abandoning module AIModule (438)
[2019.09.24-18.27.46:834][994]LogModuleManager: Shutting down and abandoning module GameplayDebugger (437)
[2019.09.24-18.27.46:834][994]LogModuleManager: Shutting down and abandoning module AITestSuite (435)
[2019.09.24-18.27.46:834][994]LogModuleManager: Shutting down and abandoning module NavigationSystem (433)
[2019.09.24-18.27.46:834][994]LogModuleManager: Shutting down and abandoning module DesktopPlatform (430)
[2019.09.24-18.27.46:834][994]LogModuleManager: Shutting down and abandoning module ImageWriteQueue (428)
[2019.09.24-18.27.46:836][994]LogModuleManager: Shutting down and abandoning module ProfilerService (426)
[2019.09.24-18.27.46:924][994]LogModuleManager: Shutting down and abandoning module TaskGraph (424)
[2019.09.24-18.27.46:924][994]LogModuleManager: Shutting down and abandoning module ScreenshotTools (422)
[2019.09.24-18.27.46:924][994]LogModuleManager: Shutting down and abandoning module SteamVRController (420)
[2019.09.24-18.27.46:924][994]LogModuleManager: Shutting down and abandoning module ProceduralMeshComponentEditor (418)
[2019.09.24-18.27.46:924][994]LogModuleManager: Shutting down and abandoning module ProceduralMeshComponent (416)
[2019.09.24-18.27.46:924][994]LogModuleManager: Shutting down and abandoning module OculusEditor (414)
[2019.09.24-18.27.46:924][994]LogModuleManager: Shutting down and abandoning module OculusInput (412)
[2019.09.24-18.27.46:924][994]LogModuleManager: Shutting down and abandoning module MobilePatchingUtils (410)
[2019.09.24-18.27.46:924][994]LogModuleManager: Shutting down and abandoning module EditableMesh (408)
[2019.09.24-18.27.46:924][994]LogModuleManager: Shutting down and abandoning module CustomMeshComponent (406)
[2019.09.24-18.27.46:924][994]LogModuleManager: Shutting down and abandoning module CableComponent (404)
[2019.09.24-18.27.46:924][994]LogModuleManager: Shutting down and abandoning module AudioCapture (402)
[2019.09.24-18.27.46:924][994]LogModuleManager: Shutting down and abandoning module ArchVisCharacter (400)
[2019.09.24-18.27.46:924][994]LogModuleManager: Shutting down and abandoning module AppleImageUtilsBlueprintSupport (398)
[2019.09.24-18.27.46:924][994]LogModuleManager: Shutting down and abandoning module AppleImageUtils (396)
[2019.09.24-18.27.46:924][994]LogModuleManager: Shutting down and abandoning module AndroidPermission (394)
[2019.09.24-18.27.46:924][994]LogModuleManager: Shutting down and abandoning module NUTUnrealEngine4 (392)
[2019.09.24-18.27.46:924][994]LogModuleManager: Shutting down and abandoning module NetcodeUnitTest (390)
[2019.09.24-18.27.46:925][994]LogModuleManager: Shutting down and abandoning module MediaCompositing (388)
[2019.09.24-18.27.46:925][994]LogModuleManager: Shutting down and abandoning module ImgMedia (386)
[2019.09.24-18.27.46:925][994]LogModuleManager: Shutting down and abandoning module MagicLeapHelperVulkan (384)
[2019.09.24-18.27.46:925][994]LogModuleManager: Shutting down and abandoning module MagicLeapHelperOpenGL (382)
[2019.09.24-18.27.46:925][994]LogModuleManager: Shutting down and abandoning module MagicLeapAudio (380)
[2019.09.24-18.27.46:925][994]LogModuleManager: Shutting down and abandoning module HTML5Networking (378)
[2019.09.24-18.27.46:925][994]LogModuleManager: Shutting down and abandoning module GeometryCacheTracks (376)
[2019.09.24-18.27.46:925][994]LogModuleManager: Shutting down and abandoning module GeometryCacheSequencer (374)
[2019.09.24-18.27.46:925][994]LogModuleManager: Shutting down and abandoning module BackChannel (372)
[2019.09.24-18.27.46:925][994]LogModuleManager: Shutting down and abandoning module AutomationUtilsEditor (370)
[2019.09.24-18.27.46:925][994]LogModuleManager: Shutting down and abandoning module AutomationUtils (368)
[2019.09.24-18.27.46:925][994]LogModuleManager: Shutting down and abandoning module AlembicImporter (366)
[2019.09.24-18.27.46:925][994]LogModuleManager: Shutting down and abandoning module AlembicLibrary (365)
[2019.09.24-18.27.46:925][994]LogModuleManager: Shutting down and abandoning module GeometryCache (364)
[2019.09.24-18.27.46:925][994]LogModuleManager: Shutting down and abandoning module GeometryCacheEd (363)
[2019.09.24-18.27.46:925][994]LogModuleManager: Shutting down and abandoning module VariantManagerContent (358)
[2019.09.24-18.27.46:925][994]LogModuleManager: Shutting down and abandoning module DatasmithContentEditor (356)
[2019.09.24-18.27.46:925][994]LogModuleManager: Shutting down and abandoning module SpeedTreeImporter (354)
[2019.09.24-18.27.46:925][994]LogModuleManager: Shutting down and abandoning module PluginBrowser (352)
[2019.09.24-18.27.46:925][994]LogModuleManager: Shutting down and abandoning module MobileLauncherProfileWizard (350)
[2019.09.24-18.27.46:925][994]LogModuleManager: Shutting down and abandoning module MaterialAnalyzer (348)
[2019.09.24-18.27.46:925][994]LogModuleManager: Shutting down and abandoning module CurveEditorTools (346)
[2019.09.24-18.27.46:925][994]LogModuleManager: Shutting down and abandoning module CurveEditor (345)
[2019.09.24-18.27.46:925][994]LogModuleManager: Shutting down and abandoning module CryptoKeysOpenSSL (342)
[2019.09.24-18.27.46:925][994]LogModuleManager: Shutting down and abandoning module CryptoKeys (340)
[2019.09.24-18.27.46:925][994]LogModuleManager: Shutting down and abandoning module VisualStudioSourceCodeAccess (338)
[2019.09.24-18.27.46:925][994]LogModuleManager: Shutting down and abandoning module VisualStudioCodeSourceCodeAccess (336)
[2019.09.24-18.27.46:925][994]LogModuleManager: Shutting down and abandoning module UObjectPlugin (334)
[2019.09.24-18.27.46:925][994]LogModuleManager: Shutting down and abandoning module SubversionSourceControl (332)
[2019.09.24-18.27.46:925][994]LogModuleManager: Shutting down and abandoning module PerforceSourceControl (330)
[2019.09.24-18.27.46:925][994]LogModuleManager: Shutting down and abandoning module GitSourceControl (328)
[2019.09.24-18.27.46:925][994]LogModuleManager: Shutting down and abandoning module SourceControl (327)
[2019.09.24-18.27.46:925][994]LogModuleManager: Shutting down and abandoning module CLionSourceCodeAccess (324)
[2019.09.24-18.27.46:925][994]LogModuleManager: Shutting down and abandoning module AnimationSharingEd (322)
[2019.09.24-18.27.46:925][994]LogModuleManager: Shutting down and abandoning module ActorLayerUtilitiesEditor (320)
[2019.09.24-18.27.46:925][994]LogModuleManager: Shutting down and abandoning module ActorLayerUtilities (318)
[2019.09.24-18.27.46:925][994]LogModuleManager: Shutting down and abandoning module LightPropagationVolumeEditor (316)
[2019.09.24-18.27.46:925][994]LogModuleManager: Shutting down and abandoning module PaperTiledImporter (314)
[2019.09.24-18.27.46:925][994]LogModuleManager: Shutting down and abandoning module PaperSpriteSheetImporter (312)
[2019.09.24-18.27.46:925][994]LogModuleManager: Shutting down and abandoning module Paper2DEditor (310)
[2019.09.24-18.27.46:925][994]LogModuleManager: Shutting down and abandoning module SignificanceManager (308)
[2019.09.24-18.27.46:925][994]LogModuleManager: Shutting down and abandoning module RuntimePhysXCooking (306)
[2019.09.24-18.27.46:925][994]LogModuleManager: Shutting down and abandoning module PhysXVehiclesEditor (304)
[2019.09.24-18.27.46:925][994]LogModuleManager: Shutting down and abandoning module LocationServicesBPLibrary (300)
[2019.09.24-18.27.46:925][994]LogModuleManager: Shutting down and abandoning module ActorSequence (298)
[2019.09.24-18.27.46:925][994]LogModuleManager: Shutting down and abandoning module UdpMessaging (296)
[2019.09.24-18.27.47:027][994]LogModuleManager: Shutting down and abandoning module TcpMessaging (294)
[2019.09.24-18.27.47:127][994]LogModuleManager: Shutting down and abandoning module MagicLeapIdentity (292)
[2019.09.24-18.27.47:127][994]LogModuleManager: Shutting down and abandoning module MagicLeapSecureStorage (290)
[2019.09.24-18.27.47:127][994]LogModuleManager: Shutting down and abandoning module MagicLeapHandTracking (288)
[2019.09.24-18.27.47:127][994]LogModuleManager: Shutting down and abandoning module MagicLeapEyeTracker (286)
[2019.09.24-18.27.47:127][994]LogModuleManager: Shutting down and abandoning module MagicLeapController (284)
[2019.09.24-18.27.47:127][994]LogSlate: Slate User Destroyed.  User Index 0, Is Virtual User: 0
[2019.09.24-18.27.47:127][994]LogModuleManager: Shutting down and abandoning module MagicLeapAR (282)
[2019.09.24-18.27.47:127][994]LogModuleManager: Shutting down and abandoning module AugmentedReality (281)
[2019.09.24-18.27.47:127][994]LogModuleManager: Shutting down and abandoning module GameplayTagsEditor (278)
[2019.09.24-18.27.47:127][994]LogModuleManager: Shutting down and abandoning module FacialAnimationEditor (276)
[2019.09.24-18.27.47:127][994]LogModuleManager: Shutting down and abandoning module FacialAnimation (274)
[2019.09.24-18.27.47:127][994]LogModuleManager: Shutting down and abandoning module DataValidation (272)
[2019.09.24-18.27.47:127][994]LogModuleManager: Shutting down and abandoning module AssetManagerEditor (270)
[2019.09.24-18.27.47:127][994]LogModuleManager: Shutting down and abandoning module LevelEditor (269)
[2019.09.24-18.27.47:127][994]LogModuleManager: Shutting down and abandoning module PixelInspectorModule (268)
[2019.09.24-18.27.47:127][994]LogModuleManager: Shutting down and abandoning module CommonMenuExtensions (266)
[2019.09.24-18.27.47:127][994]LogModuleManager: Shutting down and abandoning module MainFrame (264)
[2019.09.24-18.27.47:128][994]LogModuleManager: Shutting down and abandoning module HotReload (263)
[2019.09.24-18.27.47:128][994]LogModuleManager: Shutting down and abandoning module ContentBrowser (259)
[2019.09.24-18.27.47:128][994]LogModuleManager: Shutting down and abandoning module TreeMap (257)
[2019.09.24-18.27.47:128][994]LogModuleManager: Shutting down and abandoning module AnimationSharing (254)
[2019.09.24-18.27.47:128][994]LogModuleManager: Shutting down and abandoning module LightPropagationVolumeRuntime (252)
[2019.09.24-18.27.47:128][994]LogModuleManager: Shutting down and abandoning module Paper2D (250)
[2019.09.24-18.27.47:128][994]LogModuleManager: Shutting down and abandoning module WindowsMoviePlayer (248)
[2019.09.24-18.27.47:130][994]LogModuleManager: Shutting down and abandoning module WebMMoviePlayer (246)
[2019.09.24-18.27.47:130][994]LogModuleManager: Shutting down and abandoning module NetworkReplayStreaming (244)
[2019.09.24-18.27.47:130][994]LogModuleManager: Shutting down and abandoning module PacketHandler (242)
[2019.09.24-18.27.47:130][994]LogModuleManager: Shutting down and abandoning module ClothingSystemEditor (240)
[2019.09.24-18.27.47:130][994]LogModuleManager: Shutting down and abandoning module ClothingSystemRuntime (238)
[2019.09.24-18.27.47:130][994]LogModuleManager: Shutting down and abandoning module MediaAssets (236)
[2019.09.24-18.27.47:130][994]LogModuleManager: Shutting down and abandoning module Overlay (234)
[2019.09.24-18.27.47:130][994]LogModuleManager: Shutting down and abandoning module OverlayEditor (233)
[2019.09.24-18.27.47:130][994]LogModuleManager: Shutting down and abandoning module VREditor (230)
[2019.09.24-18.27.47:130][994]LogModuleManager: Shutting down and abandoning module StringTableEditor (228)
[2019.09.24-18.27.47:130][994]LogModuleManager: Shutting down and abandoning module GameplayTasksEditor (226)
[2019.09.24-18.27.47:130][994]LogModuleManager: Shutting down and abandoning module BehaviorTreeEditor (224)
[2019.09.24-18.27.47:130][994]LogModuleManager: Shutting down and abandoning module FunctionalTesting (222)
[2019.09.24-18.27.47:130][994]LogModuleManager: Shutting down and abandoning module CollisionAnalyzer (220)
[2019.09.24-18.27.47:130][994]LogModuleManager: Shutting down and abandoning module WorkspaceMenuStructure (219)
[2019.09.24-18.27.47:130][994]LogModuleManager: Shutting down and abandoning module UMG (216)
[2019.09.24-18.27.47:130][994]LogModuleManager: Shutting down and abandoning module UMGEditor (215)
[2019.09.24-18.27.47:130][994]LogModuleManager: Shutting down and abandoning module Sequencer (214)
[2019.09.24-18.27.47:130][994]LogModuleManager: Shutting down and abandoning module MessageLog (211)
[2019.09.24-18.27.47:130][994]LogModuleManager: Shutting down and abandoning module SlateReflector (206)
[2019.09.24-18.27.47:130][994]LogModuleManager: Shutting down and abandoning module Slate (204)
[2019.09.24-18.27.47:130][994]LogModuleManager: Shutting down and abandoning module LandscapeEditorUtilities (202)
[2019.09.24-18.27.47:130][994]LogModuleManager: Shutting down and abandoning module EditorStyle (200)
[2019.09.24-18.27.47:131][994]LogModuleManager: Shutting down and abandoning module UnrealEd (198)
[2019.09.24-18.27.47:131][994]LogModuleManager: Shutting down and abandoning module MRMesh (196)
[2019.09.24-18.27.47:131][994]LogModuleManager: Shutting down and abandoning module SourceCodeAccess (194)
[2019.09.24-18.27.47:131][994]LogModuleManager: Shutting down and abandoning module HeadMountedDisplay (192)
[2019.09.24-18.27.47:131][994]LogModuleManager: Shutting down and abandoning module XAudio2 (190)
[2019.09.24-18.27.47:131][994]LogModuleManager: Shutting down and abandoning module Networking (188)
[2019.09.24-18.27.47:131][994]LogModuleManager: Shutting down and abandoning module Core (186)
[2019.09.24-18.27.47:131][994]LogModuleManager: Shutting down and abandoning module KismetCompiler (184)
[2019.09.24-18.27.47:131][994]LogModuleManager: Shutting down and abandoning module MeshUtilities (182)
[2019.09.24-18.27.47:131][994]LogModuleManager: Shutting down and abandoning module MeshMergeUtilities (181)
[2019.09.24-18.27.47:131][994]LogModuleManager: Shutting down and abandoning module MeshReductionInterface (180)
[2019.09.24-18.27.47:131][994]LogModuleManager: Shutting down and abandoning module SkeletalMeshReduction (179)
[2019.09.24-18.27.47:131][994]LogModuleManager: Shutting down and abandoning module ProxyLODMeshReduction (177)
[2019.09.24-18.27.47:131][994]LogModuleManager: Shutting down and abandoning module QuadricMeshReduction (175)
[2019.09.24-18.27.47:131][994]LogModuleManager: Shutting down and abandoning module MaterialBaking (171)
[2019.09.24-18.27.47:131][994]LogModuleManager: Shutting down and abandoning module NullInstallBundleManager (166)
[2019.09.24-18.27.47:131][994]LogModuleManager: Shutting down and abandoning module DerivedDataCache (164)
[2019.09.24-18.27.47:132][994]LogDerivedDataCache: Shutdown
[2019.09.24-18.27.47:132][994]LogModuleManager: Shutting down and abandoning module XGEController (162)
[2019.09.24-18.27.47:132][994]LogModuleManager: Shutting down and abandoning module TargetPlatform (160)
[2019.09.24-18.27.47:132][994]LogModuleManager: Shutting down and abandoning module VulkanShaderFormat (159)
[2019.09.24-18.27.47:132][994]LogModuleManager: Shutting down and abandoning module ShaderFormatVectorVM (157)
[2019.09.24-18.27.47:132][994]LogModuleManager: Shutting down and abandoning module ShaderFormatOpenGL (155)
[2019.09.24-18.27.47:132][994]LogModuleManager: Shutting down and abandoning module ShaderFormatD3D (153)
[2019.09.24-18.27.47:132][994]LogModuleManager: Shutting down and abandoning module MetalShaderFormat (151)
[2019.09.24-18.27.47:132][994]LogModuleManager: Shutting down and abandoning module TextureFormatUncompressed (149)
[2019.09.24-18.27.47:132][994]LogModuleManager: Shutting down and abandoning module TextureFormatPVR (147)
[2019.09.24-18.27.47:132][994]LogModuleManager: Shutting down and abandoning module TextureFormatDXT (145)
[2019.09.24-18.27.47:132][994]LogModuleManager: Shutting down and abandoning module TextureFormatIntelISPCTexComp (143)
[2019.09.24-18.27.47:132][994]LogModuleManager: Shutting down and abandoning module TextureFormatASTC (141)
[2019.09.24-18.27.47:132][994]LogModuleManager: Shutting down and abandoning module ImageWrapper (140)
[2019.09.24-18.27.47:132][994]LogModuleManager: Shutting down and abandoning module TextureFormatAndroid (137)
[2019.09.24-18.27.47:132][994]LogModuleManager: Shutting down and abandoning module AudioFormatOpus (135)
[2019.09.24-18.27.47:132][994]LogModuleManager: Shutting down and abandoning module AudioFormatOgg (133)
[2019.09.24-18.27.47:132][994]LogModuleManager: Shutting down and abandoning module AudioFormatADPCM (131)
[2019.09.24-18.27.47:132][994]LogModuleManager: Shutting down and abandoning module LuminTargetPlatform (129)
[2019.09.24-18.27.47:132][994]LogModuleManager: Shutting down and abandoning module LinuxTargetPlatform (127)
[2019.09.24-18.27.47:132][994]LogModuleManager: Shutting down and abandoning module LinuxServerTargetPlatform (125)
[2019.09.24-18.27.47:132][994]LogModuleManager: Shutting down and abandoning module LinuxNoEditorTargetPlatform (123)
[2019.09.24-18.27.47:132][994]LogModuleManager: Shutting down and abandoning module LinuxClientTargetPlatform (121)
[2019.09.24-18.27.47:132][994]LogModuleManager: Shutting down and abandoning module TVOSTargetPlatform (119)
[2019.09.24-18.27.47:133][994]LogModuleManager: Shutting down and abandoning module Messaging (117)
[2019.09.24-18.27.47:133][994]LogModuleManager: Shutting down and abandoning module IOSTargetPlatform (115)
[2019.09.24-18.27.47:133][994]LogModuleManager: Shutting down and abandoning module HTML5TargetPlatform (113)
[2019.09.24-18.27.47:133][994]LogModuleManager: Shutting down and abandoning module AndroidTargetPlatform (111)
[2019.09.24-18.27.47:138][994]LogModuleManager: Shutting down and abandoning module WindowsTargetPlatform (109)
[2019.09.24-18.27.47:138][994]LogModuleManager: Shutting down and abandoning module WindowsServerTargetPlatform (107)
[2019.09.24-18.27.47:138][994]LogModuleManager: Shutting down and abandoning module WindowsNoEditorTargetPlatform (105)
[2019.09.24-18.27.47:138][994]LogModuleManager: Shutting down and abandoning module WindowsClientTargetPlatform (103)
[2019.09.24-18.27.47:138][994]LogModuleManager: Shutting down and abandoning module MacTargetPlatform (101)
[2019.09.24-18.27.47:138][994]LogModuleManager: Shutting down and abandoning module MacServerTargetPlatform (99)
[2019.09.24-18.27.47:138][994]LogModuleManager: Shutting down and abandoning module MacNoEditorTargetPlatform (97)
[2019.09.24-18.27.47:138][994]LogModuleManager: Shutting down and abandoning module MacClientTargetPlatform (95)
[2019.09.24-18.27.47:138][994]LogModuleManager: Shutting down and abandoning module AllDesktopTargetPlatform (93)
[2019.09.24-18.27.47:138][994]LogModuleManager: Shutting down and abandoning module InputCore (90)
[2019.09.24-18.27.47:138][994]LogModuleManager: Shutting down and abandoning module Settings (88)
[2019.09.24-18.27.47:138][994]LogModuleManager: Shutting down and abandoning module DirectoryWatcher (86)
[2019.09.24-18.27.47:138][994]LogModuleManager: Shutting down and abandoning module PhysXCooking (84)
[2019.09.24-18.27.47:138][994]LogModuleManager: Shutting down and abandoning module WindowsPlatformFeatures (82)
[2019.09.24-18.27.47:138][994]LogModuleManager: Shutting down and abandoning module GameplayMediaEncoder (81)
[2019.09.24-18.27.47:138][994]LogModuleManager: Shutting down and abandoning module SteamVR (78)
[2019.09.24-18.27.47:138][994]LogHMD: Freeing OpenVRDLLHandle.
[2019.09.24-18.27.47:138][994]LogModuleManager: Shutting down and abandoning module OculusHMD (76)
[2019.09.24-18.27.47:138][994]LogModuleManager: Shutting down and abandoning module ExampleDeviceProfileSelector (74)
[2019.09.24-18.27.47:138][994]LogModuleManager: Shutting down and abandoning module LauncherChunkInstaller (72)
[2019.09.24-18.27.47:138][994]LogModuleManager: Shutting down and abandoning module OnlineBlueprintSupport (70)
[2019.09.24-18.27.47:138][994]LogModuleManager: Shutting down and abandoning module OnlineSubsystem (66)
[2019.09.24-18.27.47:139][994]LogModuleManager: Shutting down and abandoning module XMPP (61)
[2019.09.24-18.27.47:139][994]LogModuleManager: Shutting down and abandoning module WebSockets (60)
[2019.09.24-18.27.47:164][994]LogModuleManager: Shutting down and abandoning module HTTP (57)
[2019.09.24-18.27.47:164][994]LogHttp: Display: Http module shutting down, but needs to wait on 1 outstanding Http requests:
[2019.09.24-18.27.47:164][994]LogHttp: Display: 	verb=[POST] url=[https://datarouter.ol.epicgames.com/datarouter/api/v1/public/data?SessionID=%7B3EA67037-4CFF-DB26-1766-72A660548527%7D&AppID=UEEditor.Rocket.Release&AppVersion=4.23.0-8386587%2B%2B%2BUE4%2BRelease-4.23&UserID=27c9c3814f63f154035dc9a7604b1745%7C%7C45a01713-8a2d-4501-9f86-229c8dab8199&AppEnvironment=datacollector-binary&UploadType=eteventstream] status=Processing
[2019.09.24-18.27.47:172][994]LogModuleManager: Shutting down and abandoning module SSL (56)
[2019.09.24-18.27.47:174][994]LogModuleManager: Shutting down and abandoning module WmfMedia (52)
[2019.09.24-18.27.47:174][994]LogModuleManager: Shutting down and abandoning module Media (51)
[2019.09.24-18.27.47:175][994]LogModuleManager: Shutting down and abandoning module MagicLeap (48)
[2019.09.24-18.27.47:175][994]LogModuleManager: Shutting down and abandoning module DatasmithContent (46)
[2019.09.24-18.27.47:175][994]LogModuleManager: Shutting down and abandoning module AISupportModule (44)
[2019.09.24-18.27.47:175][994]LogModuleManager: Shutting down and abandoning module PlatformCryptoOpenSSL (42)
[2019.09.24-18.27.47:175][994]LogModuleManager: Shutting down and abandoning module PlatformCrypto (40)
[2019.09.24-18.27.47:175][994]LogModuleManager: Shutting down and abandoning module AnimationModifiers (38)
[2019.09.24-18.27.47:175][994]LogModuleManager: Shutting down and abandoning module PropertyEditor (37)
[2019.09.24-18.27.47:175][994]LogModuleManager: Shutting down and abandoning module AudioEditor (34)
[2019.09.24-18.27.47:175][994]LogModuleManager: Shutting down and abandoning module TextureCompressor (32)
[2019.09.24-18.27.47:175][994]LogModuleManager: Shutting down and abandoning module RenderCore (30)
[2019.09.24-18.27.47:175][994]LogModuleManager: Shutting down and abandoning module Landscape (28)
[2019.09.24-18.27.47:175][994]LogModuleManager: Shutting down and abandoning module SlateRHIRenderer (26)
[2019.09.24-18.27.47:176][994]LogModuleManager: Shutting down and abandoning module OpenGLDrv (24)
[2019.09.24-18.27.47:176][994]LogModuleManager: Shutting down and abandoning module D3D11RHI (22)
[2019.09.24-18.27.47:176][994]LogModuleManager: Shutting down and abandoning module AnimGraphRuntime (20)
[2019.09.24-18.27.47:176][994]LogModuleManager: Shutting down and abandoning module Renderer (18)
[2019.09.24-18.27.47:176][994]LogModuleManager: Shutting down and abandoning module Engine (16)
[2019.09.24-18.27.47:176][994]LogModuleManager: Shutting down and abandoning module CoreUObject (14)
[2019.09.24-18.27.47:176][994]LogModuleManager: Shutting down and abandoning module NetworkFile (12)
[2019.09.24-18.27.47:176][994]LogModuleManager: Shutting down and abandoning module CookedIterativeFile (10)
[2019.09.24-18.27.47:176][994]LogModuleManager: Shutting down and abandoning module StreamingFile (8)
[2019.09.24-18.27.47:176][994]LogModuleManager: Shutting down and abandoning module SandboxFile (6)
[2019.09.24-18.27.47:176][994]LogModuleManager: Shutting down and abandoning module PakFile (4)
[2019.09.24-18.27.47:176][994]LogModuleManager: Shutting down and abandoning module RSA (3)
[2019.09.24-18.27.47:176][994]LogD3D11RHI: Shutdown
[2019.09.24-18.27.47:176][994]LogD3D11RHI: CleanupD3DDevice
[2019.09.24-18.27.47:177][994]LogRendererCore: FGlobalDynamicReadBuffer::Cleanup()
[2019.09.24-18.27.47:177][994]LogRendererCore: FGlobalDynamicReadBuffer::Cleanup()
[2019.09.24-18.27.47:177][994]LogRendererCore: FGlobalDynamicReadBuffer::Cleanup()
[2019.09.24-18.27.47:237][994]LogD3D11RHI: ~FD3D11DynamicRHI
[2019.09.24-18.27.47:244][994]LogExit: Exiting.
[2019.09.24-18.27.47:256][994]Log file closed, 09/24/19 14:27:47
